<?xml version="1.0" encoding="utf-8"?><testsuites name="pytest tests"><testsuite name="pytest" errors="0" failures="0" skipped="0" tests="115" time="5.014" timestamp="2026-08-21T07:23:31.831690+07:00" hostname="DESKTOP-SMT00UA"><testcase classname="tests.gold_engine_core.test_profile_manifest" name="test_manifests_are_canonical_hashed_and_component_bound" time="0.019" /><testcase classname="tests.gold_engine_core.test_profile_manifest" name="test_named_loader_has_no_empty_case_or_cross_profile_fallback[GOLDI]" time="0.004" /><testcase classname="tests.gold_engine_core.test_profile_manifest" name="test_named_loader_has_no_empty_case_or_cross_profile_fallback[GOLDM]" time="0.003" /><testcase classname="tests.gold_engine_core.test_profile_manifest" name="test_runtime_identity_rejects_cross_symbol_magic_mode_and_terminal" time="0.002" /><testcase classname="tests.gold_engine_core.test_profile_manifest" name="test_goldm_demo_requires_explicit_engineering_authority" time="0.001" /><testcase classname="tests.gold_engine_core.test_profile_manifest" name="test_profile_pair_rejects_shared_authority_namespaces" time="0.001" /><testcase classname="tests.gold_engine_core.test_profile_manifest" name="test_component_config_swap_is_rejected" time="0.003" /><testcase classname="tests.gold_engine_core.test_profile_manifest" name="test_manifest_dataclasses_are_immutable" time="0.002" /><testcase classname="tests.gold_engine_core.test_profile_manifest" name="test_unknown_or_noncanonical_manifest_keys_are_rejected" time="0.060" /><testcase classname="tests.gold_engine_core.test_profile_manifest" name="test_boundary_types_and_scalar_contracts_are_fail_closed" time="0.005" /><testcase classname="tests.gold_engine_core.test_profile_manifest" name="test_nested_contracts_reject_unknown_keys_and_unsafe_values" time="0.002" /><testcase classname="tests.gold_engine_core.test_profile_manifest" name="test_profile_specific_and_sizing_invariants_are_fail_closed" time="0.005" /><testcase classname="tests.gold_engine_core.test_profile_manifest" name="test_checksum_and_manifest_read_failures_are_rejected" time="0.082" /><testcase classname="tests.gold_engine_core.test_profile_manifest" name="test_component_read_and_fingerprint_failures_are_rejected" time="0.052" /><testcase classname="tests.gold_engine_core.test_profile_manifest" name="test_pair_and_named_loader_reject_wrong_profile_identity" time="0.110" /><testcase classname="tests.gold_engine_core.test_profile_manifest" name="test_canonical_json_rejects_non_json_values" time="0.002" /><testcase classname="tests.gold_engine_core.test_profile_sizing_tiers" name="test_engine_final_and_validation_sizing_contracts_are_identical" time="0.009" /><testcase classname="tests.gold_engine_core.test_profile_sizing_tiers" name="test_sizing_tiers_are_contiguous_at_every_declared_boundary" time="0.001" /><testcase classname="tests.gold_engine_core.test_demo_validation" name="test_demo_manifest_is_canonical_derived_and_real_authority_disabled[GOLDI]" time="0.004" /><testcase classname="tests.gold_engine_core.test_demo_validation" name="test_demo_manifest_is_canonical_derived_and_real_authority_disabled[GOLDM]" time="0.023" /><testcase classname="tests.gold_engine_core.test_demo_validation" name="test_goldi_demo_may_use_its_canonical_demo_login" time="0.004" /><testcase classname="tests.gold_engine_core.test_demo_validation" name="test_goldm_demo_rejects_real_mode_production_login_and_env_reuse" time="0.005" /><testcase classname="tests.gold_engine_core.test_demo_validation" name="test_profile_fingerprint_symbol_and_validation_id_swap_are_rejected" time="0.005" /><testcase classname="tests.gold_engine_core.test_demo_validation" name="test_demo_manifest_checksum_and_boundary_mutations_fail_closed" time="0.087" /><testcase classname="tests.gold_engine_core.test_runtime_validation" name="test_goldm_real_binding_is_read_only_and_canonical" time="0.007" /><testcase classname="tests.gold_engine_core.test_runtime_validation" name="test_goldm_read_only_binding_mutations_fail_closed[mutation0-trade mode]" time="0.009" /><testcase classname="tests.gold_engine_core.test_runtime_validation" name="test_goldm_read_only_binding_mutations_fail_closed[mutation1-access mode]" time="0.008" /><testcase classname="tests.gold_engine_core.test_runtime_validation" name="test_goldm_read_only_binding_mutations_fail_closed[mutation2-symbol]" time="0.011" /><testcase classname="tests.gold_engine_core.test_runtime_validation" name="test_goldm_read_only_binding_mutations_fail_closed[mutation3-profile ID]" time="0.007" /><testcase classname="tests.gold_engine_core.test_runtime_validation" name="test_read_only_manifest_cannot_gain_real_authority_or_subscriber_audience" time="0.010" /><testcase classname="tests.gold_engine_core.test_runtime_validation" name="test_read_only_probe_source_contains_no_order_mutation_api" time="0.002" /><testcase classname="tests.gold_engine_core.test_runtime_validation" name="test_manifest_boundary_mutations_fail_closed[mutation0-schema_version]" time="0.006" /><testcase classname="tests.gold_engine_core.test_runtime_validation" name="test_manifest_boundary_mutations_fail_closed[mutation1-validation_profile_id]" time="0.005" /><testcase classname="tests.gold_engine_core.test_runtime_validation" name="test_manifest_boundary_mutations_fail_closed[mutation2-fingerprint]" time="0.004" /><testcase classname="tests.gold_engine_core.test_runtime_validation" name="test_manifest_boundary_mutations_fail_closed[mutation3-trade mode]" time="0.003" /><testcase classname="tests.gold_engine_core.test_runtime_validation" name="test_manifest_boundary_mutations_fail_closed[mutation4-access mode]" time="0.003" /><testcase classname="tests.gold_engine_core.test_runtime_validation" name="test_manifest_boundary_mutations_fail_closed[mutation5-read-only broker]" time="0.005" /><testcase classname="tests.gold_engine_core.test_runtime_validation" name="test_manifest_boundary_mutations_fail_closed[mutation6-DEMO execution]" time="0.004" /><testcase classname="tests.gold_engine_core.test_runtime_validation" name="test_manifest_boundary_mutations_fail_closed[mutation7-environment names]" time="0.003" /><testcase classname="tests.gold_engine_core.test_runtime_validation" name="test_manifest_boundary_mutations_fail_closed[mutation8-namespaces]" time="0.003" /><testcase classname="tests.gold_engine_core.test_runtime_validation" name="test_manifest_loader_rejects_invalid_json_and_checksum" time="0.076" /><testcase classname="tests.gold_engine_core.test_runtime_validation" name="test_runtime_binding_and_derivation_boundaries_fail_closed" time="0.011" /><testcase classname="tests.gold_engine_core.test_execution" name="test_valid_execution_keeps_structural_geometry_and_uses_current_quote[BUY-GOLDI]" time="0.039" /><testcase classname="tests.gold_engine_core.test_execution" name="test_valid_execution_keeps_structural_geometry_and_uses_current_quote[BUY-GOLDM]" time="0.046" /><testcase classname="tests.gold_engine_core.test_execution" name="test_valid_execution_keeps_structural_geometry_and_uses_current_quote[SELL-GOLDI]" time="0.018" /><testcase classname="tests.gold_engine_core.test_execution" name="test_valid_execution_keeps_structural_geometry_and_uses_current_quote[SELL-GOLDM]" time="0.013" /><testcase classname="tests.gold_engine_core.test_execution" name="test_profile_policy_age_drift_spread_and_invalidation_guards" time="0.029" /><testcase classname="tests.gold_engine_core.test_execution" name="test_identity_exposure_margin_duplicate_and_broker_guards" time="0.047" /><testcase classname="tests.gold_engine_core.test_execution" name="test_broker_constraints_and_executable_geometry_reject_without_quote_chasing" time="0.023" /><testcase classname="tests.gold_engine_core.test_execution" name="test_execution_policy_is_canonical_profile_bound_and_swap_rejected" time="0.072" /><testcase classname="tests.gold_engine_core.test_execution" name="test_execution_contract_boundaries_are_strict" time="0.002" /><testcase classname="tests.gold_engine_core.test_current_behavior_corpus" name="test_required_scenarios_are_complete_and_profile_isolated" time="0.106" /><testcase classname="tests.gold_engine_core.test_current_behavior_corpus" name="test_corpus_is_causal_and_strategy_inputs_are_closed" time="0.002" /><testcase classname="tests.gold_engine_core.test_current_behavior_corpus" name="test_current_wrong_execution_behavior_is_preserved" time="0.002" /><testcase classname="tests.gold_engine_core.test_current_behavior_corpus" name="test_generator_is_byte_deterministic" time="0.258" /><testcase classname="tests.gold_engine_core.test_current_behavior_corpus" name="test_source_fingerprint_normalizes_transport_line_endings" time="0.064" /><testcase classname="tests.gold_engine_core.test_current_behavior_corpus" name="test_corpus_loader_rejects_future_transition" time="0.025" /><testcase classname="tests.gold_engine_core.test_current_behavior_corpus" name="test_corpus_loader_rejects_cross_profile_and_duplicate_writes" time="0.028" /><testcase classname="tests.gold_engine_core.test_current_behavior_corpus" name="test_corpus_loader_rejects_noncanonical_and_bad_checksum" time="0.092" /><testcase classname="tests.gold_engine_core.test_current_behavior_corpus" name="test_record_boundary_mutations_fail_closed" time="0.002" /><testcase classname="tests.gold_engine_core.test_current_behavior_corpus" name="test_scenario_definition_rejects_unknown_domain" time="0.001" /><testcase classname="tests.gold_engine_core.test_current_behavior_corpus" name="test_frozen_records_cannot_be_cross_profile_rebound" time="0.002" /><testcase classname="tests.gold_engine_core.test_causal_replay" name="test_tick_driven_replay_is_deterministic_causal_and_nontradable_during_warmup[GOLDI]" time="0.014" /><testcase classname="tests.gold_engine_core.test_causal_replay" name="test_tick_driven_replay_is_deterministic_causal_and_nontradable_during_warmup[GOLDM]" time="0.011" /><testcase classname="tests.gold_engine_core.test_causal_replay" name="test_goldi_goldm_reports_are_separate_and_profile_bound" time="0.011" /><testcase classname="tests.gold_engine_core.test_causal_replay" name="test_missing_closed_bar_wrong_profile_and_naive_timezone_fail_closed" time="0.009" /><testcase classname="tests.gold_engine_core.test_causal_replay" name="test_tick_path_uses_bid_ask_and_bar_ambiguity_is_conservative_stop_first" time="0.007" /><testcase classname="tests.gold_engine_core.test_causal_replay" name="test_no_future_path_is_not_invented" time="0.006" /><testcase classname="tests.gold_engine_core.test_causal_replay" name="test_profile_reports_rebuild_byte_identically" time="0.122" /><testcase classname="tests.gold_engine_core.test_revised_parity_vectors" name="test_revised_parity_vectors_are_complete_profile_symmetric_and_hashed" time="0.087" /><testcase classname="tests.gold_engine_core.test_revised_parity_vectors" name="test_revised_parity_vector_generator_is_byte_deterministic" time="1.260" /><testcase classname="tests.test_gold_portfolio_final" name="test_pinned_hash_accepts_crlf_only_as_transport_normalization" time="0.161" /><testcase classname="tests.test_gold_portfolio_final" name="test_final_goldi_is_tag_pinned_demo_execution" time="0.006" /><testcase classname="tests.test_gold_portfolio_final" name="test_final_goldm_is_composite_real_and_uses_aggressive_tiers" time="0.005" /><testcase classname="tests.test_gold_portfolio_final" name="test_balance_tier_boundaries_are_continuous[goldi-0.0-0.01]" time="0.008" /><testcase classname="tests.test_gold_portfolio_final" name="test_balance_tier_boundaries_are_continuous[goldi-99.99-0.01]" time="0.007" /><testcase classname="tests.test_gold_portfolio_final" name="test_balance_tier_boundaries_are_continuous[goldi-100.0-0.02]" time="0.008" /><testcase classname="tests.test_gold_portfolio_final" name="test_balance_tier_boundaries_are_continuous[goldi-199.99-0.02]" time="0.011" /><testcase classname="tests.test_gold_portfolio_final" name="test_balance_tier_boundaries_are_continuous[goldi-200.0-0.05]" time="0.008" /><testcase classname="tests.test_gold_portfolio_final" name="test_balance_tier_boundaries_are_continuous[goldi-999.99-0.05]" time="0.005" /><testcase classname="tests.test_gold_portfolio_final" name="test_balance_tier_boundaries_are_continuous[goldi-1000.0-0.1]" time="0.011" /><testcase classname="tests.test_gold_portfolio_final" name="test_balance_tier_boundaries_are_continuous[goldi-2000.0-0.2]" time="0.007" /><testcase classname="tests.test_gold_portfolio_final" name="test_balance_tier_boundaries_are_continuous[goldi-10000.0-1.0]" time="0.013" /><testcase classname="tests.test_gold_portfolio_final" name="test_balance_tier_boundaries_are_continuous[goldi-20000.0-2.0]" time="0.012" /><testcase classname="tests.test_gold_portfolio_final" name="test_balance_tier_boundaries_are_continuous[goldm-0.0-0.1]" time="0.005" /><testcase classname="tests.test_gold_portfolio_final" name="test_balance_tier_boundaries_are_continuous[goldm-9.99-0.1]" time="0.011" /><testcase classname="tests.test_gold_portfolio_final" name="test_balance_tier_boundaries_are_continuous[goldm-10.0-0.2]" time="0.006" /><testcase classname="tests.test_gold_portfolio_final" name="test_balance_tier_boundaries_are_continuous[goldm-30.0-0.5]" time="0.013" /><testcase classname="tests.test_gold_portfolio_final" name="test_balance_tier_boundaries_are_continuous[goldm-50.0-1.0]" time="0.020" /><testcase classname="tests.test_gold_portfolio_final" name="test_balance_tier_boundaries_are_continuous[goldm-100.0-2.0]" time="0.011" /><testcase classname="tests.test_gold_portfolio_final" name="test_balance_tier_boundaries_are_continuous[goldm-200.0-5.0]" time="0.007" /><testcase classname="tests.test_gold_portfolio_final" name="test_balance_tier_boundaries_are_continuous[goldm-1000.0-10.0]" time="0.007" /><testcase classname="tests.test_gold_portfolio_final" name="test_balance_tier_boundaries_are_continuous[goldm-2000.0-20.0]" time="0.008" /><testcase classname="tests.test_gold_portfolio_final" name="test_balance_tier_boundaries_are_continuous[goldm-9999.99-20.0]" time="0.006" /><testcase classname="tests.test_gold_portfolio_final" name="test_balance_tier_boundaries_are_continuous[goldm-10000.0-100.0]" time="0.008" /><testcase classname="tests.test_gold_portfolio_final" name="test_real_executor_reads_shared_balance_and_sends_one_checked_order" time="0.013" /><testcase classname="tests.test_gold_portfolio_final" name="test_goldi_demo_executor_places_order_at_locked_adaptive_lot" time="0.011" /><testcase classname="tests.test_gold_portfolio_final" name="test_executor_rejects_stale_drift_broker_check_and_duplicate_without_send" time="0.010" /><testcase classname="tests.test_gold_portfolio_final" name="test_worker_builds_profile_owned_versioned_execution_plan[goldi-DemoFakeMt5-BUY-volume0]" time="0.012" /><testcase classname="tests.test_gold_portfolio_final" name="test_worker_builds_profile_owned_versioned_execution_plan[goldm-FakeMt5-SELL-volume1]" time="0.011" /><testcase classname="tests.test_gold_portfolio_final" name="test_goldi_subscribers_receive_entries_but_goldm_remains_admin_only" time="0.061" /><testcase classname="tests.test_gold_portfolio_final" name="test_watch_is_internal_bounded_and_never_notifies_or_sends_order" time="0.058" /><testcase classname="tests.test_gold_portfolio_final" name="test_bear_watch_reports_m5_preparation_without_entry" time="0.036" /><testcase classname="tests.test_gold_portfolio_final" name="test_final_entry_sends_one_human_readable_message" time="0.044" /><testcase classname="tests.test_gold_portfolio_final" name="test_worker_audit_rotation_is_storage_bounded" time="0.094" /><testcase classname="tests.test_gold_portfolio_final" name="test_closed_position_result_includes_total_pl_and_balance" time="0.006" /><testcase classname="tests.test_gold_portfolio_final" name="test_worker_sends_close_lifecycle_with_rr_duration_and_balance" time="0.043" /><testcase classname="tests.mql5.test_g11_runtime_skeleton" name="test_profile_entrypoint_is_thin_strict_and_single_macro[GOLDI-BUILD_PROFILE_GOLDI-GoldEngine-GOLDi.mq5]" time="0.003" /><testcase classname="tests.mql5.test_g11_runtime_skeleton" name="test_profile_entrypoint_is_thin_strict_and_single_macro[GOLDM-BUILD_PROFILE_GOLDM-GoldEngine-GOLDm.mq5]" time="0.002" /><testcase classname="tests.mql5.test_g11_runtime_skeleton" name="test_embedded_profiles_match_canonical_manifests" time="0.006" /><testcase classname="tests.mql5.test_g11_runtime_skeleton" name="test_embedded_balance_tiers_and_resolver_match_profile_contracts" time="0.004" /><testcase classname="tests.mql5.test_g11_runtime_skeleton" name="test_runtime_declares_all_required_g11_contract_types" time="0.002" /><testcase classname="tests.mql5.test_g11_runtime_skeleton" name="test_scheduler_is_bounded_ordered_and_idempotent_by_forming_bar" time="0.002" /><testcase classname="tests.mql5.test_g11_runtime_skeleton" name="test_warmup_is_bounded_non_dispatching_and_fail_closed_on_gap" time="0.003" /><testcase classname="tests.mql5.test_g11_runtime_skeleton" name="test_g11_has_no_order_network_database_or_unbounded_tick_path" time="0.004" /></testsuite></testsuites>