<?xml version="1.0" encoding="utf-8"?><testsuites name="pytest tests"><testsuite name="pytest" errors="0" failures="0" skipped="0" tests="218" time="327.453" timestamp="2026-08-21T07:24:14.742920+07:00" hostname="DESKTOP-SMT00UA"><testcase classname="tests.test_goldm_deployment.GoldMDeploymentTests" name="test_automatic_rollback_observes_terminal_and_reproves_session" time="0.019" /><testcase classname="tests.test_goldm_deployment.GoldMDeploymentTests" name="test_backup_restore_and_handoff_are_portable_and_privately_bound" time="0.017" /><testcase classname="tests.test_goldm_deployment.GoldMDeploymentTests" name="test_broker_snapshot_binds_exact_terminal_demo_hedging_and_shutdown" time="0.053" /><testcase classname="tests.test_goldm_deployment.GoldMDeploymentTests" name="test_common_module_is_windows_powershell_5_1_compatible_and_no_bom" time="1.787" /><testcase classname="tests.test_goldm_deployment.GoldMDeploymentTests" name="test_cutover_requires_flat_book_and_handoff_artifact_is_exact" time="0.098" /><testcase classname="tests.test_goldm_deployment.GoldMDeploymentTests" name="test_database_gate_blocks_live_runtime_and_unresolved_action" time="0.206" /><testcase classname="tests.test_goldm_deployment.GoldMDeploymentTests" name="test_deployment_requires_fresh_exact_telegram_poll_readiness" time="0.225" /><testcase classname="tests.test_goldm_deployment.GoldMDeploymentTests" name="test_environment_contract_is_exact_demo_only_and_comment_safe" time="0.121" /><testcase classname="tests.test_goldm_deployment.GoldMDeploymentTests" name="test_environment_duplicate_key_is_rejected" time="0.053" /><testcase classname="tests.test_goldm_deployment.GoldMDeploymentTests" name="test_environment_rejects_portable_terminal_topology" time="0.087" /><testcase classname="tests.test_goldm_deployment.GoldMDeploymentTests" name="test_isolated_no_site_worker_flags_block_preverification_sitecustomize" time="0.664" /><testcase classname="tests.test_goldm_deployment.GoldMDeploymentTests" name="test_maintenance_cleanup_preserves_primary_error_and_seals_evidence" time="1.679" /><testcase classname="tests.test_goldm_deployment.GoldMDeploymentTests" name="test_offline_wheelhouse_requires_sealed_wheels_and_exact_hash_lock" time="0.195" /><testcase classname="tests.test_goldm_deployment.GoldMDeploymentTests" name="test_predecessor_proof_uses_action_bound_release_not_target_helper" time="0.850" /><testcase classname="tests.test_goldm_deployment.GoldMDeploymentTests" name="test_private_env_stage_is_authoritative_after_external_source_swap" time="1.044" /><testcase classname="tests.test_goldm_deployment.GoldMDeploymentTests" name="test_private_wheelhouse_stage_is_immune_to_external_swap" time="2.587" /><testcase classname="tests.test_goldm_deployment.GoldMDeploymentTests" name="test_production_contract_covers_every_material_mq5_input" time="0.023" /><testcase classname="tests.test_goldm_deployment.GoldMDeploymentTests" name="test_production_input_evidence_rejects_missing_extra_and_duplicate_fields" time="0.090" /><testcase classname="tests.test_goldm_deployment.GoldMDeploymentTests" name="test_release_tree_rejects_symlinked_directories" time="0.130" /><testcase classname="tests.test_goldm_deployment.GoldMDeploymentTests" name="test_restore_private_stage_is_immune_to_external_swap_after_copy" time="1.265" /><testcase classname="tests.test_goldm_deployment.GoldMDeploymentTests" name="test_restore_stages_external_backup_before_trust_or_use" time="0.018" /><testcase classname="tests.test_goldm_deployment.GoldMDeploymentTests" name="test_restore_task_contract_rejects_malicious_action_before_mutation" time="1.269" /><testcase classname="tests.test_goldm_deployment.GoldMDeploymentTests" name="test_runtime_session_file_is_atomic_exact_and_never_returned_in_clear" time="0.125" /><testcase classname="tests.test_goldm_deployment.GoldMDeploymentTests" name="test_runtime_session_rejects_reparse_before_creating_outside_files" time="0.048" /><testcase classname="tests.test_goldm_deployment.GoldMDeploymentTests" name="test_sealed_evidence_and_release_tree_detect_tampering" time="0.132" /><testcase classname="tests.test_goldm_deployment.GoldMDeploymentTests" name="test_session_evidence_is_exact_and_only_accepts_post_cursor_bytes" time="0.201" /><testcase classname="tests.test_goldm_deployment.GoldMDeploymentTests" name="test_session_evidence_rejects_any_production_input_or_identity_drift" time="0.085" /><testcase classname="tests.test_goldm_deployment.GoldMDeploymentTests" name="test_session_evidence_rejects_live_or_wrong_account_config" time="0.107" /><testcase classname="tests.test_goldm_deployment.GoldMDeploymentTests" name="test_session_evidence_rejects_noncanonical_symbol" time="0.099" /><testcase classname="tests.test_goldm_deployment.GoldMDeploymentTests" name="test_session_evidence_scans_rotated_utf16_log" time="0.167" /><testcase classname="tests.test_goldm_deployment.GoldMDeploymentTests" name="test_sqlite_online_backup_captures_wal_and_restore_is_hash_gated" time="0.276" /><testcase classname="tests.test_goldm_deployment.GoldMDeploymentTests" name="test_task_action_pins_manifest_digest_against_full_release_reseal" time="17.703" /><testcase classname="tests.test_goldm_deployment.GoldMDeploymentTests" name="test_windows_release_is_offline_sealed_and_interpreter_bound" time="0.018" /><testcase classname="tests.test_goldm_deployment.GoldMDeploymentTests" name="test_windows_scripts_are_fail_closed_by_construction" time="0.017" /><testcase classname="tests.test_goldm_research_dataset.GoldMResearchDatasetTests" name="test_dataset_or_manifest_tampering_is_rejected" time="0.237" /><testcase classname="tests.test_goldm_research_dataset.GoldMResearchDatasetTests" name="test_empty_warmup_and_rows_outside_half_open_end_are_rejected" time="0.191" /><testcase classname="tests.test_goldm_research_dataset.GoldMResearchDatasetTests" name="test_failed_registration_leaves_no_partial_outputs" time="0.109" /><testcase classname="tests.test_goldm_research_dataset.GoldMResearchDatasetTests" name="test_legacy_manifest_is_read_only_and_rejected_for_production" time="0.126" /><testcase classname="tests.test_goldm_research_dataset.GoldMResearchDatasetTests" name="test_registered_csv_is_hash_and_range_bound" time="0.186" /><testcase classname="tests.test_goldm_research_dataset.GoldMResearchDatasetTests" name="test_registration_copies_exact_bytes_and_never_overwrites" time="0.209" /><testcase classname="tests.test_goldm_research_dataset.GoldMResearchDatasetTests" name="test_registration_script_has_no_mt5_or_network_reader" time="0.011" /><testcase classname="tests.test_goldm_research_dataset.GoldMResearchDatasetTests" name="test_sorted_rows_and_registered_bounds_are_verified_from_csv" time="0.218" /><testcase classname="tests.test_goldm_research_dataset.GoldMResearchDatasetTests" name="test_source_evidence_and_external_authority_are_hash_bound" time="0.121" /><testcase classname="tests.test_goldm_research_dataset.GoldMResearchDatasetTests" name="test_source_symbol_reuse_and_quarantine_overlap_fail_closed" time="0.149" /><testcase classname="tests.test_goldm_research_environment.GoldMResearchEnvironmentTests" name="test_acl_and_external_trust_anchor_changes_fail_closed" time="0.161" /><testcase classname="tests.test_goldm_research_environment.GoldMResearchEnvironmentTests" name="test_assembler_copies_only_three_signed_binaries_and_never_state" time="0.142" /><testcase classname="tests.test_goldm_research_environment.GoldMResearchEnvironmentTests" name="test_binary_or_manifest_tampering_fails_closed" time="0.208" /><testcase classname="tests.test_goldm_research_environment.GoldMResearchEnvironmentTests" name="test_cli_has_no_terminal_launch_capability" time="0.027" /><testcase classname="tests.test_goldm_research_environment.GoldMResearchEnvironmentTests" name="test_failed_private_acl_validation_removes_only_partial_staging_leaf" time="0.057" /><testcase classname="tests.test_goldm_research_environment.GoldMResearchEnvironmentTests" name="test_invalid_or_mixed_signatures_and_existing_destination_are_rejected" time="0.053" /><testcase classname="tests.test_goldm_research_environment.GoldMResearchEnvironmentTests" name="test_later_verification_is_bound_to_clone_not_mutable_source_install" time="0.149" /><testcase classname="tests.test_goldm_research_environment.GoldMResearchEnvironmentTests" name="test_pristine_verifier_rejects_any_undeclared_entry" time="0.193" /><testcase classname="tests.test_goldm_research_folds.GoldMResearchFoldTests" name="test_digest_tampering_is_rejected" time="0.014" /><testcase classname="tests.test_goldm_research_folds.GoldMResearchFoldTests" name="test_empty_outside_or_missing_fold_rows_fail_closed" time="0.015" /><testcase classname="tests.test_goldm_research_folds.GoldMResearchFoldTests" name="test_gap_overlap_and_empty_fold_are_rejected" time="0.062" /><testcase classname="tests.test_goldm_research_folds.GoldMResearchFoldTests" name="test_quarantine_fold_plan_is_rejected_by_policy" time="0.032" /><testcase classname="tests.test_goldm_research_folds.GoldMResearchFoldTests" name="test_registered_folds_partition_every_row_once" time="0.012" /><testcase classname="tests.test_goldm_research_import.GoldMResearchImportTests" name="test_dataset_integer_values_must_fit_mqltick" time="0.273" /><testcase classname="tests.test_goldm_research_import.GoldMResearchImportTests" name="test_prepare_rejects_account_state_broker_bases_and_replay" time="0.635" /><testcase classname="tests.test_goldm_research_import.GoldMResearchImportTests" name="test_prepare_rejects_legacy_dataset_without_source_lineage" time="0.150" /><testcase classname="tests.test_goldm_research_import.GoldMResearchImportTests" name="test_prepare_stages_exact_hashes_but_never_launches_terminal" time="0.406" /><testcase classname="tests.test_goldm_research_import.GoldMResearchImportTests" name="test_schema2_allow_rule_is_rejected" time="0.279" /><testcase classname="tests.test_goldm_research_import.GoldMResearchImportTests" name="test_schema2_exact_firewall_structure_is_required" time="0.415" /><testcase classname="tests.test_goldm_research_import.GoldMResearchImportTests" name="test_sealing_fails_for_running_terminal_or_false_raw_receipt" time="0.457" /><testcase classname="tests.test_goldm_research_import.GoldMResearchImportTests" name="test_spec_is_self_hashed_and_sessions_are_bounded" time="0.094" /><testcase classname="tests.test_goldm_research_import.GoldMResearchImportTests" name="test_static_importer_contract_rejects_online_and_quarantine" time="0.090" /><testcase classname="tests.test_goldm_research_import.GoldMResearchImportTests" name="test_success_receipt_binds_dataset_plan_terminal_and_cache" time="0.777" /><testcase classname="tests.test_goldm_research_metrics.GoldMResearchMetricsTests" name="test_broker_cost_is_converted_from_cash_to_initial_risk_r" time="0.003" /><testcase classname="tests.test_goldm_research_metrics.GoldMResearchMetricsTests" name="test_correlated_log_produces_pooled_and_side_metrics" time="0.004" /><testcase classname="tests.test_goldm_research_metrics.GoldMResearchMetricsTests" name="test_direction_and_performance_tampering_fail_closed" time="0.003" /><testcase classname="tests.test_goldm_research_metrics.GoldMResearchMetricsTests" name="test_event_order_and_duplicate_fields_fail_closed" time="0.004" /><testcase classname="tests.test_goldm_research_metrics.GoldMResearchMetricsTests" name="test_explicit_cost_stress_is_subtracted_once_per_trade" time="0.004" /><testcase classname="tests.test_goldm_research_metrics.GoldMResearchMetricsTests" name="test_missing_duplicate_and_orphan_lifecycle_events_are_rejected" time="0.003" /><testcase classname="tests.test_goldm_research_metrics.GoldMResearchMetricsTests" name="test_moving_block_bootstrap_is_deterministic_and_validated" time="0.014" /><testcase classname="tests.test_goldm_research_metrics.GoldMResearchMetricsTests" name="test_projected_r_accepts_only_the_ea_three_decimal_rounding_envelope" time="0.003" /><testcase classname="tests.test_goldm_research_metrics.GoldMResearchMetricsTests" name="test_selection_bias_diagnostics_are_deterministic_or_blocked" time="0.065" /><testcase classname="tests.test_goldm_research_metrics.GoldMResearchMetricsTests" name="test_stale_interleaved_run_is_rejected_not_filtered" time="0.003" /><testcase classname="tests.test_goldm_research_metrics.GoldMResearchMetricsTests" name="test_zero_trade_run_is_a_valid_explicit_result" time="0.002" /><testcase classname="tests.test_goldm_research_network.GoldMResearchNetworkTests" name="test_all_embedded_windows_security_scripts_parse_without_execution" time="4.393" /><testcase classname="tests.test_goldm_research_network.GoldMResearchNetworkTests" name="test_build_and_live_reverify_exact_firewall_evidence" time="0.111" /><testcase classname="tests.test_goldm_research_network.GoldMResearchNetworkTests" name="test_missing_or_non_block_rule_is_rejected_before_evidence_write" time="0.041" /><testcase classname="tests.test_goldm_research_network.GoldMResearchNetworkTests" name="test_network_cli_has_no_research_process_launch_or_uninstall_mode" time="0.035" /><testcase classname="tests.test_goldm_research_network.GoldMResearchNetworkTests" name="test_post_write_reprobe_failure_removes_only_generated_evidence" time="0.076" /><testcase classname="tests.test_goldm_research_network.GoldMResearchNetworkTests" name="test_program_or_active_rule_drift_fails_closed" time="0.105" /><testcase classname="tests.test_goldm_research_network.GoldMResearchNetworkTests" name="test_tamper_wrong_location_and_overwrite_are_rejected" time="0.155" /><testcase classname="tests.test_goldm_research_policy.GoldMResearchPolicyTests" name="test_authorized_boundaries_are_half_open" time="0.003" /><testcase classname="tests.test_goldm_research_policy.GoldMResearchPolicyTests" name="test_candle_miner_has_no_direct_broker_history_path" time="0.002" /><testcase classname="tests.test_goldm_research_policy.GoldMResearchPolicyTests" name="test_every_quarantine_overlap_shape_is_rejected" time="0.004" /><testcase classname="tests.test_goldm_research_policy.GoldMResearchPolicyTests" name="test_every_terminal_research_runner_guards_before_process_start" time="0.008" /><testcase classname="tests.test_goldm_research_policy.GoldMResearchPolicyTests" name="test_inclusive_mt5_api_endpoint_never_reaches_exclusive_boundary" time="0.001" /><testcase classname="tests.test_goldm_research_policy.GoldMResearchPolicyTests" name="test_invalid_ranges_dates_and_purposes_fail_closed" time="0.006" /><testcase classname="tests.test_goldm_research_policy.GoldMResearchPolicyTests" name="test_labeled_ranges_cannot_escape_their_authorized_periods" time="0.005" /><testcase classname="tests.test_goldm_research_policy.GoldMResearchPolicyTests" name="test_policy_is_single_source_for_python_and_powershell_guards" time="0.002" /><testcase classname="tests.test_goldm_research_policy.GoldMResearchPolicyTests" name="test_powershell_guard_rejects_diagnostic_bypass_and_bad_classification" time="2.810" /><testcase classname="tests.test_goldm_research_policy.GoldMResearchPolicyTests" name="test_powershell_guard_rejects_quarantine_from_shared_policy" time="0.882" /><testcase classname="tests.test_goldm_research_policy.GoldMResearchPolicyTests" name="test_purpose_and_statistical_classification_cannot_disagree" time="0.001" /><testcase classname="tests.test_goldm_research_policy.GoldMResearchPolicyTests" name="test_repository_contains_no_static_executable_mt5_tester_ini" time="0.002" /><testcase classname="tests.test_goldm_research_run.GoldMResearchRunTests" name="test_cli_defaults_to_read_only_preflight" time="0.590" /><testcase classname="tests.test_goldm_research_run.GoldMResearchRunTests" name="test_dataset_and_broker_cost_sources_are_rehashed_before_probe" time="0.780" /><testcase classname="tests.test_goldm_research_run.GoldMResearchRunTests" name="test_development_single_run_execution_is_rejected_before_any_write" time="0.610" /><testcase classname="tests.test_goldm_research_run.GoldMResearchRunTests" name="test_execution_requires_schema3_custom_symbol_import_receipt" time="0.997" /><testcase classname="tests.test_goldm_research_run.GoldMResearchRunTests" name="test_existing_log_is_verified_only_from_its_append_offset" time="2.591" /><testcase classname="tests.test_goldm_research_run.GoldMResearchRunTests" name="test_imported_custom_cache_tampering_is_rejected_before_launch" time="1.038" /><testcase classname="tests.test_goldm_research_run.GoldMResearchRunTests" name="test_json_spec_loader_is_strict_and_preserves_exact_paths" time="0.661" /><testcase classname="tests.test_goldm_research_run.GoldMResearchRunTests" name="test_json_spec_rejects_implicit_primitive_type_coercion" time="0.656" /><testcase classname="tests.test_goldm_research_run.GoldMResearchRunTests" name="test_json_spec_without_explicit_terminal_data_mode_is_rejected" time="0.651" /><testcase classname="tests.test_goldm_research_run.GoldMResearchRunTests" name="test_json_spec_without_statistical_classification_is_rejected" time="0.688" /><testcase classname="tests.test_goldm_research_run.GoldMResearchRunTests" name="test_live_network_gate_fails_before_write_or_launch" time="0.942" /><testcase classname="tests.test_goldm_research_run.GoldMResearchRunTests" name="test_log_replacement_during_run_is_rejected" time="2.197" /><testcase classname="tests.test_goldm_research_run.GoldMResearchRunTests" name="test_mismatched_log_run_id_is_rejected" time="1.985" /><testcase classname="tests.test_goldm_research_run.GoldMResearchRunTests" name="test_missing_log_run_id_is_rejected" time="2.039" /><testcase classname="tests.test_goldm_research_run.GoldMResearchRunTests" name="test_missing_report_fails_and_records_failed_manifest" time="2.065" /><testcase classname="tests.test_goldm_research_run.GoldMResearchRunTests" name="test_online_history_mode_is_rejected_before_probe" time="0.579" /><testcase classname="tests.test_goldm_research_run.GoldMResearchRunTests" name="test_portable_clone_with_account_database_is_rejected_before_probe" time="0.536" /><testcase classname="tests.test_goldm_research_run.GoldMResearchRunTests" name="test_portable_probe_requires_install_directory_without_origin_file" time="0.516" /><testcase classname="tests.test_goldm_research_run.GoldMResearchRunTests" name="test_portable_spec_fails_closed_when_data_path_is_not_install_path" time="0.599" /><testcase classname="tests.test_goldm_research_run.GoldMResearchRunTests" name="test_preexisting_metrics_artifact_is_rejected_before_launch" time="1.424" /><testcase classname="tests.test_goldm_research_run.GoldMResearchRunTests" name="test_preexisting_report_is_rejected_as_stale_before_launch" time="1.445" /><testcase classname="tests.test_goldm_research_run.GoldMResearchRunTests" name="test_preflight_is_read_only_and_does_not_launch" time="1.080" /><testcase classname="tests.test_goldm_research_run.GoldMResearchRunTests" name="test_quarantine_range_is_rejected_before_probe_or_writes" time="0.570" /><testcase classname="tests.test_goldm_research_run.GoldMResearchRunTests" name="test_relative_or_noncanonical_terminal_path_is_rejected" time="0.656" /><testcase classname="tests.test_goldm_research_run.GoldMResearchRunTests" name="test_report_broker_or_requested_range_mismatch_fails_closed" time="3.721" /><testcase classname="tests.test_goldm_research_run.GoldMResearchRunTests" name="test_report_path_cannot_escape_terminal_installation_or_hide_extension" time="0.625" /><testcase classname="tests.test_goldm_research_run.GoldMResearchRunTests" name="test_report_without_expected_run_id_is_rejected" time="2.423" /><testcase classname="tests.test_goldm_research_run.GoldMResearchRunTests" name="test_run_id_contract_rejects_short_long_whitespace_and_equals" time="0.698" /><testcase classname="tests.test_goldm_research_run.GoldMResearchRunTests" name="test_runner_rejects_legacy_dataset_without_source_lineage" time="0.762" /><testcase classname="tests.test_goldm_research_run.GoldMResearchRunTests" name="test_running_or_unknown_terminal_is_never_closed_or_launched" time="1.750" /><testcase classname="tests.test_goldm_research_run.GoldMResearchRunTests" name="test_set_must_explicitly_cover_every_hashed_ea_input" time="0.898" /><testcase classname="tests.test_goldm_research_run.GoldMResearchRunTests" name="test_set_profile_mismatch_or_nonempty_run_id_is_rejected" time="2.000" /><testcase classname="tests.test_goldm_research_run.GoldMResearchRunTests" name="test_set_rejects_duplicate_unknown_and_optimization_values" time="1.534" /><testcase classname="tests.test_goldm_research_run.GoldMResearchRunTests" name="test_source_mutation_without_matching_compile_provenance_is_rejected" time="0.816" /><testcase classname="tests.test_goldm_research_run.GoldMResearchRunTests" name="test_staged_input_mutation_during_launch_is_rejected" time="2.407" /><testcase classname="tests.test_goldm_research_run.GoldMResearchRunTests" name="test_stale_report_mtime_is_rejected" time="2.238" /><testcase classname="tests.test_goldm_research_run.GoldMResearchRunTests" name="test_statistical_classification_must_match_declared_purpose" time="0.596" /><testcase classname="tests.test_goldm_research_run.GoldMResearchRunTests" name="test_terminal_build_or_exact_path_mismatch_is_rejected" time="2.349" /><testcase classname="tests.test_goldm_research_run.GoldMResearchRunTests" name="test_truncated_signal_lifecycle_cannot_be_verified" time="2.070" /><testcase classname="tests.test_goldm_research_run.GoldMResearchRunTests" name="test_utf16_mt5_report_and_log_are_correlated" time="2.575" /><testcase classname="tests.test_goldm_research_run.GoldMResearchRunTests" name="test_verified_run_manifest_is_fully_correlated_and_hashed" time="2.596" /><testcase classname="tests.test_goldm_research_run.GoldMResearchRunTests" name="test_windows_launcher_starts_once_waits_and_never_kills" time="0.588" /><testcase classname="tests.test_goldm_research_run.GoldMResearchRunTests" name="test_windows_launcher_timeout_leaves_process_untouched" time="0.609" /><testcase classname="tests.test_goldm_research_run.GoldMResearchRunTests" name="test_windows_probe_binds_exact_process_data_path_and_build" time="0.610" /><testcase classname="tests.test_goldm_research_run.GoldMResearchRunTests" name="test_windows_probe_rejects_scoped_metatester_collision" time="0.671" /><testcase classname="tests.test_goldm_research_stage_a.GoldMResearchStageATests" name="test_exact_three_by_six_matrix_is_required" time="2.310" /><testcase classname="tests.test_goldm_research_stage_a.GoldMResearchStageATests" name="test_full_evidence_passes_aggregate_gates_and_bound_a0_parity" time="62.175" /><testcase classname="tests.test_goldm_research_stage_a.GoldMResearchStageATests" name="test_gate_is_blocked_when_runs_or_baseline_evidence_are_missing" time="2.368" /><testcase classname="tests.test_goldm_research_stage_a.GoldMResearchStageATests" name="test_gate_rejects_manifest_without_protocol_provenance" time="60.600" /><testcase classname="tests.test_goldm_research_stage_a.GoldMResearchStageATests" name="test_orchestrator_uses_fake_runner_sequentially_and_records_completion" time="62.789" /><testcase classname="tests.test_goldm_research_stage_a.GoldMResearchStageATests" name="test_plan_loader_rejects_digest_tampering" time="2.590" /><testcase classname="tests.test_goldm_research_stage_a.GoldMResearchStageATests" name="test_portable_execution_lease_is_exclusive_and_path_bound" time="0.697" /><testcase classname="tests.test_goldm_research_stage_a.GoldMResearchStageATests" name="test_registry_final_transitions_are_strict_and_truthful" time="8.529" /><testcase classname="tests.test_goldm_research_stage_a.GoldMResearchStageATests" name="test_registry_is_append_only_hash_chained_and_forbids_run_id_reuse" time="3.765" /><testcase classname="tests.test_goldm_research_stage_a.GoldMResearchStageATests" name="test_registry_lock_serializes_concurrent_matrix_planning" time="3.097" /><testcase classname="tests.test_goldm_research_stage_a.GoldMResearchStageATests" name="test_registry_recovery_requires_stopped_exact_process_evidence" time="9.890" /><testcase classname="tests.test_goldm_research_stage_a.GoldMResearchStageATests" name="test_stage_a_requires_portable_mode_and_exact_direction" time="1.007" /></testsuite></testsuites>