<?xml version="1.0" encoding="utf-8"?><testsuites name="pytest tests"><testsuite name="pytest" errors="0" failures="0" skipped="0" tests="740" time="70.889" timestamp="2026-08-21T08:09:30.203046+07:00" hostname="DESKTOP-SMT00UA"><testcase classname="tests.gold_engine_core.test_bear_incremental" name="test_bar_by_bar_incremental_matches_replay_geometry_and_events[GOLDI]" time="0.007" /><testcase classname="tests.gold_engine_core.test_bear_incremental" name="test_bar_by_bar_incremental_matches_replay_geometry_and_events[GOLDM]" time="0.006" /><testcase classname="tests.gold_engine_core.test_bear_incremental" name="test_incremental_processing_is_idempotent_bounded_and_rejects_old_bars" time="0.004" /><testcase classname="tests.gold_engine_core.test_bear_incremental" name="test_profile_state_cannot_cross_machine_boundary" time="0.003" /><testcase classname="tests.gold_engine_core.test_bear_incremental" name="test_h1_rejection_and_m5_acceptance_are_terminal_and_causal" time="0.004" /><testcase classname="tests.gold_engine_core.test_bear_incremental" name="test_m1_expiry_and_bounded_watch_recovery" time="0.010" /><testcase classname="tests.gold_engine_core.test_bear_incremental" name="test_profile_tick_contract_mismatch_fails_closed" time="0.002" /><testcase classname="tests.gold_engine_core.test_bear_incremental" name="test_live_worker_uses_only_bounded_incremental_bear_path" time="0.006" /><testcase classname="tests.gold_engine_core.test_causal_replay" name="test_tick_driven_replay_is_deterministic_causal_and_nontradable_during_warmup[GOLDI]" time="0.003" /><testcase classname="tests.gold_engine_core.test_causal_replay" name="test_tick_driven_replay_is_deterministic_causal_and_nontradable_during_warmup[GOLDM]" time="0.003" /><testcase classname="tests.gold_engine_core.test_causal_replay" name="test_goldi_goldm_reports_are_separate_and_profile_bound" time="0.004" /><testcase classname="tests.gold_engine_core.test_causal_replay" name="test_missing_closed_bar_wrong_profile_and_naive_timezone_fail_closed" time="0.003" /><testcase classname="tests.gold_engine_core.test_causal_replay" name="test_tick_path_uses_bid_ask_and_bar_ambiguity_is_conservative_stop_first" time="0.003" /><testcase classname="tests.gold_engine_core.test_causal_replay" name="test_no_future_path_is_not_invented" time="0.002" /><testcase classname="tests.gold_engine_core.test_causal_replay" name="test_profile_reports_rebuild_byte_identically" time="0.040" /><testcase classname="tests.gold_engine_core.test_contracts" name="test_pure_engine_uses_explicit_profile_and_all_required_interfaces" time="0.001" /><testcase classname="tests.gold_engine_core.test_contracts" name="test_core_contract_module_has_no_forbidden_runtime_dependency" time="0.007" /><testcase classname="tests.gold_engine_core.test_contracts" name="test_market_snapshot_is_closed_bar_causal_and_profile_explicit" time="0.002" /><testcase classname="tests.gold_engine_core.test_contracts" name="test_bar_tick_and_series_reject_invalid_market_data" time="0.001" /><testcase classname="tests.gold_engine_core.test_contracts" name="test_snapshot_rejects_duplicate_and_future_market_inputs" time="0.001" /><testcase classname="tests.gold_engine_core.test_contracts" name="test_strategy_and_profile_configs_are_bounded_and_profile_locked" time="0.002" /><testcase classname="tests.gold_engine_core.test_contracts" name="test_setup_state_and_strategy_state_are_causal_and_typed" time="0.001" /><testcase classname="tests.gold_engine_core.test_contracts" name="test_signal_plan_is_owned_causal_tick_aligned_and_structural" time="0.001" /><testcase classname="tests.gold_engine_core.test_contracts" name="test_decision_position_event_and_output_guards_fail_closed" time="0.002" /><testcase classname="tests.gold_engine_core.test_contracts" name="test_probe_warmup_rejects_missing_required_history" time="0.001" /><testcase classname="tests.gold_engine_core.test_current_behavior_corpus" name="test_required_scenarios_are_complete_and_profile_isolated" time="0.061" /><testcase classname="tests.gold_engine_core.test_current_behavior_corpus" name="test_corpus_is_causal_and_strategy_inputs_are_closed" time="0.000" /><testcase classname="tests.gold_engine_core.test_current_behavior_corpus" name="test_current_wrong_execution_behavior_is_preserved" time="0.001" /><testcase classname="tests.gold_engine_core.test_current_behavior_corpus" name="test_generator_is_byte_deterministic" time="0.199" /><testcase classname="tests.gold_engine_core.test_current_behavior_corpus" name="test_source_fingerprint_normalizes_transport_line_endings" time="0.057" /><testcase classname="tests.gold_engine_core.test_current_behavior_corpus" name="test_corpus_loader_rejects_future_transition" time="0.016" /><testcase classname="tests.gold_engine_core.test_current_behavior_corpus" name="test_corpus_loader_rejects_cross_profile_and_duplicate_writes" time="0.013" /><testcase classname="tests.gold_engine_core.test_current_behavior_corpus" name="test_corpus_loader_rejects_noncanonical_and_bad_checksum" time="0.105" /><testcase classname="tests.gold_engine_core.test_current_behavior_corpus" name="test_record_boundary_mutations_fail_closed" time="0.002" /><testcase classname="tests.gold_engine_core.test_current_behavior_corpus" name="test_scenario_definition_rejects_unknown_domain" time="0.001" /><testcase classname="tests.gold_engine_core.test_current_behavior_corpus" name="test_frozen_records_cannot_be_cross_profile_rebound" time="0.001" /><testcase classname="tests.gold_engine_core.test_demo_validation" name="test_demo_manifest_is_canonical_derived_and_real_authority_disabled[GOLDI]" time="0.002" /><testcase classname="tests.gold_engine_core.test_demo_validation" name="test_demo_manifest_is_canonical_derived_and_real_authority_disabled[GOLDM]" time="0.002" /><testcase classname="tests.gold_engine_core.test_demo_validation" name="test_goldi_demo_may_use_its_canonical_demo_login" time="0.003" /><testcase classname="tests.gold_engine_core.test_demo_validation" name="test_goldm_demo_rejects_real_mode_production_login_and_env_reuse" time="0.003" /><testcase classname="tests.gold_engine_core.test_demo_validation" name="test_profile_fingerprint_symbol_and_validation_id_swap_are_rejected" time="0.003" /><testcase classname="tests.gold_engine_core.test_demo_validation" name="test_demo_manifest_checksum_and_boundary_mutations_fail_closed" time="0.063" /><testcase classname="tests.gold_engine_core.test_execution" name="test_valid_execution_keeps_structural_geometry_and_uses_current_quote[BUY-GOLDI]" time="0.012" /><testcase classname="tests.gold_engine_core.test_execution" name="test_valid_execution_keeps_structural_geometry_and_uses_current_quote[BUY-GOLDM]" time="0.008" /><testcase classname="tests.gold_engine_core.test_execution" name="test_valid_execution_keeps_structural_geometry_and_uses_current_quote[SELL-GOLDI]" time="0.008" /><testcase classname="tests.gold_engine_core.test_execution" name="test_valid_execution_keeps_structural_geometry_and_uses_current_quote[SELL-GOLDM]" time="0.009" /><testcase classname="tests.gold_engine_core.test_execution" name="test_profile_policy_age_drift_spread_and_invalidation_guards" time="0.010" /><testcase classname="tests.gold_engine_core.test_execution" name="test_identity_exposure_margin_duplicate_and_broker_guards" time="0.014" /><testcase classname="tests.gold_engine_core.test_execution" name="test_broker_constraints_and_executable_geometry_reject_without_quote_chasing" time="0.009" /><testcase classname="tests.gold_engine_core.test_execution" name="test_execution_policy_is_canonical_profile_bound_and_swap_rejected" time="0.058" /><testcase classname="tests.gold_engine_core.test_execution" name="test_execution_contract_boundaries_are_strict" time="0.000" /><testcase classname="tests.gold_engine_core.test_g10_evidence" name="test_complete_actual_evidence_is_deterministic_and_accepted" time="0.175" /><testcase classname="tests.gold_engine_core.test_g10_evidence" name="test_current_preparation_evidence_cannot_pass_as_actual" time="0.003" /><testcase classname="tests.gold_engine_core.test_g10_evidence" name="test_duplicate_account_terminal_and_lifecycle_failures_are_rejected" time="0.083" /><testcase classname="tests.gold_engine_core.test_g10_evidence" name="test_concurrency_fail_closed" time="0.054" /><testcase classname="tests.gold_engine_core.test_g10_evidence" name="test_acceptance_result_cannot_claim_pass_without_fingerprint" time="0.001" /><testcase classname="tests.gold_engine_core.test_g10_validation_configs" name="test_goldi_shadow_and_guarded_demo_configs_are_separate_and_profile_bound" time="0.002" /><testcase classname="tests.gold_engine_core.test_g10_validation_configs" name="test_goldm_read_only_config_reuses_identity_but_never_order_authority" time="0.002" /><testcase classname="tests.gold_engine_core.test_g10_validation_configs" name="test_g10_probe_is_read_only_and_preflight_never_persists_bindings" time="0.152" /><testcase classname="tests.gold_engine_core.test_mql5_build" name="test_g11_compile_artifacts_are_profile_distinct_and_warning_clean" time="0.287" /><testcase classname="tests.gold_engine_core.test_mql5_build" name="test_g11_compile_verifier_rejects_warning_missing_and_duplicate_binary" time="0.191" /><testcase classname="tests.gold_engine_core.test_profile_manifest" name="test_manifests_are_canonical_hashed_and_component_bound" time="0.011" /><testcase classname="tests.gold_engine_core.test_profile_manifest" name="test_named_loader_has_no_empty_case_or_cross_profile_fallback[GOLDI]" time="0.004" /><testcase classname="tests.gold_engine_core.test_profile_manifest" name="test_named_loader_has_no_empty_case_or_cross_profile_fallback[GOLDM]" time="0.003" /><testcase classname="tests.gold_engine_core.test_profile_manifest" name="test_runtime_identity_rejects_cross_symbol_magic_mode_and_terminal" time="0.002" /><testcase classname="tests.gold_engine_core.test_profile_manifest" name="test_goldm_demo_requires_explicit_engineering_authority" time="0.001" /><testcase classname="tests.gold_engine_core.test_profile_manifest" name="test_profile_pair_rejects_shared_authority_namespaces" time="0.001" /><testcase classname="tests.gold_engine_core.test_profile_manifest" name="test_component_config_swap_is_rejected" time="0.004" /><testcase classname="tests.gold_engine_core.test_profile_manifest" name="test_manifest_dataclasses_are_immutable" time="0.002" /><testcase classname="tests.gold_engine_core.test_profile_manifest" name="test_unknown_or_noncanonical_manifest_keys_are_rejected" time="0.052" /><testcase classname="tests.gold_engine_core.test_profile_manifest" name="test_boundary_types_and_scalar_contracts_are_fail_closed" time="0.009" /><testcase classname="tests.gold_engine_core.test_profile_manifest" name="test_nested_contracts_reject_unknown_keys_and_unsafe_values" time="0.002" /><testcase classname="tests.gold_engine_core.test_profile_manifest" name="test_profile_specific_and_sizing_invariants_are_fail_closed" time="0.004" /><testcase classname="tests.gold_engine_core.test_profile_manifest" name="test_checksum_and_manifest_read_failures_are_rejected" time="0.112" /><testcase classname="tests.gold_engine_core.test_profile_manifest" name="test_component_read_and_fingerprint_failures_are_rejected" time="0.050" /><testcase classname="tests.gold_engine_core.test_profile_manifest" name="test_pair_and_named_loader_reject_wrong_profile_identity" time="0.110" /><testcase classname="tests.gold_engine_core.test_profile_manifest" name="test_canonical_json_rejects_non_json_values" time="0.001" /><testcase classname="tests.gold_engine_core.test_profile_sizing_tiers" name="test_engine_final_and_validation_sizing_contracts_are_identical" time="0.006" /><testcase classname="tests.gold_engine_core.test_profile_sizing_tiers" name="test_sizing_tiers_are_contiguous_at_every_declared_boundary" time="0.001" /><testcase classname="tests.gold_engine_core.test_reference_runtime" name="test_fast_lane_detects_closed_bars_and_bar_lane_sequence_is_deterministic" time="0.005" /><testcase classname="tests.gold_engine_core.test_reference_runtime" name="test_fast_lane_guard_and_catchup_fail_closed_without_decision_dispatch" time="0.009" /><testcase classname="tests.gold_engine_core.test_reference_runtime" name="test_db_telegram_like_sinks_run_only_in_slow_lane_and_failure_retains_outbox" time="0.004" /><testcase classname="tests.gold_engine_core.test_reference_runtime" name="test_duplicate_bar_and_cross_profile_state_are_rejected_or_idempotent" time="0.005" /><testcase classname="tests.gold_engine_core.test_reference_runtime" name="test_one_profile_stall_does_not_stall_other_profile" time="0.062" /><testcase classname="tests.gold_engine_core.test_reference_runtime" name="test_goldi_and_goldm_runtime_state_and_event_namespaces_never_mix" time="0.004" /><testcase classname="tests.gold_engine_core.test_reference_runtime" name="test_isolated_failure_is_scoped_and_duplicate_profiles_are_rejected" time="0.002" /><testcase classname="tests.gold_engine_core.test_reference_runtime" name="test_reference_runtime_source_has_no_critical_path_external_dependency" time="0.018" /><testcase classname="tests.gold_engine_core.test_reference_runtime" name="test_runtime_contract_boundaries_fail_closed" time="0.001" /><testcase classname="tests.gold_engine_core.test_reference_runtime" name="test_runtime_state_bar_and_outbox_boundaries_fail_closed" time="0.007" /><testcase classname="tests.gold_engine_core.test_reference_runtime" name="test_duplicate_tick_and_envelope_exclusivity" time="0.006" /><testcase classname="tests.gold_engine_core.test_reference_runtime" name="test_runtime_rejects_engine_profile_mismatch_at_construction" time="0.004" /><testcase classname="tests.gold_engine_core.test_revised_parity_vectors" name="test_revised_parity_vectors_are_complete_profile_symmetric_and_hashed" time="0.010" /><testcase classname="tests.gold_engine_core.test_revised_parity_vectors" name="test_revised_parity_vector_generator_is_byte_deterministic" time="0.672" /><testcase classname="tests.gold_engine_core.test_revised_parity_vectors" name="test_revised_setup_vectors_cover_exact_state_reason_and_restart_contract" time="0.015" /><testcase classname="tests.gold_engine_core.test_revised_restart" name="test_restart_before_setup_is_identity_preserving" time="0.001" /><testcase classname="tests.gold_engine_core.test_revised_restart" name="test_restart_after_setup_reinforcement_and_during_watch_preserves_trigger" time="0.002" /><testcase classname="tests.gold_engine_core.test_revised_restart" name="test_restart_immediately_before_entry_ready_produces_identical_decision" time="0.023" /><testcase classname="tests.gold_engine_core.test_revised_restart" name="test_consumed_or_cancelled_setup_never_resurrects_after_warmup" time="0.003" /><testcase classname="tests.gold_engine_core.test_revised_restart" name="test_worker_restart_with_open_position_keeps_seen_and_consumed_setup[goldi]" time="0.057" /><testcase classname="tests.gold_engine_core.test_revised_restart" name="test_worker_restart_with_open_position_keeps_seen_and_consumed_setup[goldm]" time="0.047" /><testcase classname="tests.gold_engine_core.test_revised_restart" name="test_detector_payload_rejects_invalid_window_and_unknown_shape" time="0.002" /><testcase classname="tests.gold_engine_core.test_rule_extraction" name="test_legacy_replay_and_live_imports_share_exact_pure_rule_objects" time="0.001" /><testcase classname="tests.gold_engine_core.test_rule_extraction" name="test_pure_rule_modules_have_no_runtime_adapter_dependencies" time="0.189" /><testcase classname="tests.gold_engine_core.test_rule_extraction" name="test_tick_rounding_remains_profile_tick_driven" time="0.001" /><testcase classname="tests.gold_engine_core.test_rule_extraction" name="test_legacy_modules_are_compatibility_exports_not_duplicate_rules" time="0.002" /><testcase classname="tests.gold_engine_core.test_runtime_validation" name="test_goldm_real_binding_is_read_only_and_canonical" time="0.002" /><testcase classname="tests.gold_engine_core.test_runtime_validation" name="test_goldm_read_only_binding_mutations_fail_closed[mutation0-trade mode]" time="0.005" /><testcase classname="tests.gold_engine_core.test_runtime_validation" name="test_goldm_read_only_binding_mutations_fail_closed[mutation1-access mode]" time="0.006" /><testcase classname="tests.gold_engine_core.test_runtime_validation" name="test_goldm_read_only_binding_mutations_fail_closed[mutation2-symbol]" time="0.004" /><testcase classname="tests.gold_engine_core.test_runtime_validation" name="test_goldm_read_only_binding_mutations_fail_closed[mutation3-profile ID]" time="0.006" /><testcase classname="tests.gold_engine_core.test_runtime_validation" name="test_read_only_manifest_cannot_gain_real_authority_or_subscriber_audience" time="0.003" /><testcase classname="tests.gold_engine_core.test_runtime_validation" name="test_read_only_probe_source_contains_no_order_mutation_api" time="0.002" /><testcase classname="tests.gold_engine_core.test_runtime_validation" name="test_manifest_boundary_mutations_fail_closed[mutation0-schema_version]" time="0.005" /><testcase classname="tests.gold_engine_core.test_runtime_validation" name="test_manifest_boundary_mutations_fail_closed[mutation1-validation_profile_id]" time="0.002" /><testcase classname="tests.gold_engine_core.test_runtime_validation" name="test_manifest_boundary_mutations_fail_closed[mutation2-fingerprint]" time="0.002" /><testcase classname="tests.gold_engine_core.test_runtime_validation" name="test_manifest_boundary_mutations_fail_closed[mutation3-trade mode]" time="0.002" /><testcase classname="tests.gold_engine_core.test_runtime_validation" name="test_manifest_boundary_mutations_fail_closed[mutation4-access mode]" time="0.002" /><testcase classname="tests.gold_engine_core.test_runtime_validation" name="test_manifest_boundary_mutations_fail_closed[mutation5-read-only broker]" time="0.002" /><testcase classname="tests.gold_engine_core.test_runtime_validation" name="test_manifest_boundary_mutations_fail_closed[mutation6-DEMO execution]" time="0.001" /><testcase classname="tests.gold_engine_core.test_runtime_validation" name="test_manifest_boundary_mutations_fail_closed[mutation7-environment names]" time="0.002" /><testcase classname="tests.gold_engine_core.test_runtime_validation" name="test_manifest_boundary_mutations_fail_closed[mutation8-namespaces]" time="0.001" /><testcase classname="tests.gold_engine_core.test_runtime_validation" name="test_manifest_loader_rejects_invalid_json_and_checksum" time="0.071" /><testcase classname="tests.gold_engine_core.test_runtime_validation" name="test_runtime_binding_and_derivation_boundaries_fail_closed" time="0.004" /><testcase classname="tests.mql5.test_capture_g12_tester_evidence" name="test_capture_writes_bounded_hashed_proof" time="0.061" /><testcase classname="tests.mql5.test_capture_g12_tester_evidence" name="test_capture_rejects_incomplete_or_failed_native_run[old unrelated run\nAA\t0\t07:54:16.511\tCore 1\tGOLDm#,M15: testing of Experts\\bot-ea\\GoldEngineRevisedParityHarness.ex5 from x started\nAA\t0\t07:54:16.511\tCore 1\tG12_REVISED_PARITY profile=GOLDm# passed=false range=true sell_range=true no_setup=true obstacle=true momentum=true\nAA\t0\t07:54:16.511\tCore 1\tfinal balance 100.00 USD\nAA\t0\t07:54:16.511\tCore 1\tOnTester result 1\nAA\t0\t07:54:16.511\tCore 1\tGOLDm#,M15: 1 ticks, 1 bars generated.\nAA\t0\t07:54:16.545\tCore 1\tconnection closed\n-incomplete]" time="0.001" /><testcase classname="tests.mql5.test_capture_g12_tester_evidence" name="test_capture_rejects_incomplete_or_failed_native_run[old unrelated run\nAA\t0\t07:54:16.511\tCore 1\tGOLDm#,M15: testing of Experts\\bot-ea\\GoldEngineRevisedParityHarness.ex5 from x started\nAA\t0\t07:54:16.511\tCore 1\tG12_REVISED_PARITY profile=GOLDm# passed=true range=true sell_range=true no_setup=true obstacle=true momentum=true\nAA\t0\t07:54:16.545\tCore 1\tconnection closed\n-incomplete]" time="0.001" /><testcase classname="tests.mql5.test_capture_g12_tester_evidence" name="test_capture_rejects_incomplete_or_failed_native_run[unrelated\n-start marker]" time="0.001" /><testcase classname="tests.mql5.test_g11_runtime_skeleton" name="test_profile_entrypoint_is_thin_strict_and_single_macro[GOLDI-BUILD_PROFILE_GOLDI-GoldEngine-GOLDi.mq5]" time="0.002" /><testcase classname="tests.mql5.test_g11_runtime_skeleton" name="test_profile_entrypoint_is_thin_strict_and_single_macro[GOLDM-BUILD_PROFILE_GOLDM-GoldEngine-GOLDm.mq5]" time="0.001" /><testcase classname="tests.mql5.test_g11_runtime_skeleton" name="test_embedded_profiles_match_canonical_manifests" time="0.002" /><testcase classname="tests.mql5.test_g11_runtime_skeleton" name="test_embedded_balance_tiers_and_resolver_match_profile_contracts" time="0.001" /><testcase classname="tests.mql5.test_g11_runtime_skeleton" name="test_runtime_declares_all_required_g11_contract_types" time="0.001" /><testcase classname="tests.mql5.test_g11_runtime_skeleton" name="test_scheduler_is_bounded_ordered_and_idempotent_by_forming_bar" time="0.002" /><testcase classname="tests.mql5.test_g11_runtime_skeleton" name="test_warmup_is_bounded_non_dispatching_and_fail_closed_on_gap" time="0.001" /><testcase classname="tests.mql5.test_g11_runtime_skeleton" name="test_g11_has_no_order_network_database_or_unbounded_tick_path" time="0.003" /><testcase classname="tests.mql5.test_g12_revised_contract" name="test_mql5_revised_scalar_defaults_match_python_reference" time="0.008" /><testcase classname="tests.mql5.test_g12_revised_contract" name="test_revised_contract_preserves_optional_geometry_explicitly" time="0.002" /><testcase classname="tests.mql5.test_g12_revised_contract" name="test_mql5_indicators_preserve_python_window_and_smoothing_semantics" time="0.001" /><testcase classname="tests.mql5.test_g12_revised_contract" name="test_range_and_m1_confirmation_preserve_reference_thresholds" time="0.002" /><testcase classname="tests.mql5.test_g12_revised_contract" name="test_momentum_fibonacci_and_hard_invalidation_preserve_reference_rules" time="0.001" /><testcase classname="tests.mql5.test_g12_revised_contract" name="test_adaptive_stop_target_and_snapshot_validation_preserve_reference_rules" time="0.001" /><testcase classname="tests.mql5.test_g12_revised_contract" name="test_zones_regime_and_first_obstacle_preserve_reference_ordering" time="0.002" /><testcase classname="tests.mql5.test_g12_revised_contract" name="test_setup_detector_preserves_pattern_priority_and_restart_state" time="0.002" /><testcase classname="tests.mql5.test_g12_revised_contract" name="test_complete_decision_tree_preserves_gate_order_and_reasons" time="0.001" /><testcase classname="tests.mql5.test_g12_revised_contract" name="test_native_parity_harness_locks_python_range_vector" time="0.001" /><testcase classname="tests.mql5.test_g12_revised_contract" name="test_runtime_wires_bounded_revised_state_without_historical_promotion" time="0.001" /><testcase classname="tests.test_codex_cli_engine.CodexCLIEngineTests" name="test_build_prompt_includes_cached_account_context_files" time="0.058" /><testcase classname="tests.test_codex_cli_engine.CodexCLIEngineTests" name="test_decide_wraps_timeout_cleanly" time="0.024" /><testcase classname="tests.test_codex_cli_engine.CodexCLIEngineTests" name="test_parse_response" time="0.003" /><testcase classname="tests.test_codex_cli_engine.CodexCLIEngineTests" name="test_parse_response_accepts_single_line_no_trade_contract" time="0.002" /><testcase classname="tests.test_codex_cli_engine.CodexCLIEngineTests" name="test_parse_response_allows_missing_stop_distance_points" time="0.001" /><testcase classname="tests.test_codex_cli_engine.CodexCLIEngineTests" name="test_parse_response_rejects_empty_stop_distance_points_for_open" time="0.001" /><testcase classname="tests.test_codex_cli_engine.CodexCLIEngineTests" name="test_parse_response_rejects_invalid_action" time="0.001" /><testcase classname="tests.test_codex_cli_engine.CodexCLIEngineTests" name="test_parse_response_rejects_invalid_confidence" time="0.001" /><testcase classname="tests.test_codex_cli_engine.CodexCLIEngineTests" name="test_parse_response_rejects_invalid_stop_distance_points" time="0.001" /><testcase classname="tests.test_codex_cli_engine.CodexCLIEngineTests" name="test_parse_response_rejects_non_contract_output" time="0.001" /><testcase classname="tests.test_codex_cli_engine.CodexCLIEngineTests" name="test_parse_response_supports_direction_alias_for_no_trade" time="0.001" /><testcase classname="tests.test_codex_cli_engine.CodexCLIEngineTests" name="test_parse_response_supports_single_line_contract" time="0.001" /><testcase classname="tests.test_codex_cli_engine.CodexCLIEngineTests" name="test_probe_returns_version_output" time="0.011" /><testcase classname="tests.test_codex_cli_engine.CodexCLIEngineTests" name="test_probe_wraps_timeout_cleanly" time="0.016" /><testcase classname="tests.test_codex_cli_engine.CodexCLIEngineTests" name="test_resolve_executable_prefers_windows_launcher" time="0.002" /><testcase classname="tests.test_deployment_runtime_edges.BrokerOrderSnapshotTests" name="test_account_switch_during_position_order_sandwich_is_rejected" time="0.013" /><testcase classname="tests.test_deployment_runtime_edges.BrokerOrderSnapshotTests" name="test_collection_includes_all_orders_with_typed_evidence" time="0.015" /><testcase classname="tests.test_deployment_runtime_edges.BrokerOrderSnapshotTests" name="test_live_adapter_maps_every_active_order" time="0.001" /><testcase classname="tests.test_deployment_runtime_edges.BrokerOrderSnapshotTests" name="test_orders_get_none_and_exception_fail_closed" time="0.002" /><testcase classname="tests.test_deployment_runtime_edges.BrokerOrderSnapshotTests" name="test_orphan_pending_order_blocks_flat_book_preflight" time="0.001" /><testcase classname="tests.test_deployment_runtime_edges.WorkerStartupPathTests" name="test_cli_import_does_not_eagerly_import_mt5_adapter" time="0.141" /><testcase classname="tests.test_deployment_runtime_edges.WorkerStartupPathTests" name="test_database_wal_or_shm_symlink_is_rejected" time="0.010" /><testcase classname="tests.test_deployment_runtime_edges.WorkerStartupPathTests" name="test_env_file_must_be_explicit_absolute_before_runtime_import" time="0.003" /><testcase classname="tests.test_deployment_runtime_edges.WorkerStartupPathTests" name="test_symlinked_ancestor_is_rejected" time="0.008" /><testcase classname="tests.test_deployment_runtime_edges.WorkerStartupPathTests" name="test_validated_file_replacement_fails_closed" time="0.006" /><testcase classname="tests.test_gold_orchestrator.GlobalOrchestratorTests" name="test_admin_can_start_and_stop_each_worker" time="0.045" /><testcase classname="tests.test_gold_orchestrator.GlobalOrchestratorTests" name="test_approval_is_goldi_subscription_only" time="0.020" /><testcase classname="tests.test_gold_orchestrator.GlobalOrchestratorTests" name="test_command_menu_replaces_old_approval_commands" time="0.007" /><testcase classname="tests.test_gold_orchestrator.GlobalOrchestratorTests" name="test_config_rejects_shared_mt5_executable" time="0.012" /><testcase classname="tests.test_gold_orchestrator.GlobalOrchestratorTests" name="test_dead_desired_worker_is_restarted_after_delay" time="0.012" /><testcase classname="tests.test_gold_orchestrator.GlobalOrchestratorTests" name="test_failed_callback_isolated_and_later_update_still_processed" time="0.031" /><testcase classname="tests.test_gold_orchestrator.GlobalOrchestratorTests" name="test_health_error_is_reported_once_until_it_changes" time="0.031" /><testcase classname="tests.test_gold_orchestrator.GlobalOrchestratorTests" name="test_help_distinguishes_signal_and_real_worker" time="0.004" /><testcase classname="tests.test_gold_orchestrator.GlobalOrchestratorTests" name="test_initial_off_state_can_be_persisted_before_polling" time="0.008" /><testcase classname="tests.test_gold_orchestrator.GlobalOrchestratorTests" name="test_non_admin_cannot_start_real_worker" time="0.007" /><testcase classname="tests.test_gold_orchestrator.GlobalOrchestratorTests" name="test_online_notice_is_suppressed_during_rapid_restart" time="0.005" /><testcase classname="tests.test_gold_orchestrator.GlobalOrchestratorTests" name="test_polling_advances_offset_and_dispatches" time="0.030" /><testcase classname="tests.test_gold_orchestrator.GlobalOrchestratorTests" name="test_single_instance_lock_rejects_duplicate_worker" time="0.004" /><testcase classname="tests.test_gold_orchestrator.GlobalOrchestratorTests" name="test_subscriber_cannot_control_goldm" time="0.004" /><testcase classname="tests.test_gold_orchestrator.GlobalOrchestratorTests" name="test_worker_panel_buttons_follow_opposite_state_with_confirmation" time="0.011" /><testcase classname="tests.test_gold_portfolio_final" name="test_pinned_hash_accepts_crlf_only_as_transport_normalization" time="0.126" /><testcase classname="tests.test_gold_portfolio_final" name="test_final_goldi_is_tag_pinned_demo_execution" time="0.004" /><testcase classname="tests.test_gold_portfolio_final" name="test_final_goldm_is_composite_real_and_uses_aggressive_tiers" time="0.003" /><testcase classname="tests.test_gold_portfolio_final" name="test_balance_tier_boundaries_are_continuous[goldi-0.0-0.01]" time="0.005" /><testcase classname="tests.test_gold_portfolio_final" name="test_balance_tier_boundaries_are_continuous[goldi-99.99-0.01]" time="0.004" /><testcase classname="tests.test_gold_portfolio_final" name="test_balance_tier_boundaries_are_continuous[goldi-100.0-0.02]" time="0.003" /><testcase classname="tests.test_gold_portfolio_final" name="test_balance_tier_boundaries_are_continuous[goldi-199.99-0.02]" time="0.006" /><testcase classname="tests.test_gold_portfolio_final" name="test_balance_tier_boundaries_are_continuous[goldi-200.0-0.05]" time="0.004" /><testcase classname="tests.test_gold_portfolio_final" name="test_balance_tier_boundaries_are_continuous[goldi-999.99-0.05]" time="0.005" /><testcase classname="tests.test_gold_portfolio_final" name="test_balance_tier_boundaries_are_continuous[goldi-1000.0-0.1]" time="0.005" /><testcase classname="tests.test_gold_portfolio_final" name="test_balance_tier_boundaries_are_continuous[goldi-2000.0-0.2]" time="0.005" /><testcase classname="tests.test_gold_portfolio_final" name="test_balance_tier_boundaries_are_continuous[goldi-10000.0-1.0]" time="0.004" /><testcase classname="tests.test_gold_portfolio_final" name="test_balance_tier_boundaries_are_continuous[goldi-20000.0-2.0]" time="0.007" /><testcase classname="tests.test_gold_portfolio_final" name="test_balance_tier_boundaries_are_continuous[goldm-0.0-0.1]" time="0.004" /><testcase classname="tests.test_gold_portfolio_final" name="test_balance_tier_boundaries_are_continuous[goldm-9.99-0.1]" time="0.002" /><testcase classname="tests.test_gold_portfolio_final" name="test_balance_tier_boundaries_are_continuous[goldm-10.0-0.2]" time="0.006" /><testcase classname="tests.test_gold_portfolio_final" name="test_balance_tier_boundaries_are_continuous[goldm-30.0-0.5]" time="0.003" /><testcase classname="tests.test_gold_portfolio_final" name="test_balance_tier_boundaries_are_continuous[goldm-50.0-1.0]" time="0.003" /><testcase classname="tests.test_gold_portfolio_final" name="test_balance_tier_boundaries_are_continuous[goldm-100.0-2.0]" time="0.005" /><testcase classname="tests.test_gold_portfolio_final" name="test_balance_tier_boundaries_are_continuous[goldm-200.0-5.0]" time="0.003" /><testcase classname="tests.test_gold_portfolio_final" name="test_balance_tier_boundaries_are_continuous[goldm-1000.0-10.0]" time="0.004" /><testcase classname="tests.test_gold_portfolio_final" name="test_balance_tier_boundaries_are_continuous[goldm-2000.0-20.0]" time="0.005" /><testcase classname="tests.test_gold_portfolio_final" name="test_balance_tier_boundaries_are_continuous[goldm-9999.99-20.0]" time="0.004" /><testcase classname="tests.test_gold_portfolio_final" name="test_balance_tier_boundaries_are_continuous[goldm-10000.0-100.0]" time="0.004" /><testcase classname="tests.test_gold_portfolio_final" name="test_real_executor_reads_shared_balance_and_sends_one_checked_order" time="0.006" /><testcase classname="tests.test_gold_portfolio_final" name="test_goldi_demo_executor_places_order_at_locked_adaptive_lot" time="0.007" /><testcase classname="tests.test_gold_portfolio_final" name="test_executor_rejects_stale_drift_broker_check_and_duplicate_without_send" time="0.007" /><testcase classname="tests.test_gold_portfolio_final" name="test_worker_builds_profile_owned_versioned_execution_plan[goldi-DemoFakeMt5-BUY-volume0]" time="0.010" /><testcase classname="tests.test_gold_portfolio_final" name="test_worker_builds_profile_owned_versioned_execution_plan[goldm-FakeMt5-SELL-volume1]" time="0.012" /><testcase classname="tests.test_gold_portfolio_final" name="test_goldi_subscribers_receive_entries_but_goldm_remains_admin_only" time="0.041" /><testcase classname="tests.test_gold_portfolio_final" name="test_watch_is_internal_bounded_and_never_notifies_or_sends_order" time="0.062" /><testcase classname="tests.test_gold_portfolio_final" name="test_bear_watch_reports_m5_preparation_without_entry" time="0.032" /><testcase classname="tests.test_gold_portfolio_final" name="test_final_entry_sends_one_human_readable_message" time="0.043" /><testcase classname="tests.test_gold_portfolio_final" name="test_worker_audit_rotation_is_storage_bounded" time="0.078" /><testcase classname="tests.test_gold_portfolio_final" name="test_closed_position_result_includes_total_pl_and_balance" time="0.005" /><testcase classname="tests.test_gold_portfolio_final" name="test_worker_sends_close_lifecycle_with_rr_duration_and_balance" time="0.032" /><testcase classname="tests.test_goldm_bear_replay" name="test_resolve_sell_target_uses_short_direction" time="0.001" /><testcase classname="tests.test_goldm_bear_replay" name="test_resolve_sell_stop_is_negative_one_r" time="0.001" /><testcase classname="tests.test_goldm_bear_replay" name="test_resolve_same_bar_is_conservative_ambiguous_loss" time="0.002" /><testcase classname="tests.test_goldm_bear_replay" name="test_resolve_does_not_read_signal_candle" time="0.001" /><testcase classname="tests.test_goldm_bear_replay" name="test_maximum_regime_drop_must_exceed_minimum" time="0.001" /><testcase classname="tests.test_goldm_bear_standalone.StandaloneBearEngineTests" name="test_broker_failed_breakout_waits_then_sells_confirmation" time="0.004" /><testcase classname="tests.test_goldm_bear_standalone.StandaloneBearEngineTests" name="test_cli_loads_naive_server_timestamps_and_emits_json" time="0.033" /><testcase classname="tests.test_goldm_bear_standalone.StandaloneBearEngineTests" name="test_configuration_rejects_too_short_structure_window" time="0.001" /><testcase classname="tests.test_goldm_bear_standalone.StandaloneBearEngineTests" name="test_confluence_candidate_is_standalone_and_explicit" time="0.001" /><testcase classname="tests.test_goldm_bear_standalone.StandaloneBearEngineTests" name="test_confluence_v2_requires_repeated_resistance_rejections" time="0.001" /><testcase classname="tests.test_goldm_bear_standalone.StandaloneBearEngineTests" name="test_confluence_v3_uses_only_closed_h1_downtrend" time="0.004" /><testcase classname="tests.test_goldm_bear_standalone.StandaloneBearEngineTests" name="test_image_like_pullback_rejection_emits_sell" time="0.002" /><testcase classname="tests.test_goldm_bear_standalone.StandaloneBearEngineTests" name="test_invalid_bar_is_rejected" time="0.001" /><testcase classname="tests.test_goldm_bear_standalone.StandaloneBearEngineTests" name="test_mt5_runner_bootstraps_only_the_standalone_package" time="0.003" /><testcase classname="tests.test_goldm_bear_standalone.StandaloneBearEngineTests" name="test_mt5_source_is_read_only_and_converts_utc_to_server_time" time="0.001" /><testcase classname="tests.test_goldm_bear_standalone.StandaloneBearEngineTests" name="test_ordinary_pullback_does_not_trigger_early_close" time="0.003" /><testcase classname="tests.test_goldm_bear_standalone.StandaloneBearEngineTests" name="test_package_does_not_import_production_strategy" time="0.003" /><testcase classname="tests.test_goldm_bear_standalone.StandaloneBearEngineTests" name="test_psychological_target_is_placed_in_front_of_round_number" time="0.006" /><testcase classname="tests.test_goldm_bear_standalone.StandaloneBearEngineTests" name="test_rsi_turn_inputs_distinguish_rising_and_falling_closes" time="0.001" /><testcase classname="tests.test_goldm_bear_standalone.StandaloneBearEngineTests" name="test_scan_applies_four_bar_signal_cooldown" time="0.002" /><testcase classname="tests.test_goldm_bear_standalone.StandaloneBearEngineTests" name="test_session_guard_blocks_near_market_open" time="0.002" /><testcase classname="tests.test_goldm_bear_standalone.StandaloneBearEngineTests" name="test_signal_outcome_uses_only_bars_after_signal_close" time="0.002" /><testcase classname="tests.test_goldm_bear_standalone.StandaloneBearEngineTests" name="test_stochastic_uses_closed_bar_range" time="0.001" /><testcase classname="tests.test_goldm_bear_standalone.StandaloneBearEngineTests" name="test_touch_without_rejection_is_watch_not_sell" time="0.002" /><testcase classname="tests.test_goldm_bear_standalone.StandaloneBearEngineTests" name="test_two_closes_above_resistance_invalidate_short" time="0.001" /><testcase classname="tests.test_goldm_bear_v4" name="test_v4_h1_gate_uses_falling_closed_sma" time="0.001" /><testcase classname="tests.test_goldm_bear_v4" name="test_v4_m5_strong_failed_breakout_arms_setup" time="0.001" /><testcase classname="tests.test_goldm_bear_v4" name="test_v4_m5_acceptance_cancels_setup" time="0.004" /><testcase classname="tests.test_goldm_bear_v4" name="test_v4_m1_retest_requires_micro_break" time="0.001" /><testcase classname="tests.test_goldm_bear_v4" name="test_v4_fixed_target_r_must_be_positive" time="0.002" /><testcase classname="tests.test_goldm_bear_v4" name="test_v4_execution_multipliers_must_be_positive" time="0.001" /><testcase classname="tests.test_goldm_broker_position_manager.BrokerPositionManagerTests" name="test_account_race_immediately_before_modify_never_mutates_position" time="0.603" /><testcase classname="tests.test_goldm_broker_position_manager.BrokerPositionManagerTests" name="test_account_race_immediately_before_open_never_reaches_broker" time="0.349" /><testcase classname="tests.test_goldm_broker_position_manager.BrokerPositionManagerTests" name="test_account_switch_blocks_adoption_even_for_matching_position_tag" time="0.437" /><testcase classname="tests.test_goldm_broker_position_manager.BrokerPositionManagerTests" name="test_account_switch_cannot_confirm_unknown_close_from_absence" time="0.688" /><testcase classname="tests.test_goldm_broker_position_manager.BrokerPositionManagerTests" name="test_account_switch_cannot_turn_filled_absence_into_closed" time="0.440" /><testcase classname="tests.test_goldm_broker_position_manager.BrokerPositionManagerTests" name="test_ambiguous_filled_protection_repair_is_not_blindly_retried" time="0.625" /><testcase classname="tests.test_goldm_broker_position_manager.BrokerPositionManagerTests" name="test_buy_r1_uses_bid_and_confirms_tick_normalized_stop_once" time="0.823" /><testcase classname="tests.test_goldm_broker_position_manager.BrokerPositionManagerTests" name="test_close_fill_response_without_absence_is_not_confirmed_or_retried" time="0.687" /><testcase classname="tests.test_goldm_broker_position_manager.BrokerPositionManagerTests" name="test_confirmed_filled_protection_can_repair_a_later_degradation" time="0.762" /><testcase classname="tests.test_goldm_broker_position_manager.BrokerPositionManagerTests" name="test_emergency_confirmation_closes_ambiguous_open_fence_atomically" time="0.816" /><testcase classname="tests.test_goldm_broker_position_manager.BrokerPositionManagerTests" name="test_entry_off_does_not_disable_management_of_filled_position" time="0.687" /><testcase classname="tests.test_goldm_broker_position_manager.BrokerPositionManagerTests" name="test_filled_position_repairs_loosened_sl_and_removed_tp" time="0.677" /><testcase classname="tests.test_goldm_broker_position_manager.BrokerPositionManagerTests" name="test_filled_tp_repair_preserves_better_manual_stop" time="0.527" /><testcase classname="tests.test_goldm_broker_position_manager.BrokerPositionManagerTests" name="test_freeze_level_rejection_occurs_before_modify_mutation" time="0.518" /><testcase classname="tests.test_goldm_broker_position_manager.BrokerPositionManagerTests" name="test_frozen_disabled_r1_policy_keeps_touch_alert_without_modify" time="0.733" /><testcase classname="tests.test_goldm_broker_position_manager.BrokerPositionManagerTests" name="test_frozen_max_holding_closes_at_deadline_exactly_once" time="0.813" /><testcase classname="tests.test_goldm_broker_position_manager.BrokerPositionManagerTests" name="test_gap_to_r3_closes_full_and_waits_for_deal_history_for_final_pnl" time="0.763" /><testcase classname="tests.test_goldm_broker_position_manager.BrokerPositionManagerTests" name="test_initial_confirmation_uses_half_trade_tick_tolerance" time="0.375" /><testcase classname="tests.test_goldm_broker_position_manager.BrokerPositionManagerTests" name="test_initial_sl_tp_are_side_aware_tick_normalized_before_open" time="0.384" /><testcase classname="tests.test_goldm_broker_position_manager.BrokerPositionManagerTests" name="test_milestone_latch_and_touch_outbox_are_crash_atomic" time="0.824" /><testcase classname="tests.test_goldm_broker_position_manager.BrokerPositionManagerTests" name="test_missing_tp_stages_emergency_protection_and_preserves_better_sl" time="0.496" /><testcase classname="tests.test_goldm_broker_position_manager.BrokerPositionManagerTests" name="test_open_modify_and_close_receive_immutable_account_binding" time="1.281" /><testcase classname="tests.test_goldm_broker_position_manager.BrokerPositionManagerTests" name="test_open_then_close_history_without_protection_snapshot_stays_unresolved" time="0.645" /><testcase classname="tests.test_goldm_broker_position_manager.BrokerPositionManagerTests" name="test_partial_fill_freezes_broker_actual_volume" time="0.318" /><testcase classname="tests.test_goldm_broker_position_manager.BrokerPositionManagerTests" name="test_poison_projection_backs_off_without_starving_later_action" time="0.195" /><testcase classname="tests.test_goldm_broker_position_manager.BrokerPositionManagerTests" name="test_post_emergency_sl_tp_degradation_uses_new_ordinal_repair" time="1.543" /><testcase classname="tests.test_goldm_broker_position_manager.BrokerPositionManagerTests" name="test_projection_cursor_reaches_action_after_more_than_old_page_limit" time="7.806" /><testcase classname="tests.test_goldm_broker_position_manager.BrokerPositionManagerTests" name="test_r3_unreachable_before_frozen_broker_tp_alerts_admin_once" time="0.592" /><testcase classname="tests.test_goldm_broker_position_manager.BrokerPositionManagerTests" name="test_sell_initial_sl_tp_use_mirrored_tick_normalization" time="0.627" /><testcase classname="tests.test_goldm_broker_position_manager.BrokerPositionManagerTests" name="test_sell_r1_uses_ask_and_rounds_stop_in_protective_direction" time="0.597" /><testcase classname="tests.test_goldm_broker_position_manager.BrokerPositionManagerTests" name="test_stale_live_open_is_blocked_by_current_deployment_kill_switch" time="0.163" /><testcase classname="tests.test_goldm_broker_position_manager.BrokerPositionManagerTests" name="test_ticket_churn_syncs_by_stable_identifier" time="0.427" /><testcase classname="tests.test_goldm_broker_position_manager.BrokerPositionManagerTests" name="test_unknown_max_holding_close_is_never_blindly_retried" time="0.735" /><testcase classname="tests.test_goldm_broker_position_manager.BrokerPositionManagerTests" name="test_unknown_modify_is_not_blindly_retried" time="0.875" /><testcase classname="tests.test_goldm_broker_position_manager.BrokerPositionManagerTests" name="test_unprotected_position_is_not_rebound_on_a_different_account" time="0.719" /><testcase classname="tests.test_goldm_broker_position_manager.BrokerPositionManagerTests" name="test_unprotected_position_obeys_frozen_max_holding" time="1.056" /><testcase classname="tests.test_goldm_ci_contract.GoldMCiContractTests" name="test_actions_are_immutable_and_mt5_requires_dedicated_runner" time="0.043" /><testcase classname="tests.test_goldm_ci_contract.GoldMCiContractTests" name="test_release_workflow_cannot_omit_new_tests" time="0.005" /><testcase classname="tests.test_goldm_combined_portfolio" name="test_shared_floating_profit_uses_one_market_price_for_both_sides" time="0.007" /><testcase classname="tests.test_goldm_combined_portfolio" name="test_adaptive_lot_steps_up_and_down_on_realized_balance" time="0.003" /><testcase classname="tests.test_goldm_combined_portfolio" name="test_multi_tier_lot_uses_highest_realized_balance_threshold" time="0.003" /><testcase classname="tests.test_goldm_combined_portfolio" name="test_dual_tp_outcome_releases_tp1_leg_at_causal_fill_time" time="0.004" /><testcase classname="tests.test_goldm_combined_portfolio" name="test_non_executable_point_zero_one_partial_falls_back_to_full_runner" time="0.008" /><testcase classname="tests.test_goldm_combined_portfolio" name="test_goldm_point_one_cannot_split_below_point_one_minimum" time="0.004" /><testcase classname="tests.test_goldm_combined_portfolio" name="test_execution_stress_costs_are_split_between_entry_and_exit" time="0.003" /><testcase classname="tests.test_goldm_confluence.GoldMConfluenceTests" name="test_evening_doji_star" time="0.002" /><testcase classname="tests.test_goldm_confluence.GoldMConfluenceTests" name="test_fibonacci_is_a_bonus_not_a_standalone_entry" time="0.002" /><testcase classname="tests.test_goldm_confluence.GoldMConfluenceTests" name="test_fibonacci_retracement_alignment_and_extensions" time="0.002" /><testcase classname="tests.test_goldm_confluence.GoldMConfluenceTests" name="test_indicators_strengthen_without_becoming_four_hard_gates" time="0.001" /><testcase classname="tests.test_goldm_confluence.GoldMConfluenceTests" name="test_morning_doji_star" time="0.001" /><testcase classname="tests.test_goldm_confluence.GoldMConfluenceTests" name="test_two_votes_pass_when_price_action_anchors_them" time="0.002" /><testcase classname="tests.test_goldm_dual_tp" name="test_dual_tp_module_loads_and_declares_split_policies" time="0.004" /><testcase classname="tests.test_goldm_dual_tp" name="test_adaptive_allocation_uses_only_broker_executable_fractions" time="0.004" /><testcase classname="tests.test_goldm_dual_tp" name="test_engine_bep_distinguishes_range_from_momentum_buy" time="0.003" /><testcase classname="tests.test_goldm_dual_tp" name="test_engine_partial_be_only_moves_split_runner_to_break_even" time="0.004" /><testcase classname="tests.test_goldm_dual_tp" name="test_engine_partial_allocation_is_narrow_and_side_specific" time="0.004" /><testcase classname="tests.test_goldm_dual_tp" name="test_profit_lock_keeps_part_of_realized_tp1_profit" time="0.003" /><testcase classname="tests.test_goldm_dual_tp" name="test_profit_lock_never_widens_the_original_stop" time="0.008" /><testcase classname="tests.test_goldm_dual_tp" name="test_engine_partial_tp1_uses_structural_price_not_tp2_midpoint" time="0.003" /><testcase classname="tests.test_goldm_dual_tp" name="test_profit_lock_applies_on_next_bar_and_preserves_basket_profit" time="0.009" /><testcase classname="tests.test_goldm_dual_tp" name="test_profit_lock_is_symmetric_for_sell_runner" time="0.004" /><testcase classname="tests.test_goldm_health_and_risk.GoldMHealthAndRiskTests" name="test_healthy_snapshot_passes" time="0.005" /><testcase classname="tests.test_goldm_health_and_risk.GoldMHealthAndRiskTests" name="test_m15_entry_distance_rejects_chasing_move" time="0.001" /><testcase classname="tests.test_goldm_health_and_risk.GoldMHealthAndRiskTests" name="test_m15_structural_stop_ignores_m1_micro_extreme" time="0.002" /><testcase classname="tests.test_goldm_health_and_risk.GoldMHealthAndRiskTests" name="test_missing_htf_stale_tick_and_wide_spread_are_hard_failures" time="0.001" /><testcase classname="tests.test_goldm_health_and_risk.GoldMHealthAndRiskTests" name="test_position_size_never_rounds_up_to_an_unsafe_minimum" time="0.002" /><testcase classname="tests.test_goldm_health_and_risk.GoldMHealthAndRiskTests" name="test_room_to_profit_requires_three_r" time="0.001" /><testcase classname="tests.test_goldm_micro_instrument" name="test_goldm_micro_profile_has_executable_partial_and_smaller_exposure" time="0.002" /><testcase classname="tests.test_goldm_micro_instrument" name="test_goldm_micro_profile_maps_gold_i_exposure_without_confusing_lots" time="0.001" /><testcase classname="tests.test_goldm_micro_instrument" name="test_goldm_micro_profile_validates_mt5_contract_fail_closed" time="0.001" /><testcase classname="tests.test_goldm_micro_instrument" name="test_goldm_micro_replay_config_targets_native_symbol_and_spread" time="0.001" /><testcase classname="tests.test_goldm_micro_instrument" name="test_goldm_sizing_profiles_use_executable_sorted_tiers" time="0.003" /><testcase classname="tests.test_goldm_micro_instrument" name="test_goldm_primary_selects_aggressive_without_enabling_orders" time="0.002" /><testcase classname="tests.test_goldm_mt5_client.ReadOnlyMT5ClientTests" name="test_requests_closed_bars_starting_at_position_one" time="0.002" /><testcase classname="tests.test_goldm_mt5_log_bridge.GoldMMt5LogBridgeTests" name="test_account_probe_failure_persists_event_for_admin_only" time="0.147" /><testcase classname="tests.test_goldm_mt5_log_bridge.GoldMMt5LogBridgeTests" name="test_account_server_binding_is_case_sensitive" time="0.164" /><testcase classname="tests.test_goldm_mt5_log_bridge.GoldMMt5LogBridgeTests" name="test_broker_offset_fallback_does_not_treat_server_time_as_utc" time="0.002" /><testcase classname="tests.test_goldm_mt5_log_bridge.GoldMMt5LogBridgeTests" name="test_cursor_reset_replay_cannot_regress_closed_setup_to_active" time="0.252" /><testcase classname="tests.test_goldm_mt5_log_bridge.GoldMMt5LogBridgeTests" name="test_debug_notification_uses_full_outbox_path_without_entry" time="0.361" /><testcase classname="tests.test_goldm_mt5_log_bridge.GoldMMt5LogBridgeTests" name="test_demo_origin_with_same_login_and_spaced_server_is_viewer_approved" time="0.142" /><testcase classname="tests.test_goldm_mt5_log_bridge.GoldMMt5LogBridgeTests" name="test_duplicate_run_id_is_rejected_regardless_of_field_order" time="0.342" /><testcase classname="tests.test_goldm_mt5_log_bridge.GoldMMt5LogBridgeTests" name="test_duplicate_setup_id_is_rejected_before_setup_mutation" time="0.145" /><testcase classname="tests.test_goldm_mt5_log_bridge.GoldMMt5LogBridgeTests" name="test_ea_structured_events_emit_frozen_account_origin_metadata" time="0.007" /><testcase classname="tests.test_goldm_mt5_log_bridge.GoldMMt5LogBridgeTests" name="test_entry_ready_message_uses_scannable_sections" time="0.006" /><testcase classname="tests.test_goldm_mt5_log_bridge.GoldMMt5LogBridgeTests" name="test_explicit_utc_epochs_override_broker_timestamp" time="0.004" /><testcase classname="tests.test_goldm_mt5_log_bridge.GoldMMt5LogBridgeTests" name="test_identity_conflict_is_quarantined_without_starving_later_line" time="0.257" /><testcase classname="tests.test_goldm_mt5_log_bridge.GoldMMt5LogBridgeTests" name="test_idle_account_switch_to_live_turns_bridge_health_to_failure" time="0.164" /><testcase classname="tests.test_goldm_mt5_log_bridge.GoldMMt5LogBridgeTests" name="test_lifecycle_directory_accepts_only_matching_ea_session" time="0.209" /><testcase classname="tests.test_goldm_mt5_log_bridge.GoldMMt5LogBridgeTests" name="test_lifecycle_session_token_rejects_unset_or_short_values" time="0.082" /><testcase classname="tests.test_goldm_mt5_log_bridge.GoldMMt5LogBridgeTests" name="test_missing_or_noncanonical_origin_metadata_is_admin_only" time="0.425" /><testcase classname="tests.test_goldm_mt5_log_bridge.GoldMMt5LogBridgeTests" name="test_noncanonical_runtime_symbol_is_admin_only_and_never_viewer_approved" time="0.134" /><testcase classname="tests.test_goldm_mt5_log_bridge.GoldMMt5LogBridgeTests" name="test_outcome_is_ingested_with_same_setup_id" time="0.003" /><testcase classname="tests.test_goldm_mt5_log_bridge.GoldMMt5LogBridgeTests" name="test_parser_marks_duplicate_fields_without_hiding_event" time="0.002" /><testcase classname="tests.test_goldm_mt5_log_bridge.GoldMMt5LogBridgeTests" name="test_parser_preserves_setup_id_with_embedded_timestamp_space" time="0.002" /><testcase classname="tests.test_goldm_mt5_log_bridge.GoldMMt5LogBridgeTests" name="test_partial_line_waits_for_newline" time="0.239" /><testcase classname="tests.test_goldm_mt5_log_bridge.GoldMMt5LogBridgeTests" name="test_real_backlog_ingested_while_demo_is_never_viewer_approved" time="0.168" /><testcase classname="tests.test_goldm_mt5_log_bridge.GoldMMt5LogBridgeTests" name="test_restart_after_midnight_consumes_older_outcome_once" time="0.319" /><testcase classname="tests.test_goldm_mt5_log_bridge.GoldMMt5LogBridgeTests" name="test_same_path_atomic_replacement_resets_cursor_exactly_once" time="0.237" /><testcase classname="tests.test_goldm_mt5_log_bridge.GoldMMt5LogBridgeTests" name="test_same_path_truncate_and_regrow_resets_cursor_without_replaying" time="0.243" /><testcase classname="tests.test_goldm_mt5_log_bridge.GoldMMt5LogBridgeTests" name="test_split_utf16_code_unit_and_newline_are_ingested_exactly_once" time="0.277" /><testcase classname="tests.test_goldm_mt5_log_bridge.GoldMMt5LogBridgeTests" name="test_split_utf8_codepoint_is_buffered_without_replacement" time="0.226" /><testcase classname="tests.test_goldm_mt5_log_bridge.GoldMMt5LogBridgeTests" name="test_strategy_direction_and_run_lineage_metadata_are_preserved" time="0.003" /><testcase classname="tests.test_goldm_mt5_log_bridge.GoldMMt5LogBridgeTests" name="test_transient_storage_error_is_not_quarantined_or_advanced" time="0.142" /><testcase classname="tests.test_goldm_mt5_log_bridge.GoldMMt5LogBridgeTests" name="test_utf16_log_is_tailed_enqueued_and_deduplicated" time="0.272" /><testcase classname="tests.test_goldm_notify_cli.GoldMNotifyCliTests" name="test_bridge_account_provider_uses_shared_lock_and_exact_terminal" time="0.037" /><testcase classname="tests.test_goldm_notify_cli.GoldMNotifyCliTests" name="test_deployment_nonce_is_strict_lowercase_random_token_shape" time="0.004" /><testcase classname="tests.test_goldm_notify_cli.GoldMNotifyCliTests" name="test_ea_session_id_is_required_and_strict" time="0.006" /><testcase classname="tests.test_goldm_notify_cli.GoldMNotifyCliTests" name="test_explicit_env_file_is_required_and_duplicate_keys_fail_closed" time="0.042" /><testcase classname="tests.test_goldm_notify_cli.GoldMNotifyCliTests" name="test_explicit_env_file_overrides_and_clears_managed_ambient_values" time="0.040" /><testcase classname="tests.test_goldm_notify_cli.GoldMNotifyCliTests" name="test_lifecycle_log_directory_is_bound_to_exact_terminal" time="0.037" /><testcase classname="tests.test_goldm_notify_cli.GoldMNotifyCliTests" name="test_management_interval_defaults_and_cli_precedence" time="0.016" /><testcase classname="tests.test_goldm_notify_cli.GoldMNotifyCliTests" name="test_management_interval_is_bounded_and_finite" time="0.024" /><testcase classname="tests.test_goldm_notify_cli.GoldMNotifyCliTests" name="test_management_loop_serializes_mt5_access" time="0.032" /><testcase classname="tests.test_goldm_notify_cli.GoldMNotifyCliTests" name="test_management_loop_survives_a_transient_cycle_failure" time="0.016" /><testcase classname="tests.test_goldm_notify_cli.GoldMNotifyCliTests" name="test_missing_explicit_data_path_fails_before_store_or_worker_creation" time="0.051" /><testcase classname="tests.test_goldm_notify_cli.GoldMNotifyCliTests" name="test_missing_managed_file_value_cannot_be_supplied_by_ambient_env" time="0.036" /><testcase classname="tests.test_goldm_notify_cli.GoldMNotifyCliTests" name="test_missing_runtime_session_file_fails_before_adapter_or_store" time="0.043" /><testcase classname="tests.test_goldm_notify_cli.GoldMNotifyCliTests" name="test_release_id_is_full_lowercase_commit" time="0.004" /><testcase classname="tests.test_goldm_notify_cli.GoldMNotifyCliTests" name="test_telegram_polling_is_independent_and_survives_failure" time="0.230" /><testcase classname="tests.test_goldm_operator_launchers.GoldMOperatorLauncherTests" name="test_clickable_update_preserves_safe_update_pipeline" time="0.003" /><testcase classname="tests.test_goldm_operator_launchers.GoldMOperatorLauncherTests" name="test_clickable_worker_launchers_delegate_to_reviewed_controller" time="0.003" /><testcase classname="tests.test_goldm_operator_launchers.GoldMOperatorLauncherTests" name="test_worker_controller_uses_verified_module_barriers" time="0.001" /><testcase classname="tests.test_goldm_operator_launchers.GoldMOperatorLauncherTests" name="test_worker_identity_includes_the_scheduled_action_arguments" time="0.003" /><testcase classname="tests.test_goldm_position_management.GoldMPositionManagementTests" name="test_buy_uses_bid_and_sell_uses_ask_for_current_r" time="0.002" /><testcase classname="tests.test_goldm_position_management.GoldMPositionManagementTests" name="test_confirmed_database_state_with_weaker_stop_is_repaired" time="0.002" /><testcase classname="tests.test_goldm_position_management.GoldMPositionManagementTests" name="test_disabled_r2_falls_back_to_enabled_r1_protection" time="0.002" /><testcase classname="tests.test_goldm_position_management.GoldMPositionManagementTests" name="test_exact_thresholds_select_expected_actions" time="0.002" /><testcase classname="tests.test_goldm_position_management.GoldMPositionManagementTests" name="test_existing_more_protective_stop_is_never_loosened" time="0.002" /><testcase classname="tests.test_goldm_position_management.GoldMPositionManagementTests" name="test_failed_action_requires_explicit_retry" time="0.002" /><testcase classname="tests.test_goldm_position_management.GoldMPositionManagementTests" name="test_gap_to_r2_records_both_milestones_but_only_one_modify" time="0.002" /><testcase classname="tests.test_goldm_position_management.GoldMPositionManagementTests" name="test_gap_to_r3_prioritizes_full_close" time="0.004" /><testcase classname="tests.test_goldm_position_management.GoldMPositionManagementTests" name="test_initial_risk_reference_is_immutable" time="0.002" /><testcase classname="tests.test_goldm_position_management.GoldMPositionManagementTests" name="test_invalid_position_ticks_and_policy_fail_closed" time="0.002" /><testcase classname="tests.test_goldm_position_management.GoldMPositionManagementTests" name="test_latched_r2_remains_due_after_price_retraces" time="0.001" /><testcase classname="tests.test_goldm_position_management.GoldMPositionManagementTests" name="test_latched_r3_close_remains_due_after_price_retraces" time="0.001" /><testcase classname="tests.test_goldm_position_management.GoldMPositionManagementTests" name="test_pending_or_ambiguous_action_waits_for_reconciliation" time="0.003" /><testcase classname="tests.test_goldm_position_management.GoldMPositionManagementTests" name="test_sell_lock_prices_are_mirrored" time="0.002" /><testcase classname="tests.test_goldm_position_management.GoldMPositionManagementTests" name="test_touches_are_reported_when_all_broker_actions_are_disabled" time="0.002" /><testcase classname="tests.test_goldm_prod_baseline_research.GoldMProductionBaselineResearchTests" name="test_export_is_read_only_and_omits_account_identity" time="0.027" /><testcase classname="tests.test_goldm_prod_baseline_research.GoldMProductionBaselineResearchTests" name="test_production_tester_set_matches_the_sealed_input_contract" time="0.003" /><testcase classname="tests.test_goldm_prod_baseline_research.GoldMProductionBaselineResearchTests" name="test_strict_m1_ablation_changes_only_wait_limit_and_run_id" time="0.004" /><testcase classname="tests.test_goldm_prod_sample_research.GoldMProductionSampleResearchTests" name="test_first_touch_reports_target_stop_and_same_bar_ambiguity" time="0.002" /><testcase classname="tests.test_goldm_prod_sample_research.GoldMProductionSampleResearchTests" name="test_m1_features_distinguish_full_confirmation" time="0.002" /><testcase classname="tests.test_goldm_prod_sample_research.GoldMProductionSampleResearchTests" name="test_psychological_level_is_strictly_above_buy_entry" time="0.002" /><testcase classname="tests.test_goldm_prod_sample_research.GoldMProductionSampleResearchTests" name="test_swing_high_requires_bars_on_both_sides" time="0.002" /><testcase classname="tests.test_goldm_prod_sample_research.GoldMProductionSampleResearchTests" name="test_tick_touch_uses_bid_for_buy_and_preserves_order" time="0.002" /><testcase classname="tests.test_goldm_revised" name="test_broker_wall_clock_epoch_is_not_offset_twice" time="0.002" /><testcase classname="tests.test_goldm_revised" name="test_august_five_evidence_contract_and_matching" time="0.003" /><testcase classname="tests.test_goldm_revised" name="test_five_evidence_summary_reports_all_signals" time="0.003" /><testcase classname="tests.test_goldm_revised.GoldMRevisedEngineTests" name="test_buy_range_requires_repeated_rejections_and_enters" time="0.004" /><testcase classname="tests.test_goldm_revised.GoldMRevisedEngineTests" name="test_core_buy_target_is_lowered_further_before_obstacle" time="0.005" /><testcase classname="tests.test_goldm_revised.GoldMRevisedEngineTests" name="test_entry_inside_active_supply_has_zero_room" time="0.003" /><testcase classname="tests.test_goldm_revised.GoldMRevisedEngineTests" name="test_exhaustion_forces_range_mode" time="0.003" /><testcase classname="tests.test_goldm_revised.GoldMRevisedEngineTests" name="test_fibonacci_retests_are_counted_after_leaving_zone" time="0.002" /><testcase classname="tests.test_goldm_revised.GoldMRevisedEngineTests" name="test_first_obstacle_below_one_r_remains_watch_until_hard_invalidation" time="0.003" /><testcase classname="tests.test_goldm_revised.GoldMRevisedEngineTests" name="test_latched_strong_confirmation_can_enter_on_later_retest" time="0.003" /><testcase classname="tests.test_goldm_revised.GoldMRevisedEngineTests" name="test_latest_closed_bar_is_the_only_bar_read" time="0.007" /><testcase classname="tests.test_goldm_revised.GoldMRevisedEngineTests" name="test_m1_structure_can_make_early_buy_valid_without_relaxing_one_r_gate" time="0.003" /><testcase classname="tests.test_goldm_revised.GoldMRevisedEngineTests" name="test_m5_setup_persists_across_m1_bars_and_can_be_consumed" time="0.002" /><testcase classname="tests.test_goldm_revised.GoldMRevisedEngineTests" name="test_m5_strong_rejection_and_star_patterns_are_symmetric" time="0.002" /><testcase classname="tests.test_goldm_revised.GoldMRevisedEngineTests" name="test_missing_m5_setup_never_promotes" time="0.003" /><testcase classname="tests.test_goldm_revised.GoldMRevisedEngineTests" name="test_momentum_can_bypass_range_when_room_is_large" time="0.004" /><testcase classname="tests.test_goldm_revised.GoldMRevisedEngineTests" name="test_nearest_demand_zone_is_recorded_as_buy_context" time="0.002" /><testcase classname="tests.test_goldm_revised.GoldMRevisedEngineTests" name="test_nearest_supply_proximal_precedes_swing_high_and_psychology" time="0.002" /><testcase classname="tests.test_goldm_revised.GoldMRevisedEngineTests" name="test_opposite_m5_reversal_expires_buy_and_creates_sell_setup" time="0.001" /><testcase classname="tests.test_goldm_revised.GoldMRevisedEngineTests" name="test_package_is_independent_of_other_engines" time="0.002" /><testcase classname="tests.test_goldm_revised.GoldMRevisedEngineTests" name="test_post_trigger_m1_retest_cluster_is_not_an_external_obstacle" time="0.003" /><testcase classname="tests.test_goldm_revised.GoldMRevisedEngineTests" name="test_same_side_confirmation_reinforces_without_resetting_watch" time="0.003" /><testcase classname="tests.test_goldm_revised.GoldMRevisedEngineTests" name="test_sell_is_symmetric_but_observation_only" time="0.003" /><testcase classname="tests.test_goldm_revised.GoldMRevisedEngineTests" name="test_single_m1_micro_swing_does_not_override_psychological_obstacle" time="0.005" /><testcase classname="tests.test_goldm_revised.GoldMRevisedEngineTests" name="test_strict_room_rejects_weak_m5_pattern_but_accepts_engulfing" time="0.004" /><testcase classname="tests.test_goldm_revised.GoldMRevisedEngineTests" name="test_sub_one_r_psychological_obstacle_remains_watch" time="0.007" /><testcase classname="tests.test_goldm_revised.GoldMRevisedEngineTests" name="test_sub_one_r_structural_retest_is_labeled_scalper" time="0.003" /><testcase classname="tests.test_goldm_revised.GoldMRevisedEngineTests" name="test_two_closes_beyond_setup_invalidation_hard_cancel" time="0.004" /><testcase classname="tests.test_goldm_revised.GoldMRevisedEngineTests" name="test_watch_expiry_emits_explicit_terminal_reason" time="0.002" /><testcase classname="tests.test_goldm_revised.GoldMRevisedEngineTests" name="test_weak_opposite_micro_break_does_not_cancel_watch" time="0.001" /><testcase classname="tests.test_goldm_revised.GoldMRevisedStorageTests" name="test_events_are_idempotent_and_outcome_is_shadow_only" time="0.080" /><testcase classname="tests.test_goldm_revised.GoldMRevisedStorageTests" name="test_replay_outcome_starts_after_entry_and_tracks_target" time="0.003" /><testcase classname="tests.test_goldm_revised.GoldMRevisedSafetyTests" name="test_mt5_adapter_and_notifier_have_no_trade_or_polling_api" time="0.018" /><testcase classname="tests.test_goldm_revised.GoldMRevisedSafetyTests" name="test_mt5_source_reads_closed_series_and_shutdowns_without_trade_api" time="0.008" /><testcase classname="tests.test_goldm_revised.GoldMRevisedSafetyTests" name="test_watch_notification_labels_soft_fail_and_retest" time="0.002" /><testcase classname="tests.test_goldm_revised_management" name="test_management_requires_persistent_evidence_not_one_signal" time="0.003" /><testcase classname="tests.test_goldm_revised_management" name="test_obstacle_aware_near_target_can_exit_on_confirmed_momentum" time="0.004" /><testcase classname="tests.test_goldm_revised_management" name="test_typed_state_separates_fast_fade_from_runner" time="0.004" /><testcase classname="tests.test_goldm_revised_risk" name="test_sizer_floors_to_broker_step_without_rounding_up" time="0.002" /><testcase classname="tests.test_goldm_revised_risk" name="test_sizer_skips_when_risk_budget_cannot_fund_minimum_lot" time="0.001" /><testcase classname="tests.test_goldm_revised_risk" name="test_sizer_can_bridge_minimum_lot_without_exceeding_explicit_cap" time="0.003" /><testcase classname="tests.test_goldm_revised_risk" name="test_sizer_rejects_bridge_when_minimum_lot_exceeds_cap" time="0.002" /><testcase classname="tests.test_goldm_revised_risk" name="test_sizer_decompounds_at_soft_and_medium_drawdown" time="0.001" /><testcase classname="tests.test_goldm_revised_risk" name="test_sizer_pauses_at_hard_drawdown" time="0.001" /><testcase classname="tests.test_goldm_revised_risk" name="test_sizer_applies_margin_cap_before_step_floor" time="0.001" /><testcase classname="tests.test_goldm_revised_runtime.GoldMRevisedRuntimeTests" name="test_bat_launchers_use_revised_runner_or_controller" time="0.003" /><testcase classname="tests.test_goldm_revised_runtime.GoldMRevisedRuntimeTests" name="test_config_is_isolated_and_buy_first" time="0.002" /><testcase classname="tests.test_goldm_revised_runtime.GoldMRevisedRuntimeTests" name="test_production_ea_source_is_still_exact_baseline" time="0.002" /><testcase classname="tests.test_goldm_revised_runtime.GoldMRevisedRuntimeTests" name="test_revised_generator_is_buy_only_not_a_post_filter" time="0.004" /><testcase classname="tests.test_goldm_revised_runtime.GoldMRevisedRuntimeTests" name="test_runtime_has_no_cross_engine_imports_or_order_api" time="0.004" /><testcase classname="tests.test_goldm_revised_runtime.GoldMRevisedRuntimeTests" name="test_task_and_launcher_names_do_not_touch_production_worker" time="0.002" /><testcase classname="tests.test_goldm_revised_stop_paths" name="test_path_archetypes_are_not_single_threshold_bucket" time="0.005" /><testcase classname="tests.test_goldm_revised_trailing" name="test_locked_r_uses_highest_completed_close_step" time="0.005" /><testcase classname="tests.test_goldm_revised_trailing" name="test_no_trail_policy_never_locks" time="0.005" /><testcase classname="tests.test_goldm_revised_yfinance_research" name="test_yahoo_intraday_ranges_are_end_exclusive_and_bounded" time="0.001" /><testcase classname="tests.test_goldm_revised_yfinance_research" name="test_yahoo_chunk_rejects_more_than_seven_days" time="0.001" /><testcase classname="tests.test_goldm_revised_yfinance_research" name="test_proxy_warning_keeps_gc_f_separate_from_broker_symbol" time="0.002" /><testcase classname="tests.test_goldm_side_policy.GoldMSidePolicyTests" name="test_core_v2_keeps_production_172_strategy_defaults" time="0.002" /><testcase classname="tests.test_goldm_side_policy.GoldMSidePolicyTests" name="test_entry_side_policy_is_not_an_engine_selector" time="0.004" /><testcase classname="tests.test_goldm_side_policy.GoldMSidePolicyTests" name="test_legacy_ambiguous_environment_keys_are_rejected" time="0.011" /><testcase classname="tests.test_goldm_side_policy.GoldMSidePolicyTests" name="test_legacy_runtime_key_blocks_new_entries_fail_closed" time="0.134" /><testcase classname="tests.test_goldm_side_policy.GoldMSidePolicyTests" name="test_notification_filter_is_a_separate_type" time="0.003" /><testcase classname="tests.test_goldm_side_policy.GoldMSidePolicyTests" name="test_strategy_engine_is_immutable_d7_identity" time="0.005" /><testcase classname="tests.test_goldm_side_policy.GoldMSidePolicyTests" name="test_telegram_labels_cannot_imply_engine_switching" time="0.003" /><testcase classname="tests.test_goldm_signal_store.GoldMSignalStoreTests" name="test_early_candidate_can_cancel_without_becoming_entry" time="0.002" /><testcase classname="tests.test_goldm_signal_store.GoldMSignalStoreTests" name="test_early_candidate_is_watch_only_until_final_promotion" time="0.001" /><testcase classname="tests.test_goldm_signal_store.GoldMSignalStoreTests" name="test_outbox_worker_retries_failure_and_marks_success" time="0.126" /><testcase classname="tests.test_goldm_signal_store.GoldMSignalStoreTests" name="test_retest_expires_on_tenth_closed_m15_bar" time="0.002" /><testcase classname="tests.test_goldm_signal_store.GoldMSignalStoreTests" name="test_setup_state_is_persistent_and_outbox_is_deduplicated" time="0.095" /><testcase classname="tests.test_goldm_store_migrations.GoldMStoreMigrationTests" name="test_current_legacy_database_upgrades_without_data_loss" time="0.113" /><testcase classname="tests.test_goldm_store_migrations.GoldMStoreMigrationTests" name="test_existing_v2_action_ledger_rebuilds_for_ticketless_open_actions" time="0.183" /><testcase classname="tests.test_goldm_store_migrations.GoldMStoreMigrationTests" name="test_reinitialize_is_idempotent_and_connection_pragmas_are_configured" time="0.071" /><testcase classname="tests.test_goldm_store_migrations.GoldMStoreMigrationTests" name="test_telegram_poll_readiness_is_identity_bound_fresh_and_fail_closed" time="0.174" /><testcase classname="tests.test_goldm_store_migrations.GoldMStoreMigrationTests" name="test_telegram_poll_worker_restart_resets_and_rejects_old_writer" time="0.148" /><testcase classname="tests.test_goldm_store_migrations.GoldMStoreMigrationTests" name="test_trade_execution_management_and_account_metadata_are_immutable" time="0.145" /><testcase classname="tests.test_goldm_store_migrations.GoldMStoreMigrationTests" name="test_v6_database_adds_nullable_account_margin_mode_in_v7" time="0.101" /><testcase classname="tests.test_goldm_store_migrations.GoldMStoreMigrationTests" name="test_v7_cursor_migration_adds_continuity_fields_without_losing_offset" time="0.159" /><testcase classname="tests.test_goldm_store_migrations.GoldMPositionActionLedgerTests" name="test_action_intent_is_unique_and_status_updates_keep_broker_audit" time="0.175" /><testcase classname="tests.test_goldm_store_migrations.GoldMPositionActionLedgerTests" name="test_close_action_outcome_projects_execution_status_atomically" time="0.253" /><testcase classname="tests.test_goldm_store_migrations.GoldMPositionActionLedgerTests" name="test_concurrent_claim_has_exactly_one_winner" time="0.088" /><testcase classname="tests.test_goldm_store_migrations.GoldMPositionActionLedgerTests" name="test_confirm_trade_position_is_atomic_idempotent_and_fail_closed" time="0.188" /><testcase classname="tests.test_goldm_store_migrations.GoldMPositionActionLedgerTests" name="test_confirmation_replay_repairs_legacy_filled_open_fence_split" time="0.280" /><testcase classname="tests.test_goldm_store_migrations.GoldMPositionActionLedgerTests" name="test_expired_pending_lease_can_be_reclaimed" time="0.124" /><testcase classname="tests.test_goldm_store_migrations.GoldMPositionActionLedgerTests" name="test_failed_action_requires_explicit_retry_and_preserves_attempt_count" time="0.129" /><testcase classname="tests.test_goldm_store_migrations.GoldMPositionActionLedgerTests" name="test_guarded_open_intent_rejects_same_batch_terminal_and_stale_setup" time="0.317" /><testcase classname="tests.test_goldm_store_migrations.GoldMPositionActionLedgerTests" name="test_initial_protection_confirmation_closes_related_open_fence_atomically" time="0.233" /><testcase classname="tests.test_goldm_store_migrations.GoldMPositionActionLedgerTests" name="test_management_stage_and_finalize_are_atomic_replay_safe" time="0.255" /><testcase classname="tests.test_goldm_store_migrations.GoldMPositionActionLedgerTests" name="test_management_stage_rolls_back_on_idempotency_collision" time="0.160" /><testcase classname="tests.test_goldm_store_migrations.GoldMPositionActionLedgerTests" name="test_open_action_has_no_fake_ticket_and_mutations_require_a_target" time="0.103" /><testcase classname="tests.test_goldm_store_migrations.GoldMPositionActionLedgerTests" name="test_open_execution_intent_and_action_are_atomic_and_replay_safe" time="0.136" /><testcase classname="tests.test_goldm_store_migrations.GoldMPositionActionLedgerTests" name="test_projection_claim_skips_more_than_one_page_of_history" time="0.119" /><testcase classname="tests.test_goldm_store_migrations.GoldMPositionActionLedgerTests" name="test_stale_execution_writer_cannot_regress_confirmed_position" time="0.205" /><testcase classname="tests.test_goldm_store_migrations.GoldMPositionActionLedgerTests" name="test_submitted_open_latches_first_terminal_for_deferred_close" time="0.235" /><testcase classname="tests.test_goldm_store_migrations.GoldMPositionActionLedgerTests" name="test_terminal_event_atomically_cancels_pending_open_and_replays_after_restart" time="0.183" /><testcase classname="tests.test_goldm_store_migrations.GoldMPositionActionLedgerTests" name="test_ticket_churn_sync_is_stable_identifier_and_account_guarded" time="0.230" /><testcase classname="tests.test_goldm_strategy_172_parity.GoldMStrategy172ParityTests" name="test_entry_distance_guard_waits_for_pullback_without_raising_risk_limit" time="0.043" /><testcase classname="tests.test_goldm_strategy_172_parity.GoldMStrategy172ParityTests" name="test_fibonacci_impulse_is_anchored_to_m15_not_m1" time="0.041" /><testcase classname="tests.test_goldm_strategy_172_parity.GoldMStrategy172ParityTests" name="test_production_decision_functions_match_exact_6a_baseline" time="0.039" /><testcase classname="tests.test_goldm_strategy_172_parity.GoldMStrategy172ParityTests" name="test_runtime_hardening_is_outside_the_frozen_decision_contract" time="0.001" /><testcase classname="tests.test_goldm_symbol_profile.GoldMSymbolProfileTests" name="test_gold_i_profile_preserves_supplied_broker_facts" time="0.001" /><testcase classname="tests.test_goldm_symbol_profile.GoldMSymbolProfileTests" name="test_runtime_mismatch_is_a_hard_failure" time="0.001" /><testcase classname="tests.test_goldm_symbol_profile.GoldMSymbolProfileTests" name="test_runtime_spec_is_checked_without_inventing_volume_step" time="0.002" /><testcase classname="tests.test_goldm_telegram_approval.GoldMTelegramApprovalTests" name="test_account_change_between_stage_and_confirm_is_rejected" time="0.282" /><testcase classname="tests.test_goldm_telegram_approval.GoldMTelegramApprovalTests" name="test_admin_ids_must_be_positive_private_user_ids" time="0.081" /><testcase classname="tests.test_goldm_telegram_approval.GoldMTelegramApprovalTests" name="test_admin_only_mt5_event_bypasses_show_filter_but_verified_demo_does_not" time="0.236" /><testcase classname="tests.test_goldm_telegram_approval.GoldMTelegramApprovalTests" name="test_approved_user_can_only_use_public_read_only_commands" time="0.202" /><testcase classname="tests.test_goldm_telegram_approval.GoldMTelegramApprovalTests" name="test_broadcast_excludes_pending_and_rejected_subscribers" time="0.240" /><testcase classname="tests.test_goldm_telegram_approval.GoldMTelegramApprovalTests" name="test_callback_requires_admins_own_private_chat" time="0.104" /><testcase classname="tests.test_goldm_telegram_approval.GoldMTelegramApprovalTests" name="test_control_panel_is_root_admin_only" time="0.112" /><testcase classname="tests.test_goldm_telegram_approval.GoldMTelegramApprovalTests" name="test_demo_mode_requires_two_clicks_and_binds_current_account" time="0.142" /><testcase classname="tests.test_goldm_telegram_approval.GoldMTelegramApprovalTests" name="test_duplicate_poller_conflict_never_marks_ready_or_persists_secrets" time="0.173" /><testcase classname="tests.test_goldm_telegram_approval.GoldMTelegramApprovalTests" name="test_entry_side_policy_requires_two_clicks_and_updates_runtime" time="0.167" /><testcase classname="tests.test_goldm_telegram_approval.GoldMTelegramApprovalTests" name="test_expired_control_confirmation_is_rejected" time="0.123" /><testcase classname="tests.test_goldm_telegram_approval.GoldMTelegramApprovalTests" name="test_group_member_admin_identity_cannot_use_privileged_commands" time="0.074" /><testcase classname="tests.test_goldm_telegram_approval.GoldMTelegramApprovalTests" name="test_health_is_green_only_with_fresh_matching_session_evidence" time="0.124" /><testcase classname="tests.test_goldm_telegram_approval.GoldMTelegramApprovalTests" name="test_health_reports_stale_instead_of_false_green" time="0.121" /><testcase classname="tests.test_goldm_telegram_approval.GoldMTelegramApprovalTests" name="test_invalid_entry_side_callback_fails_closed_without_staging" time="0.104" /><testcase classname="tests.test_goldm_telegram_approval.GoldMTelegramApprovalTests" name="test_invalid_show_profile_blocks_strategy_and_warns_admin" time="0.191" /><testcase classname="tests.test_goldm_telegram_approval.GoldMTelegramApprovalTests" name="test_live_account_event_is_delivered_only_to_root_admin" time="0.184" /><testcase classname="tests.test_goldm_telegram_approval.GoldMTelegramApprovalTests" name="test_live_mode_is_blocked_by_default_deployment_switch" time="0.112" /><testcase classname="tests.test_goldm_telegram_approval.GoldMTelegramApprovalTests" name="test_malformed_success_payload_does_not_mark_ready" time="0.120" /><testcase classname="tests.test_goldm_telegram_approval.GoldMTelegramApprovalTests" name="test_missing_or_unknown_event_scope_is_admin_only" time="0.167" /><testcase classname="tests.test_goldm_telegram_approval.GoldMTelegramApprovalTests" name="test_non_admin_admin_command_is_rejected_before_dispatch" time="0.110" /><testcase classname="tests.test_goldm_telegram_approval.GoldMTelegramApprovalTests" name="test_non_admin_cannot_approve" time="0.110" /><testcase classname="tests.
[...]
ram_approval.GoldMTelegramApprovalTests" name="test_off_mode_is_an_immediate_emergency_stop" time="0.135" /><testcase classname="tests.test_goldm_telegram_approval.GoldMTelegramApprovalTests" name="test_offset_persistence_failure_never_marks_poll_ready" time="0.121" /><testcase classname="tests.test_goldm_telegram_approval.GoldMTelegramApprovalTests" name="test_poll_error_after_ready_degrades_until_new_success" time="0.165" /><testcase classname="tests.test_goldm_telegram_approval.GoldMTelegramApprovalTests" name="test_private_chat_id_cannot_impersonate_admin_actor" time="0.081" /><testcase classname="tests.test_goldm_telegram_approval.GoldMTelegramApprovalTests" name="test_processing_failure_degrades_readiness_and_replays_only_poison_update" time="0.181" /><testcase classname="tests.test_goldm_telegram_approval.GoldMTelegramApprovalTests" name="test_public_signal_and_history_commands_require_approved_access" time="0.090" /><testcase classname="tests.test_goldm_telegram_approval.GoldMTelegramApprovalTests" name="test_public_snapshots_hide_live_events_but_admin_can_read_them" time="0.202" /><testcase classname="tests.test_goldm_telegram_approval.GoldMTelegramApprovalTests" name="test_r_management_toggle_requires_two_clicks_for_future_positions" time="0.150" /><testcase classname="tests.test_goldm_telegram_approval.GoldMTelegramApprovalTests" name="test_retry_does_not_resend_to_successful_recipient" time="0.188" /><testcase classname="tests.test_goldm_telegram_approval.GoldMTelegramApprovalTests" name="test_show_profile_filters_only_directional_strategy_delivery" time="0.229" /><testcase classname="tests.test_goldm_telegram_approval.GoldMTelegramApprovalTests" name="test_start_is_pending_until_admin_approves_callback" time="0.154" /><testcase classname="tests.test_goldm_telegram_approval.GoldMTelegramApprovalTests" name="test_unlocked_live_mode_requires_explicit_second_click" time="0.176" /><testcase classname="tests.test_goldm_telegram_approval.GoldMTelegramApprovalTests" name="test_update_offset_is_persisted" time="0.143" /><testcase classname="tests.test_goldm_telegram_approval.GoldMTelegramApprovalTests" name="test_users_can_be_revoked_with_admin_button" time="0.288" /><testcase classname="tests.test_goldm_telegram_approval.GoldMTelegramApprovalTests" name="test_valid_empty_poll_marks_current_worker_ready" time="0.125" /><testcase classname="tests.test_goldm_telegram_approval.GoldMTelegramApprovalTests" name="test_watch_snapshot_reports_no_data_without_creating_an_entry" time="0.102" /><testcase classname="tests.test_goldm_telegram_client.TelegramBotClientTests" name="test_command_menu_is_public_by_default_and_scoped_for_each_admin" time="0.002" /><testcase classname="tests.test_goldm_telegram_client.TelegramBotClientTests" name="test_command_scope_accepts_negative_group_chat_id" time="0.007" /><testcase classname="tests.test_goldm_telegram_client.TelegramBotClientTests" name="test_inline_message_can_be_replaced_and_buttons_removed" time="0.002" /><testcase classname="tests.test_goldm_trade_lifecycle.GoldMTradeLifecycleTests" name="test_broker_fill_response_without_position_stays_pending" time="0.395" /><testcase classname="tests.test_goldm_trade_lifecycle.GoldMTradeLifecycleTests" name="test_broker_history_emits_actual_manual_close_lifecycle" time="0.607" /><testcase classname="tests.test_goldm_trade_lifecycle.GoldMTradeLifecycleTests" name="test_buy_only_runtime_policy_rejects_sell" time="0.224" /><testcase classname="tests.test_goldm_trade_lifecycle.GoldMTradeLifecycleTests" name="test_duplicate_lineage_field_is_not_executable" time="0.242" /><testcase classname="tests.test_goldm_trade_lifecycle.GoldMTradeLifecycleTests" name="test_exact_protected_broker_position_is_confirmed_filled" time="0.403" /><testcase classname="tests.test_goldm_trade_lifecycle.GoldMTradeLifecycleTests" name="test_expired_signal_is_persisted_and_not_sent" time="0.226" /><testcase classname="tests.test_goldm_trade_lifecycle.GoldMTradeLifecycleTests" name="test_invalid_runtime_direction_setting_fails_closed" time="0.219" /><testcase classname="tests.test_goldm_trade_lifecycle.GoldMTradeLifecycleTests" name="test_max_holding_minutes_must_be_positive_and_bounded" time="1.142" /><testcase classname="tests.test_goldm_trade_lifecycle.GoldMTradeLifecycleTests" name="test_missing_auto_entry_eligibility_is_not_executable" time="0.230" /><testcase classname="tests.test_goldm_trade_lifecycle.GoldMTradeLifecycleTests" name="test_missing_lineage_epoch_is_not_executable" time="0.214" /><testcase classname="tests.test_goldm_trade_lifecycle.GoldMTradeLifecycleTests" name="test_non_hedging_or_unknown_account_is_rejected_before_open" time="0.698" /><testcase classname="tests.test_goldm_trade_lifecycle.GoldMTradeLifecycleTests" name="test_noncanonical_symbol_is_rejected_before_any_broker_send" time="0.202" /><testcase classname="tests.test_goldm_trade_lifecycle.GoldMTradeLifecycleTests" name="test_off_mode_sizes_but_never_sends_order" time="0.199" /><testcase classname="tests.test_goldm_trade_lifecycle.GoldMTradeLifecycleTests" name="test_other_demo_terminal_cannot_cancel_pending_open" time="0.579" /><testcase classname="tests.test_goldm_trade_lifecycle.GoldMTradeLifecycleTests" name="test_real_origin_read_on_demo_is_admin_only_and_never_executes" time="0.197" /><testcase classname="tests.test_goldm_trade_lifecycle.GoldMTradeLifecycleTests" name="test_real_terminal_cannot_defer_or_close_filled_demo_position" time="0.490" /><testcase classname="tests.test_goldm_trade_lifecycle.GoldMTradeLifecycleTests" name="test_runtime_settings_override_worker_config_without_restart" time="0.216" /><testcase classname="tests.test_goldm_trade_lifecycle.GoldMTradeLifecycleTests" name="test_same_batch_signal_then_early_cancel_never_creates_open_intent" time="0.250" /><testcase classname="tests.test_goldm_trade_lifecycle.GoldMTradeLifecycleTests" name="test_same_batch_signal_then_outcome_never_creates_open_intent" time="0.232" /><testcase classname="tests.test_goldm_trade_lifecycle.GoldMTradeLifecycleTests" name="test_sell_only_runtime_policy_rejects_buy_before_order_send" time="0.205" /><testcase classname="tests.test_goldm_trade_lifecycle.GoldMTradeLifecycleTests" name="test_signal_direction_metadata_mismatch_fails_closed" time="0.241" /><testcase classname="tests.test_goldm_trade_lifecycle.GoldMTradeLifecycleTests" name="test_signal_origin_binding_is_immutable_when_account_changes" time="0.586" /><testcase classname="tests.test_goldm_trade_lifecycle.GoldMTradeLifecycleTests" name="test_signal_side_mismatch_is_not_executable" time="0.240" /><testcase classname="tests.test_goldm_trade_lifecycle.GoldMTradeLifecycleTests" name="test_terminal_after_ambiguous_open_defers_then_closes_exact_position" time="0.949" /><testcase classname="tests.test_goldm_trade_lifecycle.GoldMTradeLifecycleTests" name="test_terminal_event_atomically_cancels_staged_pending_open" time="0.306" /><testcase classname="tests.test_goldm_trade_lifecycle.GoldMTradeLifecycleTests" name="test_unknown_strategy_id_is_not_executable" time="0.227" /><testcase classname="tests.test_goldm_trade_lifecycle.GoldMTradeLifecycleTests" name="test_unknown_strategy_version_is_not_executable" time="0.221" /><testcase classname="tests.test_mock_mt5_adapter.MockMT5AdapterTests" name="test_load_symbol_capabilities" time="0.001" /><testcase classname="tests.test_mock_mt5_adapter.MockMT5AdapterTests" name="test_mock_adapter_falls_back_to_ticket_as_stable_identifier" time="0.001" /><testcase classname="tests.test_mock_mt5_adapter.MockMT5AdapterTests" name="test_mock_adapter_load_price_tick" time="0.001" /><testcase classname="tests.test_mock_mt5_adapter.MockMT5AdapterTests" name="test_mock_adapter_modifies_protection_and_preserves_omitted_tp" time="0.002" /><testcase classname="tests.test_mock_mt5_adapter.MockMT5AdapterTests" name="test_mock_adapter_send_order_returns_fill" time="0.005" /><testcase classname="tests.test_mock_mt5_adapter.MockMT5AdapterTests" name="test_validate_order_accepts_valid_request" time="0.002" /><testcase classname="tests.test_mock_mt5_adapter.MockMT5AdapterTests" name="test_validate_order_rejects_stop_level_violation" time="0.001" /><testcase classname="tests.test_mock_mt5_adapter.LiveMT5AdapterTests" name="test_live_adapter_accepts_exact_account_and_terminal_binding" time="0.005" /><testcase classname="tests.test_mock_mt5_adapter.LiveMT5AdapterTests" name="test_live_adapter_can_require_mutation_binding" time="0.002" /><testcase classname="tests.test_mock_mt5_adapter.LiveMT5AdapterTests" name="test_live_adapter_exposes_netting_margin_mode_without_guessing" time="0.002" /><testcase classname="tests.test_mock_mt5_adapter.LiveMT5AdapterTests" name="test_live_adapter_idempotent_protection_does_not_send_order" time="0.002" /><testcase classname="tests.test_mock_mt5_adapter.LiveMT5AdapterTests" name="test_live_adapter_maps_positions_and_deals_for_lifecycle_reconciliation" time="0.002" /><testcase classname="tests.test_mock_mt5_adapter.LiveMT5AdapterTests" name="test_live_adapter_modifies_sltp_without_volume_and_preserves_tp" time="0.001" /><testcase classname="tests.test_mock_mt5_adapter.LiveMT5AdapterTests" name="test_live_adapter_reinitializes_after_no_ipc_on_account_info" time="0.002" /><testcase classname="tests.test_mock_mt5_adapter.LiveMT5AdapterTests" name="test_live_adapter_reinitializes_after_no_ipc_on_tick" time="0.002" /><testcase classname="tests.test_mock_mt5_adapter.LiveMT5AdapterTests" name="test_live_adapter_rejects_done_when_postcondition_is_not_met" time="0.002" /><testcase classname="tests.test_mock_mt5_adapter.LiveMT5AdapterTests" name="test_live_adapter_rejects_non_done_retcode_even_if_postcondition_is_met" time="0.002" /><testcase classname="tests.test_mock_mt5_adapter.LiveMT5AdapterTests" name="test_live_adapter_resolves_current_ticket_from_stable_identifier" time="0.001" /><testcase classname="tests.test_mock_mt5_adapter.LiveMT5AdapterTests" name="test_live_adapter_send_order_returns_broker_result" time="0.003" /><testcase classname="tests.test_mock_mt5_adapter.LiveMT5AdapterTests" name="test_live_adapter_uses_account_trade_mode_for_demo_fingerprint" time="0.001" /><testcase classname="tests.test_mock_mt5_adapter.LiveMT5AdapterTests" name="test_live_adapter_uses_account_trade_mode_for_real_fingerprint" time="0.003" /><testcase classname="tests.test_mock_mt5_adapter.LiveMT5AdapterTests" name="test_live_adapter_uses_symbol_select_and_order_check" time="0.003" /><testcase classname="tests.test_mock_mt5_adapter.LiveMT5AdapterTests" name="test_live_order_rechecks_account_binding_immediately_before_send" time="0.002" /><testcase classname="tests.test_mock_mt5_adapter.LiveMT5AdapterTests" name="test_live_order_rejects_netting_account_before_send" time="0.001" /><testcase classname="tests.test_mock_mt5_adapter.LiveMT5AdapterTests" name="test_live_order_send_does_not_retry_ambiguous_ipc_result" time="0.002" /><testcase classname="tests.test_mock_mt5_adapter.LiveMT5AdapterTests" name="test_live_protection_rechecks_terminal_binding_before_send" time="0.005" /><testcase classname="tests.test_mock_mt5_adapter.LiveMT5AdapterTests" name="test_live_sltp_does_not_retry_ambiguous_ipc_result" time="0.001" /><testcase classname="tests.test_mock_mt5_adapter.LiveMT5AdapterTests" name="test_live_sltp_exposes_reconciled_state_after_lost_response" time="0.002" /><testcase classname="tests.test_mock_mt5_adapter.LiveMT5AdapterTests" name="test_mt5_snapshot_provider_builds_runtime_snapshot" time="0.002" /><testcase classname="tests.test_mt5_execution_runtime.MT5ExecutionRuntimeTests" name="test_add_position_dry_run_is_supported" time="0.002" /><testcase classname="tests.test_mt5_execution_runtime.MT5ExecutionRuntimeTests" name="test_cancel_pending_dry_run_is_supported" time="0.002" /><testcase classname="tests.test_mt5_execution_runtime.MT5ExecutionRuntimeTests" name="test_close_position_dry_run_is_supported" time="0.003" /><testcase classname="tests.test_mt5_execution_runtime.MT5ExecutionRuntimeTests" name="test_close_position_live_result_preserves_position_ticket" time="0.004" /><testcase classname="tests.test_mt5_execution_runtime.MT5ExecutionRuntimeTests" name="test_execute_defaults_to_dry_run" time="0.001" /><testcase classname="tests.test_mt5_execution_runtime.MT5ExecutionRuntimeTests" name="test_execute_live_does_not_map_placed_order_to_filled" time="0.002" /><testcase classname="tests.test_mt5_execution_runtime.MT5ExecutionRuntimeTests" name="test_execute_live_preserves_unknown_broker_outcome_for_reconciliation" time="0.001" /><testcase classname="tests.test_mt5_execution_runtime.MT5ExecutionRuntimeTests" name="test_execute_live_refreshes_price_before_revalidation_and_send" time="0.001" /><testcase classname="tests.test_mt5_execution_runtime.MT5ExecutionRuntimeTests" name="test_execute_live_submits" time="0.002" /><testcase classname="tests.test_mt5_execution_runtime.MT5ExecutionRuntimeTests" name="test_preflight_works" time="0.001" /><testcase classname="tests.test_mt5_execution_runtime.MT5ExecutionRuntimeTests" name="test_reduce_position_dry_run_is_supported" time="0.003" /><testcase classname="tests.test_mt5_snapshots.MT5SnapshotTests" name="test_build_account_snapshot_from_mapping" time="0.002" /><testcase classname="tests.test_mt5_snapshots.MT5SnapshotTests" name="test_build_symbol_snapshot_infers_class" time="0.002" /><testcase classname="tests.test_no_app_surfaces" name="test_desktop_ui_and_websocket_surfaces_are_absent" time="0.007" /><testcase classname="tests.test_no_app_surfaces" name="test_package_has_no_ui_websocket_dependency_or_entrypoint" time="0.003" /><testcase classname="tests.test_no_app_surfaces" name="test_bot_ea_public_package_does_not_export_desktop_runtime" time="0.004" /><testcase classname="tests.test_operator_state" name="test_runtime_state_round_trip_and_update" time="0.089" /><testcase classname="tests.test_operator_state" name="test_last_session_round_trip_and_update" time="0.451" /><testcase classname="tests.test_operator_state" name="test_list_account_contexts_reports_mapped_existing_and_new_candidates" time="0.589" /><testcase classname="tests.test_operator_state" name="test_build_resume_state_can_select_existing_context" time="0.437" /><testcase classname="tests.test_operator_state" name="test_build_resume_state_uses_existing_base_context_when_mapping_missing" time="0.244" /><testcase classname="tests.test_operator_state" name="test_create_new_context_preserves_existing_resume_prompt_and_session" time="0.513" /><testcase classname="tests.test_operator_state" name="test_rebinding_existing_context_does_not_overwrite_resume_prompt" time="0.293" /><testcase classname="tests.test_operator_state" name="test_build_resume_state_replaces_stale_runtime_state_with_existing_context" time="0.270" /><testcase classname="tests.test_operator_state" name="test_managed_resume_prompt_includes_account_notes" time="0.351" /><testcase classname="tests.test_polling_runtime.PollingRuntimeTests" name="test_add_cycle_records_added_position_event" time="0.229" /><testcase classname="tests.test_polling_runtime.PollingRuntimeTests" name="test_cancel_pending_cycle_records_execution_without_position_event" time="0.194" /><testcase classname="tests.test_polling_runtime.PollingRuntimeTests" name="test_cancel_pending_reject_returns_rejection_action" time="0.207" /><testcase classname="tests.test_polling_runtime.PollingRuntimeTests" name="test_close_cycle_records_closed_position_event" time="0.252" /><testcase classname="tests.test_polling_runtime.PollingRuntimeTests" name="test_close_cycle_uses_request_position_ticket_when_execution_result_omits_it" time="0.248" /><testcase classname="tests.test_polling_runtime.PollingRuntimeTests" name="test_execution_guard_rejection_is_recorded" time="0.206" /><testcase classname="tests.test_polling_runtime.PollingRuntimeTests" name="test_execution_runtime_failure_is_recorded" time="0.215" /><testcase classname="tests.test_polling_runtime.PollingRuntimeTests" name="test_reduce_cycle_records_reduced_position_event" time="0.271" /><testcase classname="tests.test_polling_runtime.PollingRuntimeTests" name="test_run_cycle_records_trade_flow" time="0.212" /><testcase classname="tests.test_quality_gate" name="test_quality_python_files_selects_only_existing_python_under_quality_roots" time="0.065" /><testcase classname="tests.test_quality_gate" name="test_quality_python_files_is_deterministic_and_deduplicated" time="0.039" /><testcase classname="tests.test_quality_gate" name="test_parser_requires_base_and_defaults_head" time="0.002" /><testcase classname="tests.test_quality_gate" name="test_git_uses_repository_local_safe_directory" time="0.023" /><testcase classname="tests.test_quality_gate" name="test_core_coverage_uses_isolated_pytest_temp" time="0.119" /><testcase classname="tests.test_risk_engine.RiskEngineTests" name="test_daily_loss_exhaustion_blocks_trade" time="0.003" /><testcase classname="tests.test_risk_engine.RiskEngineTests" name="test_percent_allocation_changes_capital_base" time="0.005" /><testcase classname="tests.test_risk_engine.RiskEngineTests" name="test_practical_risk_pressure_can_reject_index_intraday" time="0.001" /><testcase classname="tests.test_risk_engine.RiskEngineTests" name="test_price_aware_hard_floor_rejects_underfunded_xauusd" time="0.001" /><testcase classname="tests.test_risk_engine.RiskEngineTests" name="test_stop_level_rejection" time="0.001" /><testcase classname="tests.test_risk_engine.RiskEngineTests" name="test_strict_mode_reduces_risk_budget" time="0.001" /><testcase classname="tests.test_risk_engine.RiskEngineTests" name="test_tiny_fixed_allocation_is_rejected_by_hard_floor" time="0.003" /><testcase classname="tests.test_risk_engine.RiskEngineTests" name="test_volume_rounds_down_to_step" time="0.003" /><testcase classname="tests.test_risk_engine.RiskEngineTests" name="test_warning_contains_recommended_minimum_for_symbol_and_style" time="0.001" /><testcase classname="tests.test_runtime_store.RuntimeStoreTests" name="test_fetch_trade_lifecycle_rows_reconstructs_trade_summaries_and_ledger" time="0.360" /><testcase classname="tests.test_runtime_store.RuntimeStoreTests" name="test_runtime_store_initializes_and_records_rows" time="0.215" /><testcase classname="tests.test_runtime_store.RuntimeStoreTests" name="test_trade_lifecycle_keeps_earliest_opened_at_and_accumulates_split_fees" time="0.190" /><testcase classname="tests.test_session_breakout.SessionBreakoutTests" name="test_detects_buy_breakout" time="0.001" /><testcase classname="tests.test_session_breakout.SessionBreakoutTests" name="test_stands_down_during_news" time="0.001" /><testcase classname="tests.test_stop_policy.StopPolicyTests" name="test_consecutive_losses_halt_runtime" time="0.002" /><testcase classname="tests.test_stop_policy.StopPolicyTests" name="test_profit_target_halts_runtime" time="0.006" /><testcase classname="tests.test_validation.ValidationTests" name="test_build_runtime_validation_report_uses_terminal_attempts_and_bridge_warnings" time="0.004" /><testcase classname="tests.test_validation.ValidationTests" name="test_build_trade_records_from_runtime_merges_ledger_and_fill_telemetry" time="0.002" /><testcase classname="tests.test_validation.ValidationTests" name="test_cost_realism_warning" time="0.001" /><testcase classname="tests.test_validation.ValidationTests" name="test_execution_quality_summary" time="0.001" /><testcase classname="tests.test_validation.ValidationTests" name="test_execution_quality_summary_excludes_missing_runtime_telemetry_from_averages" time="0.001" /><testcase classname="tests.test_validation.ValidationTests" name="test_promotion_audit_markdown_includes_thresholds_and_artifacts" time="0.001" /><testcase classname="tests.test_validation.ValidationTests" name="test_promotion_gate_rejects_weak_challenger" time="0.003" /><testcase classname="tests.test_validation.ValidationTests" name="test_summary_metrics" time="0.001" /></testsuite></testsuites>