<?xml version="1.0" encoding="utf-8"?><testsuites name="pytest tests"><testsuite name="pytest" errors="0" failures="0" skipped="1" tests="971" time="466.394" timestamp="2026-08-21T05:04:26.272084+07:00" hostname="DESKTOP-SMT00UA"><testcase classname="tests.gold_engine_core.test_bear_incremental" name="test_bar_by_bar_incremental_matches_replay_geometry_and_events[GOLDI]" time="0.031" /><testcase classname="tests.gold_engine_core.test_bear_incremental" name="test_bar_by_bar_incremental_matches_replay_geometry_and_events[GOLDM]" time="0.059" /><testcase classname="tests.gold_engine_core.test_bear_incremental" name="test_incremental_processing_is_idempotent_bounded_and_rejects_old_bars" time="0.012" /><testcase classname="tests.gold_engine_core.test_bear_incremental" name="test_profile_state_cannot_cross_machine_boundary" time="0.007" /><testcase classname="tests.gold_engine_core.test_bear_incremental" name="test_h1_rejection_and_m5_acceptance_are_terminal_and_causal" time="0.016" /><testcase classname="tests.gold_engine_core.test_bear_incremental" name="test_m1_expiry_and_bounded_watch_recovery" time="0.032" /><testcase classname="tests.gold_engine_core.test_bear_incremental" name="test_profile_tick_contract_mismatch_fails_closed" time="0.003" /><testcase classname="tests.gold_engine_core.test_bear_incremental" name="test_live_worker_uses_only_bounded_incremental_bear_path" time="0.233" /><testcase classname="tests.gold_engine_core.test_causal_replay" name="test_tick_driven_replay_is_deterministic_causal_and_nontradable_during_warmup[GOLDI]" time="0.015" /><testcase classname="tests.gold_engine_core.test_causal_replay" name="test_tick_driven_replay_is_deterministic_causal_and_nontradable_during_warmup[GOLDM]" time="0.016" /><testcase classname="tests.gold_engine_core.test_causal_replay" name="test_goldi_goldm_reports_are_separate_and_profile_bound" time="0.017" /><testcase classname="tests.gold_engine_core.test_causal_replay" name="test_missing_closed_bar_wrong_profile_and_naive_timezone_fail_closed" time="0.025" /><testcase classname="tests.gold_engine_core.test_causal_replay" name="test_tick_path_uses_bid_ask_and_bar_ambiguity_is_conservative_stop_first" time="0.014" /><testcase classname="tests.gold_engine_core.test_causal_replay" name="test_no_future_path_is_not_invented" time="0.009" /><testcase classname="tests.gold_engine_core.test_causal_replay" name="test_profile_reports_rebuild_byte_identically" time="0.277" /><testcase classname="tests.gold_engine_core.test_contracts" name="test_pure_engine_uses_explicit_profile_and_all_required_interfaces" time="0.007" /><testcase classname="tests.gold_engine_core.test_contracts" name="test_core_contract_module_has_no_forbidden_runtime_dependency" time="0.074" /><testcase classname="tests.gold_engine_core.test_contracts" name="test_market_snapshot_is_closed_bar_causal_and_profile_explicit" time="0.009" /><testcase classname="tests.gold_engine_core.test_contracts" name="test_bar_tick_and_series_reject_invalid_market_data" time="0.004" /><testcase classname="tests.gold_engine_core.test_contracts" name="test_snapshot_rejects_duplicate_and_future_market_inputs" time="0.003" /><testcase classname="tests.gold_engine_core.test_contracts" name="test_strategy_and_profile_configs_are_bounded_and_profile_locked" time="0.014" /><testcase classname="tests.gold_engine_core.test_contracts" name="test_setup_state_and_strategy_state_are_causal_and_typed" time="0.002" /><testcase classname="tests.gold_engine_core.test_contracts" name="test_signal_plan_is_owned_causal_tick_aligned_and_structural" time="0.006" /><testcase classname="tests.gold_engine_core.test_contracts" name="test_decision_position_event_and_output_guards_fail_closed" time="0.007" /><testcase classname="tests.gold_engine_core.test_contracts" name="test_probe_warmup_rejects_missing_required_history" time="0.008" /><testcase classname="tests.gold_engine_core.test_current_behavior_corpus" name="test_required_scenarios_are_complete_and_profile_isolated" time="0.093" /><testcase classname="tests.gold_engine_core.test_current_behavior_corpus" name="test_corpus_is_causal_and_strategy_inputs_are_closed" time="0.004" /><testcase classname="tests.gold_engine_core.test_current_behavior_corpus" name="test_current_wrong_execution_behavior_is_preserved" time="0.005" /><testcase classname="tests.gold_engine_core.test_current_behavior_corpus" name="test_generator_is_byte_deterministic" time="0.341" /><testcase classname="tests.gold_engine_core.test_current_behavior_corpus" name="test_source_fingerprint_normalizes_transport_line_endings" time="0.072" /><testcase classname="tests.gold_engine_core.test_current_behavior_corpus" name="test_corpus_loader_rejects_future_transition" time="0.030" /><testcase classname="tests.gold_engine_core.test_current_behavior_corpus" name="test_corpus_loader_rejects_cross_profile_and_duplicate_writes" time="0.036" /><testcase classname="tests.gold_engine_core.test_current_behavior_corpus" name="test_corpus_loader_rejects_noncanonical_and_bad_checksum" time="0.110" /><testcase classname="tests.gold_engine_core.test_current_behavior_corpus" name="test_record_boundary_mutations_fail_closed" time="0.010" /><testcase classname="tests.gold_engine_core.test_current_behavior_corpus" name="test_scenario_definition_rejects_unknown_domain" time="0.004" /><testcase classname="tests.gold_engine_core.test_current_behavior_corpus" name="test_frozen_records_cannot_be_cross_profile_rebound" time="0.002" /><testcase classname="tests.gold_engine_core.test_demo_validation" name="test_demo_manifest_is_canonical_derived_and_real_authority_disabled[GOLDI]" time="0.010" /><testcase classname="tests.gold_engine_core.test_demo_validation" name="test_demo_manifest_is_canonical_derived_and_real_authority_disabled[GOLDM]" time="0.013" /><testcase classname="tests.gold_engine_core.test_demo_validation" name="test_goldi_demo_may_use_its_canonical_demo_login" time="0.006" /><testcase classname="tests.gold_engine_core.test_demo_validation" name="test_goldm_demo_rejects_real_mode_production_login_and_env_reuse" time="0.006" /><testcase classname="tests.gold_engine_core.test_demo_validation" name="test_profile_fingerprint_symbol_and_validation_id_swap_are_rejected" time="0.008" /><testcase classname="tests.gold_engine_core.test_demo_validation" name="test_demo_manifest_checksum_and_boundary_mutations_fail_closed" time="0.061" /><testcase classname="tests.gold_engine_core.test_execution" name="test_valid_execution_keeps_structural_geometry_and_uses_current_quote[BUY-GOLDI]" time="0.015" /><testcase classname="tests.gold_engine_core.test_execution" name="test_valid_execution_keeps_structural_geometry_and_uses_current_quote[BUY-GOLDM]" time="0.023" /><testcase classname="tests.gold_engine_core.test_execution" name="test_valid_execution_keeps_structural_geometry_and_uses_current_quote[SELL-GOLDI]" time="0.012" /><testcase classname="tests.gold_engine_core.test_execution" name="test_valid_execution_keeps_structural_geometry_and_uses_current_quote[SELL-GOLDM]" time="0.020" /><testcase classname="tests.gold_engine_core.test_execution" name="test_profile_policy_age_drift_spread_and_invalidation_guards" time="0.027" /><testcase classname="tests.gold_engine_core.test_execution" name="test_identity_exposure_margin_duplicate_and_broker_guards" time="0.031" /><testcase classname="tests.gold_engine_core.test_execution" name="test_broker_constraints_and_executable_geometry_reject_without_quote_chasing" time="0.020" /><testcase classname="tests.gold_engine_core.test_execution" name="test_execution_policy_is_canonical_profile_bound_and_swap_rejected" time="0.083" /><testcase classname="tests.gold_engine_core.test_execution" name="test_execution_contract_boundaries_are_strict" time="0.002" /><testcase classname="tests.gold_engine_core.test_g10_evidence" name="test_complete_actual_evidence_is_deterministic_and_accepted" time="0.167" /><testcase classname="tests.gold_engine_core.test_g10_evidence" name="test_current_preparation_evidence_cannot_pass_as_actual" time="0.042" /><testcase classname="tests.gold_engine_core.test_g10_evidence" name="test_duplicate_account_terminal_and_lifecycle_failures_are_rejected" time="0.166" /><testcase classname="tests.gold_engine_core.test_g10_evidence" name="test_concurrency_fail_closed" time="0.117" /><testcase classname="tests.gold_engine_core.test_g10_evidence" name="test_acceptance_result_cannot_claim_pass_without_fingerprint" time="0.002" /><testcase classname="tests.gold_engine_core.test_g10_validation_configs" name="test_goldi_shadow_and_guarded_demo_configs_are_separate_and_profile_bound" time="0.056" /><testcase classname="tests.gold_engine_core.test_g10_validation_configs" name="test_goldm_read_only_config_reuses_identity_but_never_order_authority" time="0.051" /><testcase classname="tests.gold_engine_core.test_g10_validation_configs" name="test_g10_probe_is_read_only_and_preflight_never_persists_bindings" time="0.308" /><testcase classname="tests.gold_engine_core.test_profile_manifest" name="test_manifests_are_canonical_hashed_and_component_bound" time="0.010" /><testcase classname="tests.gold_engine_core.test_profile_manifest" name="test_named_loader_has_no_empty_case_or_cross_profile_fallback[GOLDI]" time="0.003" /><testcase classname="tests.gold_engine_core.test_profile_manifest" name="test_named_loader_has_no_empty_case_or_cross_profile_fallback[GOLDM]" time="0.004" /><testcase classname="tests.gold_engine_core.test_profile_manifest" name="test_runtime_identity_rejects_cross_symbol_magic_mode_and_terminal" time="0.002" /><testcase classname="tests.gold_engine_core.test_profile_manifest" name="test_goldm_demo_requires_explicit_engineering_authority" time="0.002" /><testcase classname="tests.gold_engine_core.test_profile_manifest" name="test_profile_pair_rejects_shared_authority_namespaces" time="0.002" /><testcase classname="tests.gold_engine_core.test_profile_manifest" name="test_component_config_swap_is_rejected" time="0.007" /><testcase classname="tests.gold_engine_core.test_profile_manifest" name="test_manifest_dataclasses_are_immutable" time="0.002" /><testcase classname="tests.gold_engine_core.test_profile_manifest" name="test_unknown_or_noncanonical_manifest_keys_are_rejected" time="0.062" /><testcase classname="tests.gold_engine_core.test_profile_manifest" name="test_boundary_types_and_scalar_contracts_are_fail_closed" time="0.004" /><testcase classname="tests.gold_engine_core.test_profile_manifest" name="test_nested_contracts_reject_unknown_keys_and_unsafe_values" time="0.006" /><testcase classname="tests.gold_engine_core.test_profile_manifest" name="test_profile_specific_and_sizing_invariants_are_fail_closed" time="0.016" /><testcase classname="tests.gold_engine_core.test_profile_manifest" name="test_checksum_and_manifest_read_failures_are_rejected" time="0.099" /><testcase classname="tests.gold_engine_core.test_profile_manifest" name="test_component_read_and_fingerprint_failures_are_rejected" time="0.043" /><testcase classname="tests.gold_engine_core.test_profile_manifest" name="test_pair_and_named_loader_reject_wrong_profile_identity" time="0.082" /><testcase classname="tests.gold_engine_core.test_profile_manifest" name="test_canonical_json_rejects_non_json_values" time="0.002" /><testcase classname="tests.gold_engine_core.test_reference_runtime" name="test_fast_lane_detects_closed_bars_and_bar_lane_sequence_is_deterministic" time="0.005" /><testcase classname="tests.gold_engine_core.test_reference_runtime" name="test_fast_lane_guard_and_catchup_fail_closed_without_decision_dispatch" time="0.006" /><testcase classname="tests.gold_engine_core.test_reference_runtime" name="test_db_telegram_like_sinks_run_only_in_slow_lane_and_failure_retains_outbox" time="0.006" /><testcase classname="tests.gold_engine_core.test_reference_runtime" name="test_duplicate_bar_and_cross_profile_state_are_rejected_or_idempotent" time="0.007" /><testcase classname="tests.gold_engine_core.test_reference_runtime" name="test_one_profile_stall_does_not_stall_other_profile" time="0.070" /><testcase classname="tests.gold_engine_core.test_reference_runtime" name="test_goldi_and_goldm_runtime_state_and_event_namespaces_never_mix" time="0.006" /><testcase classname="tests.gold_engine_core.test_reference_runtime" name="test_isolated_failure_is_scoped_and_duplicate_profiles_are_rejected" time="0.002" /><testcase classname="tests.gold_engine_core.test_reference_runtime" name="test_reference_runtime_source_has_no_critical_path_external_dependency" time="0.047" /><testcase classname="tests.gold_engine_core.test_reference_runtime" name="test_runtime_contract_boundaries_fail_closed" time="0.002" /><testcase classname="tests.gold_engine_core.test_reference_runtime" name="test_runtime_state_bar_and_outbox_boundaries_fail_closed" time="0.005" /><testcase classname="tests.gold_engine_core.test_reference_runtime" name="test_duplicate_tick_and_envelope_exclusivity" time="0.006" /><testcase classname="tests.gold_engine_core.test_reference_runtime" name="test_runtime_rejects_engine_profile_mismatch_at_construction" time="0.008" /><testcase classname="tests.gold_engine_core.test_revised_restart" name="test_restart_before_setup_is_identity_preserving" time="0.004" /><testcase classname="tests.gold_engine_core.test_revised_restart" name="test_restart_after_setup_reinforcement_and_during_watch_preserves_trigger" time="0.003" /><testcase classname="tests.gold_engine_core.test_revised_restart" name="test_restart_immediately_before_entry_ready_produces_identical_decision" time="0.079" /><testcase classname="tests.gold_engine_core.test_revised_restart" name="test_consumed_or_cancelled_setup_never_resurrects_after_warmup" time="0.003" /><testcase classname="tests.gold_engine_core.test_revised_restart" name="test_worker_restart_with_open_position_keeps_seen_and_consumed_setup[goldi]" time="0.122" /><testcase classname="tests.gold_engine_core.test_revised_restart" name="test_worker_restart_with_open_position_keeps_seen_and_consumed_setup[goldm]" time="0.095" /><testcase classname="tests.gold_engine_core.test_revised_restart" name="test_detector_payload_rejects_invalid_window_and_unknown_shape" time="0.002" /><testcase classname="tests.gold_engine_core.test_rule_extraction" name="test_legacy_replay_and_live_imports_share_exact_pure_rule_objects" time="0.002" /><testcase classname="tests.gold_engine_core.test_rule_extraction" name="test_pure_rule_modules_have_no_runtime_adapter_dependencies" time="0.448" /><testcase classname="tests.gold_engine_core.test_rule_extraction" name="test_tick_rounding_remains_profile_tick_driven" time="0.003" /><testcase classname="tests.gold_engine_core.test_rule_extraction" name="test_legacy_modules_are_compatibility_exports_not_duplicate_rules" time="0.106" /><testcase classname="tests.gold_engine_core.test_runtime_validation" name="test_goldm_real_binding_is_read_only_and_canonical" time="0.006" /><testcase classname="tests.gold_engine_core.test_runtime_validation" name="test_goldm_read_only_binding_mutations_fail_closed[mutation0-trade mode]" time="0.011" /><testcase classname="tests.gold_engine_core.test_runtime_validation" name="test_goldm_read_only_binding_mutations_fail_closed[mutation1-access mode]" time="0.009" /><testcase classname="tests.gold_engine_core.test_runtime_validation" name="test_goldm_read_only_binding_mutations_fail_closed[mutation2-symbol]" time="0.009" /><testcase classname="tests.gold_engine_core.test_runtime_validation" name="test_goldm_read_only_binding_mutations_fail_closed[mutation3-profile ID]" time="0.012" /><testcase classname="tests.gold_engine_core.test_runtime_validation" name="test_read_only_manifest_cannot_gain_real_authority_or_subscriber_audience" time="0.010" /><testcase classname="tests.gold_engine_core.test_runtime_validation" name="test_read_only_probe_source_contains_no_order_mutation_api" time="0.003" /><testcase classname="tests.test_codex_cli_engine.CodexCLIEngineTests" name="test_build_prompt_includes_cached_account_context_files" time="0.048" /><testcase classname="tests.test_codex_cli_engine.CodexCLIEngineTests" name="test_decide_wraps_timeout_cleanly" time="0.036" /><testcase classname="tests.test_codex_cli_engine.CodexCLIEngineTests" name="test_parse_response" time="0.003" /><testcase classname="tests.test_codex_cli_engine.CodexCLIEngineTests" name="test_parse_response_accepts_single_line_no_trade_contract" time="0.003" /><testcase classname="tests.test_codex_cli_engine.CodexCLIEngineTests" name="test_parse_response_allows_missing_stop_distance_points" time="0.004" /><testcase classname="tests.test_codex_cli_engine.CodexCLIEngineTests" name="test_parse_response_rejects_empty_stop_distance_points_for_open" time="0.002" /><testcase classname="tests.test_codex_cli_engine.CodexCLIEngineTests" name="test_parse_response_rejects_invalid_action" time="0.002" /><testcase classname="tests.test_codex_cli_engine.CodexCLIEngineTests" name="test_parse_response_rejects_invalid_confidence" time="0.002" /><testcase classname="tests.test_codex_cli_engine.CodexCLIEngineTests" name="test_parse_response_rejects_invalid_stop_distance_points" time="0.002" /><testcase classname="tests.test_codex_cli_engine.CodexCLIEngineTests" name="test_parse_response_rejects_non_contract_output" time="0.003" /><testcase classname="tests.test_codex_cli_engine.CodexCLIEngineTests" name="test_parse_response_supports_direction_alias_for_no_trade" time="0.003" /><testcase classname="tests.test_codex_cli_engine.CodexCLIEngineTests" name="test_parse_response_supports_single_line_contract" time="0.003" /><testcase classname="tests.test_codex_cli_engine.CodexCLIEngineTests" name="test_probe_returns_version_output" time="0.020" /><testcase classname="tests.test_codex_cli_engine.CodexCLIEngineTests" name="test_probe_wraps_timeout_cleanly" time="0.023" /><testcase classname="tests.test_codex_cli_engine.CodexCLIEngineTests" name="test_resolve_executable_prefers_windows_launcher" time="0.003" /><testcase classname="tests.test_deployment_runtime_edges.BrokerOrderSnapshotTests" name="test_account_switch_during_position_order_sandwich_is_rejected" time="0.029" /><testcase classname="tests.test_deployment_runtime_edges.BrokerOrderSnapshotTests" name="test_collection_includes_all_orders_with_typed_evidence" time="0.045" /><testcase classname="tests.test_deployment_runtime_edges.BrokerOrderSnapshotTests" name="test_live_adapter_maps_every_active_order" time="0.002" /><testcase classname="tests.test_deployment_runtime_edges.BrokerOrderSnapshotTests" name="test_orders_get_none_and_exception_fail_closed" time="0.002" /><testcase classname="tests.test_deployment_runtime_edges.BrokerOrderSnapshotTests" name="test_orphan_pending_order_blocks_flat_book_preflight" time="0.005" /><testcase classname="tests.test_deployment_runtime_edges.WorkerStartupPathTests" name="test_cli_import_does_not_eagerly_import_mt5_adapter" time="0.401" /><testcase classname="tests.test_deployment_runtime_edges.WorkerStartupPathTests" name="test_database_wal_or_shm_symlink_is_rejected" time="0.013" /><testcase classname="tests.test_deployment_runtime_edges.WorkerStartupPathTests" name="test_env_file_must_be_explicit_absolute_before_runtime_import" time="0.009" /><testcase classname="tests.test_deployment_runtime_edges.WorkerStartupPathTests" name="test_symlinked_ancestor_is_rejected" time="0.013" /><testcase classname="tests.test_deployment_runtime_edges.WorkerStartupPathTests" name="test_validated_file_replacement_fails_closed" time="0.009" /><testcase classname="tests.test_desktop_runtime.DesktopRuntimeCoordinatorTests" name="test_background_runtime_starts_cycles_and_stops" time="0.418" /><testcase classname="tests.test_desktop_runtime.DesktopRuntimeCoordinatorTests" name="test_live_mode_requires_operator_approval_before_submission" time="0.292" /><testcase classname="tests.test_desktop_runtime.DesktopRuntimeCoordinatorTests" name="test_probe_methods_return_runtime_readiness" time="0.001" /><testcase classname="tests.test_desktop_runtime.DesktopRuntimeCoordinatorTests" name="test_restart_after_safe_halt_does_not_restore_live_or_pending_state" time="1.818" /><testcase classname="tests.test_desktop_runtime.DesktopRuntimeCoordinatorTests" name="test_runtime_codex_timeout_uses_bounded_cooldown_fallback" time="1.422" /><testcase classname="tests.test_desktop_runtime.DesktopRuntimeCoordinatorTests" name="test_runtime_halt_action_persists_halted_state_and_disarms_live" time="0.530" /><testcase classname="tests.test_desktop_runtime.DesktopRuntimeCoordinatorTests" name="test_runtime_hard_halts_when_account_fingerprint_changes" time="0.555" /><testcase classname="tests.test_desktop_runtime.DesktopRuntimeCoordinatorTests" name="test_runtime_invalid_codex_contract_uses_no_trade_fallback" time="0.300" /><testcase classname="tests.test_desktop_runtime.DesktopRuntimeCoordinatorTests" name="test_runtime_persists_account_session_state_on_account_change_halt" time="0.445" /><testcase classname="tests.test_desktop_runtime.DesktopRuntimeCoordinatorTests" name="test_runtime_persists_account_session_state_on_runtime_failure" time="0.299" /><testcase classname="tests.test_desktop_runtime.DesktopRuntimeCoordinatorTests" name="test_runtime_persists_account_session_state_on_safe_halt" time="0.394" /><testcase classname="tests.test_desktop_runtime.DesktopRuntimeCoordinatorTests" name="test_runtime_persists_account_session_state_on_stop" time="0.415" /><testcase classname="tests.test_desktop_runtime.DesktopRuntimeCoordinatorTests" name="test_runtime_safe_halts_after_transient_mt5_ipc_failure" time="0.657" /><testcase classname="tests.test_desktop_runtime.DesktopRuntimeCoordinatorTests" name="test_runtime_safe_halts_on_elevated_reject_rate" time="0.878" /><testcase classname="tests.test_desktop_runtime.DesktopRuntimeCoordinatorTests" name="test_runtime_safe_halts_on_high_average_slippage" time="0.697" /><testcase classname="tests.test_desktop_runtime.DesktopRuntimeCoordinatorTests" name="test_safe_halt_clears_pending_approval_and_live_state" time="1.471" /><testcase classname="tests.test_entrypoints" name="test_qt_main_delegates_to_qt_app" time="0.002" /><testcase classname="tests.test_entrypoints" name="test_qt_main_exits_with_install_hint_when_pyside6_missing" time="0.002" /><testcase classname="tests.test_entrypoints" name="test_qt_main_reraises_non_gui_import_errors" time="0.004" /><testcase classname="tests.test_entrypoints" name="test_websocket_main_delegates_to_websocket_service" time="0.003" /><testcase classname="tests.test_gold_orchestrator.GlobalOrchestratorTests" name="test_admin_can_start_and_stop_each_worker" time="0.031" /><testcase classname="tests.test_gold_orchestrator.GlobalOrchestratorTests" name="test_approval_is_goldi_subscription_only" time="0.031" /><testcase classname="tests.test_gold_orchestrator.GlobalOrchestratorTests" name="test_command_menu_replaces_old_approval_commands" time="0.006" /><testcase classname="tests.test_gold_orchestrator.GlobalOrchestratorTests" name="test_config_rejects_shared_mt5_executable" time="0.022" /><testcase classname="tests.test_gold_orchestrator.GlobalOrchestratorTests" name="test_dead_desired_worker_is_restarted_after_delay" time="0.019" /><testcase classname="tests.test_gold_orchestrator.GlobalOrchestratorTests" name="test_failed_callback_isolated_and_later_update_still_processed" time="0.050" /><testcase classname="tests.test_gold_orchestrator.GlobalOrchestratorTests" name="test_health_error_is_reported_once_until_it_changes" time="0.028" /><testcase classname="tests.test_gold_orchestrator.GlobalOrchestratorTests" name="test_help_distinguishes_signal_and_real_worker" time="0.003" /><testcase classname="tests.test_gold_orchestrator.GlobalOrchestratorTests" name="test_initial_off_state_can_be_persisted_before_polling" time="0.024" /><testcase classname="tests.test_gold_orchestrator.GlobalOrchestratorTests" name="test_non_admin_cannot_start_real_worker" time="0.005" /><testcase classname="tests.test_gold_orchestrator.GlobalOrchestratorTests" name="test_online_notice_is_suppressed_during_rapid_restart" time="0.006" /><testcase classname="tests.test_gold_orchestrator.GlobalOrchestratorTests" name="test_polling_advances_offset_and_dispatches" time="0.042" /><testcase classname="tests.test_gold_orchestrator.GlobalOrchestratorTests" name="test_single_instance_lock_rejects_duplicate_worker" time="0.008" /><testcase classname="tests.test_gold_orchestrator.GlobalOrchestratorTests" name="test_subscriber_cannot_control_goldm" time="0.013" /><testcase classname="tests.test_gold_orchestrator.GlobalOrchestratorTests" name="test_worker_panel_buttons_follow_opposite_state_with_confirmation" time="0.029" /><testcase classname="tests.test_gold_portfolio_final" name="test_pinned_hash_accepts_crlf_only_as_transport_normalization" time="0.173" /><testcase classname="tests.test_gold_portfolio_final" name="test_final_goldi_is_tag_pinned_demo_execution" time="0.011" /><testcase classname="tests.test_gold_portfolio_final" name="test_final_goldm_is_composite_real_and_uses_aggressive_tiers" time="0.008" /><testcase classname="tests.test_gold_portfolio_final" name="test_real_executor_reads_shared_balance_and_sends_one_checked_order" time="0.019" /><testcase classname="tests.test_gold_portfolio_final" name="test_goldi_demo_executor_places_order_at_locked_adaptive_lot" time="0.016" /><testcase classname="tests.test_gold_portfolio_final" name="test_executor_rejects_stale_drift_broker_check_and_duplicate_without_send" time="0.014" /><testcase classname="tests.test_gold_portfolio_final" name="test_worker_builds_profile_owned_versioned_execution_plan[goldi-DemoFakeMt5-BUY-volume0]" time="0.017" /><testcase classname="tests.test_gold_portfolio_final" name="test_worker_builds_profile_owned_versioned_execution_plan[goldm-FakeMt5-SELL-volume1]" time="0.018" /><testcase classname="tests.test_gold_portfolio_final" name="test_goldi_subscribers_receive_entries_but_goldm_remains_admin_only" time="0.080" /><testcase classname="tests.test_gold_portfolio_final" name="test_watch_is_internal_bounded_and_never_notifies_or_sends_order" time="0.096" /><testcase classname="tests.test_gold_portfolio_final" name="test_bear_watch_reports_m5_preparation_without_entry" time="0.052" /><testcase classname="tests.test_gold_portfolio_final" name="test_final_entry_sends_one_human_readable_message" time="0.091" /><testcase classname="tests.test_gold_portfolio_final" name="test_worker_audit_rotation_is_storage_bounded" time="0.198" /><testcase classname="tests.test_gold_portfolio_final" name="test_closed_position_result_includes_total_pl_and_balance" time="0.014" /><testcase classname="tests.test_gold_portfolio_final" name="test_worker_sends_close_lifecycle_with_rr_duration_and_balance" time="0.055" /><testcase classname="tests.test_goldm_bear_replay" name="test_resolve_sell_target_uses_short_direction" time="0.004" /><testcase classname="tests.test_goldm_bear_replay" name="test_resolve_sell_stop_is_negative_one_r" time="0.002" /><testcase classname="tests.test_goldm_bear_replay" name="test_resolve_same_bar_is_conservative_ambiguous_loss" time="0.002" /><testcase classname="tests.test_goldm_bear_replay" name="test_resolve_does_not_read_signal_candle" time="0.001" /><testcase classname="tests.test_goldm_bear_replay" name="test_maximum_regime_drop_must_exceed_minimum" time="0.001" /><testcase classname="tests.test_goldm_bear_standalone.StandaloneBearEngineTests" name="test_broker_failed_breakout_waits_then_sells_confirmation" time="0.003" /><testcase classname="tests.test_goldm_bear_standalone.StandaloneBearEngineTests" name="test_cli_loads_naive_server_timestamps_and_emits_json" time="0.024" /><testcase classname="tests.test_goldm_bear_standalone.StandaloneBearEngineTests" name="test_configuration_rejects_too_short_structure_window" time="0.003" /><testcase classname="tests.test_goldm_bear_standalone.StandaloneBearEngineTests" name="test_confluence_candidate_is_standalone_and_explicit" time="0.004" /><testcase classname="tests.test_goldm_bear_standalone.StandaloneBearEngineTests" name="test_confluence_v2_requires_repeated_resistance_rejections" time="0.003" /><testcase classname="tests.test_goldm_bear_standalone.StandaloneBearEngineTests" name="test_confluence_v3_uses_only_closed_h1_downtrend" time="0.010" /><testcase classname="tests.test_goldm_bear_standalone.StandaloneBearEngineTests" name="test_image_like_pullback_rejection_emits_sell" time="0.005" /><testcase classname="tests.test_goldm_bear_standalone.StandaloneBearEngineTests" name="test_invalid_bar_is_rejected" time="0.004" /><testcase classname="tests.test_goldm_bear_standalone.StandaloneBearEngineTests" name="test_mt5_runner_bootstraps_only_the_standalone_package" time="0.008" /><testcase classname="tests.test_goldm_bear_standalone.StandaloneBearEngineTests" name="test_mt5_source_is_read_only_and_converts_utc_to_server_time" time="0.003" /><testcase classname="tests.test_goldm_bear_standalone.StandaloneBearEngineTests" name="test_ordinary_pullback_does_not_trigger_early_close" time="0.002" /><testcase classname="tests.test_goldm_bear_standalone.StandaloneBearEngineTests" name="test_package_does_not_import_production_strategy" time="0.002" /><testcase classname="tests.test_goldm_bear_standalone.StandaloneBearEngineTests" name="test_psychological_target_is_placed_in_front_of_round_number" time="0.003" /><testcase classname="tests.test_goldm_bear_standalone.StandaloneBearEngineTests" name="test_rsi_turn_inputs_distinguish_rising_and_falling_closes" time="0.001" /><testcase classname="tests.test_goldm_bear_standalone.StandaloneBearEngineTests" name="test_scan_applies_four_bar_signal_cooldown" time="0.004" /><testcase classname="tests.test_goldm_bear_standalone.StandaloneBearEngineTests" name="test_session_guard_blocks_near_market_open" time="0.004" /><testcase classname="tests.test_goldm_bear_standalone.StandaloneBearEngineTests" name="test_signal_outcome_uses_only_bars_after_signal_close" time="0.005" /><testcase classname="tests.test_goldm_bear_standalone.StandaloneBearEngineTests" name="test_stochastic_uses_closed_bar_range" time="0.002" /><testcase classname="tests.test_goldm_bear_standalone.StandaloneBearEngineTests" name="test_touch_without_rejection_is_watch_not_sell" time="0.003" /><testcase classname="tests.test_goldm_bear_standalone.StandaloneBearEngineTests" name="test_two_closes_above_resistance_invalidate_short" time="0.002" /><testcase classname="tests.test_goldm_bear_v4" name="test_v4_h1_gate_uses_falling_closed_sma" time="0.004" /><testcase classname="tests.test_goldm_bear_v4" name="test_v4_m5_strong_failed_breakout_arms_setup" time="0.003" /><testcase classname="tests.test_goldm_bear_v4" name="test_v4_m5_acceptance_cancels_setup" time="0.001" /><testcase classname="tests.test_goldm_bear_v4" name="test_v4_m1_retest_requires_micro_break" time="0.003" /><testcase classname="tests.test_goldm_bear_v4" name="test_v4_fixed_target_r_must_be_positive" time="0.001" /><testcase classname="tests.test_goldm_bear_v4" name="test_v4_execution_multipliers_must_be_positive" time="0.002" /><testcase classname="tests.test_goldm_broker_position_manager.BrokerPositionManagerTests" name="test_account_race_immediately_before_modify_never_mutates_position" time="0.800" /><testcase classname="tests.test_goldm_broker_position_manager.BrokerPositionManagerTests" name="test_account_race_immediately_before_open_never_reaches_broker" time="0.399" /><testcase classname="tests.test_goldm_broker_position_manager.BrokerPositionManagerTests" name="test_account_switch_blocks_adoption_even_for_matching_position_tag" time="0.528" /><testcase classname="tests.test_goldm_broker_position_manager.BrokerPositionManagerTests" name="test_account_switch_cannot_confirm_unknown_close_from_absence" time="0.812" /><testcase classname="tests.test_goldm_broker_position_manager.BrokerPositionManagerTests" name="test_account_switch_cannot_turn_filled_absence_into_closed" time="0.594" /><testcase classname="tests.test_goldm_broker_position_manager.BrokerPositionManagerTests" name="test_ambiguous_filled_protection_repair_is_not_blindly_retried" time="0.902" /><testcase classname="tests.test_goldm_broker_position_manager.BrokerPositionManagerTests" name="test_buy_r1_uses_bid_and_confirms_tick_normalized_stop_once" time="1.036" /><testcase classname="tests.test_goldm_broker_position_manager.BrokerPositionManagerTests" name="test_close_fill_response_without_absence_is_not_confirmed_or_retried" time="0.942" /><testcase classname="tests.test_goldm_broker_position_manager.BrokerPositionManagerTests" name="test_confirmed_filled_protection_can_repair_a_later_degradation" time="0.940" /><testcase classname="tests.test_goldm_broker_position_manager.BrokerPositionManagerTests" name="test_emergency_confirmation_closes_ambiguous_open_fence_atomically" time="0.994" /><testcase classname="tests.test_goldm_broker_position_manager.BrokerPositionManagerTests" name="test_entry_off_does_not_disable_management_of_filled_position" time="0.754" /><testcase classname="tests.test_goldm_broker_position_manager.BrokerPositionManagerTests" name="test_filled_position_repairs_loosened_sl_and_removed_tp" time="0.815" /><testcase classname="tests.test_goldm_broker_position_manager.BrokerPositionManagerTests" name="test_filled_tp_repair_preserves_better_manual_stop" time="0.671" /><testcase classname="tests.test_goldm_broker_position_manager.BrokerPositionManagerTests" name="test_freeze_level_rejection_occurs_before_modify_mutation" time="0.868" /><testcase classname="tests.test_goldm_broker_position_manager.BrokerPositionManagerTests" name="test_frozen_disabled_r1_policy_keeps_touch_alert_without_modify" time="0.663" /><testcase classname="tests.test_goldm_broker_position_manager.BrokerPositionManagerTests" name="test_frozen_max_holding_closes_at_deadline_exactly_once" time="1.014" /><testcase classname="tests.test_goldm_broker_position_manager.BrokerPositionManagerTests" name="test_gap_to_r3_closes_full_and_waits_for_deal_history_for_final_pnl" time="0.884" /><testcase classname="tests.test_goldm_broker_position_manager.BrokerPositionManagerTests" name="test_initial_confirmation_uses_half_trade_tick_tolerance" time="0.467" /><testcase classname="tests.test_goldm_broker_position_manager.BrokerPositionManagerTests" name="test_initial_sl_tp_are_side_aware_tick_normalized_before_open" time="0.481" /><testcase classname="tests.test_goldm_broker_position_manager.BrokerPositionManagerTests" name="test_milestone_latch_and_touch_outbox_are_crash_atomic" time="1.214" /><testcase classname="tests.test_goldm_broker_position_manager.BrokerPositionManagerTests" name="test_missing_tp_stages_emergency_protection_and_preserves_better_sl" time="0.862" /><testcase classname="tests.test_goldm_broker_position_manager.BrokerPositionManagerTests" name="test_open_modify_and_close_receive_immutable_account_binding" time="1.563" /><testcase classname="tests.test_goldm_broker_position_manager.BrokerPositionManagerTests" name="test_open_then_close_history_without_protection_snapshot_stays_unresolved" time="0.546" /><testcase classname="tests.test_goldm_broker_position_manager.BrokerPositionManagerTests" name="test_partial_fill_freezes_broker_actual_volume" time="0.585" /><testcase classname="tests.test_goldm_broker_position_manager.BrokerPositionManagerTests" name="test_poison_projection_backs_off_without_starving_later_action" time="0.272" /><testcase classname="tests.test_goldm_broker_position_manager.BrokerPositionManagerTests" name="test_post_emergency_sl_tp_degradation_uses_new_ordinal_repair" time="2.087" /><testcase classname="tests.test_goldm_broker_position_manager.BrokerPositionManagerTests" name="test_projection_cursor_reaches_action_after_more_than_old_page_limit" time="9.142" /><testcase classname="tests.test_goldm_broker_position_manager.BrokerPositionManagerTests" name="test_r3_unreachable_before_frozen_broker_tp_alerts_admin_once" time="0.823" /><testcase classname="tests.test_goldm_broker_position_manager.BrokerPositionManagerTests" name="test_sell_initial_sl_tp_use_mirrored_tick_normalization" time="0.479" /><testcase classname="tests.test_goldm_broker_position_manager.BrokerPositionManagerTests" name="test_sell_r1_uses_ask_and_rounds_stop_in_protective_direction" time="0.935" /><testcase classname="tests.test_goldm_broker_position_manager.BrokerPositionManagerTests" name="test_stale_live_open_is_blocked_by_current_deployment_kill_switch" time="0.214" /><testcase classname="tests.test_goldm_broker_position_manager.BrokerPositionManagerTests" name="test_ticket_churn_syncs_by_stable_identifier" time="0.534" /><testcase classname="tests.test_goldm_broker_position_manager.BrokerPositionManagerTests" name="test_unknown_max_holding_close_is_never_blindly_retried" time="0.972" /><testcase classname="tests.test_goldm_broker_position_manager.BrokerPositionManagerTests" name="test_unknown_modify_is_not_blindly_retried" time="1.090" /><testcase classname="tests.test_goldm_broker_position_manager.BrokerPositionManagerTests" name="test_unprotected_position_is_not_rebound_on_a_different_account" time="0.814" /><testcase classname="tests.test_goldm_broker_position_manager.BrokerPositionManagerTests" name="test_unprotected_position_obeys_frozen_max_holding" time="1.204" /><testcase classname="tests.test_goldm_ci_contract.GoldMCiContractTests" name="test_actions_are_immutable_and_mt5_requires_dedicated_runner" time="0.153" /><testcase classname="tests.test_goldm_ci_contract.GoldMCiContractTests" name="test_release_workflow_cannot_omit_new_tests" time="0.003" /><testcase classname="tests.test_goldm_combined_portfolio" name="test_shared_floating_profit_uses_one_market_price_for_both_sides" time="0.005" /><testcase classname="tests.test_goldm_combined_portfolio" name="test_adaptive_lot_steps_up_and_down_on_realized_balance" time="0.004" /><testcase classname="tests.test_goldm_combined_portfolio" name="test_multi_tier_lot_uses_highest_realized_balance_threshold" time="0.010" /><testcase classname="tests.test_goldm_combined_portfolio" name="test_dual_tp_outcome_releases_tp1_leg_at_causal_fill_time" time="0.005" /><testcase classname="tests.test_goldm_combined_portfolio" name="test_non_executable_point_zero_one_partial_falls_back_to_full_runner" time="0.004" /><testcase classname="tests.test_goldm_combined_portfolio" name="test_goldm_point_one_cannot_split_below_point_one_minimum" time="0.005" /><testcase classname="tests.test_goldm_combined_portfolio" name="test_execution_stress_costs_are_split_between_entry_and_exit" time="0.007" /><testcase classname="tests.test_goldm_confluence.GoldMConfluenceTests" name="test_evening_doji_star" time="0.002" /><testcase classname="tests.test_goldm_confluence.GoldMConfluenceTests" name="test_fibonacci_is_a_bonus_not_a_standalone_entry" time="0.003" /><testcase classname="tests.test_goldm_confluence.GoldMConfluenceTests" name="test_fibonacci_retracement_alignment_and_extensions" time="0.004" /><testcase classname="tests.test_goldm_confluence.GoldMConfluenceTests" name="test_indicators_strengthen_without_becoming_four_hard_gates" time="0.002" /><testcase classname="tests.test_goldm_confluence.GoldMConfluenceTests" name="test_morning_doji_star" time="0.001" /><testcase classname="tests.test_goldm_confluence.GoldMConfluenceTests" name="test_two_votes_pass_when_price_action_anchors_them" time="0.001" /><testcase classname="tests.test_goldm_deployment.GoldMDeploymentTests" name="test_automatic_rollback_observes_terminal_and_reproves_session" time="0.062" /><testcase classname="tests.test_goldm_deployment.GoldMDeploymentTests" name="test_backup_restore_and_handoff_are_portable_and_privately_bound" time="0.139" /><testcase classname="tests.test_goldm_deployment.GoldMDeploymentTests" name="test_broker_snapshot_binds_exact_terminal_demo_hedging_and_shutdown" time="0.137" /><testcase classname="tests.test_goldm_deployment.GoldMDeploymentTests" name="test_common_module_is_windows_powershell_5_1_compatible_and_no_bom" time="2.690" /><testcase classname="tests.test_goldm_deployment.GoldMDeploymentTests" name="test_cutover_requires_flat_book_and_handoff_artifact_is_exact" time="0.107" /><testcase classname="tests.test_goldm_deployment.GoldMDeploymentTests" name="test_database_gate_blocks_live_runtime_and_unresolved_action" time="0.192" /><testcase classname="tests.test_goldm_deployment.GoldMDeploymentTests" name="test_deployment_requires_fresh_exact_telegram_poll_readiness" time="0.162" /><testcase classname="tests.test_goldm_deployment.GoldMDeploymentTests" name="test_environment_contract_is_exact_demo_only_and_comment_safe" time="0.082" /><testcase classname="tests.test_goldm_deployment.GoldMDeploymentTests" name="test_environment_duplicate_key_is_rejected" time="0.059" /><testcase classname="tests.test_goldm_deployment.GoldMDeploymentTests" name="test_environment_rejects_portable_terminal_topology" time="0.059" /><testcase classname="tests.test_goldm_deployment.GoldMDeploymentTests" name="test_isolated_no_site_worker_flags_block_preverification_sitecustomize" time="0.707" /><testcase classname="tests.test_goldm_deployment.GoldMDeploymentTests" name="test_maintenance_cleanup_preserves_primary_error_and_seals_evidence" time="2.673" /><testcase classname="tests.test_goldm_deployment.GoldMDeploymentTests" name="test_offline_wheelhouse_requires_sealed_wheels_and_exact_hash_lock" time="0.313" /><testcase classname="tests.test_goldm_deployment.GoldMDeploymentTests" name="test_predecessor_proof_uses_action_bound_release_not_target_helper" time="0.890" /><testcase classname="tests.test_goldm_deployment.GoldMDeploymentTests" name="test_private_env_stage_is_authoritative_after_external_source_swap" time="1.041" /><testcase classname="tests.test_goldm_deployment.GoldMDeploymentTests" name="test_private_wheelhouse_stage_is_immune_to_external_swap" time="3.586" /><testcase classname="tests.test_goldm_deployment.GoldMDeploymentTests" name="test_production_contract_covers_every_material_mq5_input" time="0.064" /><testcase classname="tests.test_goldm_deployment.GoldMDeploymentTests" name="test_production_input_evidence_rejects_missing_extra_and_duplicate_fields" time="0.071" /><testcase classname="tests.test_goldm_deployment.GoldMDeploymentTests" name="test_release_tree_rejects_symlinked_directories" time="0.112" /><testcase classname="tests.test_goldm_deployment.GoldMDeploymentTests" name="test_restore_private_stage_is_immune_to_external_swap_after_copy" time="0.831" /><testcase classname="tests.test_goldm_deployment.GoldMDeploymentTests" name="test_restore_stages_external_backup_before_trust_or_use" time="0.016" /><testcase classname="tests.test_goldm_deployment.GoldMDeploymentTests" name="test_restore_task_contract_rejects_malicious_action_before_mutation" time="1.427" /><testcase classname="tests.test_goldm_deployment.GoldMDeploymentTests" name="test_runtime_session_file_is_atomic_exact_and_never_returned_in_clear" time="0.094" /><testcase classname="tests.test_goldm_deployment.GoldMDeploymentTests" name="test_runtime_session_rejects_reparse_before_creating_outside_files" time="0.089" /><testcase classname="tests.test_goldm_deployment.GoldMDeploymentTests" name="test_sealed_evidence_and_release_tree_detect_tampering" time="0.191" /><testcase classname="tests.test_goldm_deployment.GoldMDeploymentTests" name="test_session_evidence_is_exact_and_only_accepts_post_cursor_bytes" time="0.299" /><testcase classname="tests.test_goldm_deployment.GoldMDeploymentTests" name="test_session_evidence_rejects_any_production_input_or_identity_drift" time="0.176" /><testcase classname="tests.test_goldm_deployment.GoldMDeploymentTests" name="test_session_evidence_rejects_live_or_wrong_account_config" time="0.130" /><testcase classname="tests.test_goldm_deployment.GoldMDeploymentTests" name="test_session_evidence_rejects_noncanonical_symbol" time="0.099" /><testcase classname="tests.test_goldm_deployment.GoldMDeploymentTests" name="test_session_evidence_scans_rotated_utf16_log" time="0.160" /><testcase classname="tests.test_goldm_deployment.GoldMDeploymentTests" name="test_sqlite_online_backup_captures_wal_and_restore_is_hash_gated" time="0.182" /><testcase classname="tests.test_goldm_deployment.GoldMDeploymentTests" name="test_task_action_pins_manifest_digest_against_full_release_reseal" time="16.187" /><testcase classname="tests.test_goldm_deployment.GoldMDeploymentTests" name="test_windows_release_is_offline_sealed_and_interpreter_bound" time="0.157" /><testcase classname="tests.test_goldm_deployment.GoldMDeploymentTests" name="test_windows_scripts_are_fail_closed_by_construction" time="0.011" /><testcase classname="tests.test_goldm_dual_tp" name="test_dual_tp_module_loads_and_declares_split_policies" time="0.006" /><testcase classname="tests.test_goldm_dual_tp" name="test_adaptive_allocation_uses_only_broker_executable_fractions" time="0.003" /><testcase classname="tests.test_goldm_dual_tp" name="test_engine_bep_distinguishes_range_from_momentum_buy" time="0.016" /><testcase classname="tests.test_goldm_dual_tp" name="test_engine_partial_be_only_moves_split_runner_to_break_even" time="0.009" /><testcase classname="tests.test_goldm_dual_tp" name="test_engine_partial_allocation_is_narrow_and_side_specific" time="0.005" /><testcase classname="tests.test_goldm_dual_tp" name="test_profit_lock_keeps_part_of_realized_tp1_profit" time="0.009" /><testcase classname="tests.test_goldm_dual_tp" name="test_profit_lock_never_widens_the_original_stop" time="0.007" /><testcase classname="tests.test_goldm_dual_tp" name="test_engine_partial_tp1_uses_structural_price_not_tp2_midpoint" time="0.005" /><testcase classname="tests.test_goldm_dual_tp" name="test_profit_lock_applies_on_next_bar_and_preserves_basket_profit" time="0.004" /><testcase classname="tests.test_goldm_dual_tp" name="test_profit_lock_is_symmetric_for_sell_runner" time="0.008" /><testcase classname="tests.test_goldm_health_and_risk.GoldMHealthAndRiskTests" name="test_healthy_snapshot_passes" time="0.002" /><testcase classname="tests.test_goldm_health_and_risk.GoldMHealthAndRiskTests" name="test_m15_entry_distance_rejects_chasing_move" time="0.002" /><testcase classname="tests.test_goldm_health_and_risk.GoldMHealthAndRiskTests" name="test_m15_structural_stop_ignores_m1_micro_extreme" time="0.003" /><testcase classname="tests.test_goldm_health_and_risk.GoldMHealthAndRiskTests" name="test_missing_htf_stale_tick_and_wide_spread_are_hard_failures" time="0.004" /><testcase classname="tests.test_goldm_health_and_risk.GoldMHealthAndRiskTests" name="test_position_size_never_rounds_up_to_an_unsafe_minimum" time="0.001" /><testcase classname="tests.test_goldm_health_and_risk.GoldMHealthAndRiskTests" name="test_room_to_profit_requires_three_r" time="0.004" /><testcase classname="tests.test_goldm_micro_instrument" name="test_goldm_micro_profile_has_executable_partial_and_smaller_exposure" time="0.004" /><testcase classname="tests.test_goldm_micro_instrument" name="test_goldm_micro_profile_maps_gold_i_exposure_without_confusing_lots" time="0.002" /><testcase classname="tests.test_goldm_micro_instrument" name="test_goldm_micro_profile_validates_mt5_contract_fail_closed" time="0.002" /><testcase classname="tests.test_goldm_micro_instrument" name="test_goldm_micro_replay_config_targets_native_symbol_and_spread" time="0.005" /><testcase classname="tests.test_goldm_micro_instrument" name="test_goldm_sizing_profiles_use_executable_sorted_tiers" time="0.014" /><testcase classname="tests.test_goldm_micro_instrument" name="test_goldm_primary_selects_aggressive_without_enabling_orders" time="0.004" /><testcase classname="tests.test_goldm_mt5_client.ReadOnlyMT5ClientTests" name="test_requests_closed_bars_starting_at_position_one" time="0.001" /><testcase classname="tests.test_goldm_mt5_log_bridge.GoldMMt5LogBridgeTests" name="test_account_probe_failure_persists_event_for_admin_only" time="0.123" /><testcase classname="tests.test_goldm_mt5_log_bridge.GoldMMt5LogBridgeTests" name="test_account_server_binding_is_case_sensitive" time="0.151" /><testcase classname="tests.test_goldm_mt5_log_bridge.GoldMMt5LogBridgeTests" name="test_broker_offset_fallback_does_not_treat_server_time_as_utc" time="0.001" /><testcase classname="tests.test_goldm_mt5_log_bridge.GoldMMt5LogBridgeTests" name="test_cursor_reset_replay_cannot_regress_closed_setup_to_active" time="0.247" /><testcase classname="tests.test_goldm_mt5_log_bridge.GoldMMt5LogBridgeTests" name="test_debug_notification_uses_full_outbox_path_without_entry" time="0.091" /><testcase classname="tests.test_goldm_mt5_log_bridge.GoldMMt5LogBridgeTests" name="test_demo_origin_with_same_login_and_spaced_server_is_viewer_approved" time="0.141" /><testcase classname="tests.test_goldm_mt5_log_bridge.GoldMMt5LogBridgeTests" name="test_duplicate_run_id_is_rejected_regardless_of_field_order" time="0.257" /><testcase classname="tests.test_goldm_mt5_log_bridge.GoldMMt5LogBridgeTests" name="test_duplicate_setup_id_is_rejected_before_setup_mutation" time="0.125" /><testcase classname="tests.test_goldm_mt5_log_bridge.GoldMMt5LogBridgeTests" name="test_ea_structured_events_emit_frozen_account_origin_metadata" time="0.009" /><testcase classname="tests.test_goldm_mt5_log_bridge.GoldMMt5LogBridgeTests" name="test_entry_ready_message_uses_scannable_sections" time="0.001" /><testcase classname="tests.test_goldm_mt5_log_bridge.GoldMMt5LogBridgeTests" name="test_explicit_utc_epochs_override_broker_timestamp" time="0.001" /><testcase classname="tests.test_goldm_mt5_log_bridge.GoldMMt5LogBridgeTests" name="test_identity_conflict_is_quarantined_without_starving_later_line" time="0.261" /><testcase classname="tests.test_goldm_mt5_log_bridge.GoldMMt5LogBridgeTests" name="test_idle_account_switch_to_live_turns_bridge_health_to_failure" time="0.149" /><testcase classname="tests.test_goldm_mt5_log_bridge.GoldMMt5LogBridgeTests" name="test_lifecycle_directory_accepts_only_matching_ea_session" time="0.193" /><testcase classname="tests.test_goldm_mt5_log_bridge.GoldMMt5LogBridgeTests" name="test_lifecycle_session_token_rejects_unset_or_short_values" time="0.061" /><testcase classname="tests.test_goldm_mt5_log_bridge.GoldMMt5LogBridgeTests" name="test_missing_or_noncanonical_origin_metadata_is_admin_only" time="0.465" /><testcase classname="tests.test_goldm_mt5_log_bridge.GoldMMt5LogBridgeTests" name="test_noncanonical_runtime_symbol_is_admin_only_and_never_viewer_approved" time="0.198" /><testcase classname="tests.test_goldm_mt5_log_bridge.GoldMMt5LogBridgeTests" name="test_outcome_is_ingested_with_same_setup_id" time="0.005" /><testcase classname="tests.test_goldm_mt5_log_bridge.GoldMMt5LogBridgeTests" name="test_parser_marks_duplicate_fields_without_hiding_event" time="0.004" /><testcase classname="tests.test_goldm_mt5_log_bridge.GoldMMt5LogBridgeTests" name="test_parser_preserves_setup_id_with_embedded_timestamp_space" time="0.005" /><testcase classname="tests.test_goldm_mt5_log_bridge.GoldMMt5LogBridgeTests" name="test_partial_line_waits_for_newline" time="0.261" /><testcase classname="tests.test_goldm_mt5_log_bridge.GoldMMt5LogBridgeTests" name="test_real_backlog_ingested_while_demo_is_never_viewer_approved" time="0.169" /><testcase classname="tests.test_goldm_mt5_log_bridge.GoldMMt5LogBridgeTests" name="test_restart_after_midnight_consumes_older_outcome_once" time="0.296" /><testcase classname="tests.test_goldm_mt5_log_bridge.GoldMMt5LogBridgeTests" name="test_same_path_atomic_replacement_resets_cursor_exactly_once" time="0.252" /><testcase classname="tests.test_goldm_mt5_log_bridge.GoldMMt5LogBridgeTests" name="test_same_path_truncate_and_regrow_resets_cursor_without_replaying" time="0.284" /><testcase classname="tests.test_goldm_mt5_log_bridge.GoldMMt5LogBridgeTests" name="test_split_utf16_code_unit_and_newline_are_ingested_exactly_once" time="0.210" /><testcase classname="tests.test_goldm_mt5_log_bridge.GoldMMt5LogBridgeTests" name="test_split_utf8_codepoint_is_buffered_without_replacement" time="0.233" /><testcase classname="tests.test_goldm_mt5_log_bridge.GoldMMt5LogBridgeTests" name="test_strategy_direction_and_run_lineage_metadata_are_preserved" time="0.002" /><testcase classname="tests.test_goldm_mt5_log_bridge.GoldMMt5LogBridgeTests" name="test_transient_storage_error_is_not_quarantined_or_advanced" time="0.161" /><testcase classname="tests.test_goldm_mt5_log_bridge.GoldMMt5LogBridgeTests" name="test_utf16_log_is_tailed_enqueued_and_deduplicated" time="0.220" /><testcase classname="tests.test_goldm_notify_cli.GoldMNotifyCliTests" name="test_bridge_account_provider_uses_shared_lock_and_exact_terminal" time="0.029" /><testcase classname="tests.test_goldm_notify_cli.GoldMNotifyCliTests" name="test_deployment_nonce_is_strict_lowercase_random_token_shape" time="0.002" /><testcase classname="tests.test_goldm_notify_cli.GoldMNotifyCliTests" name="test_ea_session_id_is_required_and_strict" time="0.008" /><testcase classname="tests.test_goldm_notify_cli.GoldMNotifyCliTests" name="test_explicit_env_file_is_required_and_duplicate_keys_fail_closed" time="0.025" /><testcase classname="tests.test_goldm_notify_cli.GoldMNotifyCliTests" name="test_explicit_env_file_overrides_and_clears_managed_ambient_values" time="0.015" /><testcase classname="tests.test_goldm_notify_cli.GoldMNotifyCliTests" name="test_lifecycle_log_directory_is_bound_to_exact_terminal" time="0.037" /><testcase classname="tests.test_goldm_notify_cli.GoldMNotifyCliTests" name="test_management_interval_defaults_and_cli_precedence" time="0.019" /><testcase classname="tests.test_goldm_notify_cli.GoldMNotifyCliTests" name="test_management_interval_is_bounded_and_finite" time="0.037" /><testcase classname="tests.test_goldm_notify_cli.GoldMNotifyCliTests" name="test_management_loop_serializes_mt5_access" time="0.018" /><testcase classname="tests.test_goldm_notify_cli.GoldMNotifyCliTests" name="test_management_loop_survives_a_transient_cycle_failure" time="0.030" /><testcase classname="tests.test_goldm_notify_cli.GoldMNotifyCliTests" name="test_missing_explicit_data_path_fails_before_store_or_worker_creation" time="0.016" /><testcase classname="tests.test_goldm_notify_cli.GoldMNotifyCliTests" name="test_missing_managed_file_value_cannot_be_supplied_by_ambient_env" time="0.012" /><testcase classname="tests.test_goldm_notify_cli.GoldMNotifyCliTests" name="test_missing_runtime_session_file_fails_before_adapter_or_store" time="0.054" /><testcase classname="tests.test_goldm_notify_cli.GoldMNotifyCliTests" name="test_release_id_is_full_lowercase_commit" time="0.004" /><testcase classname="tests.test_goldm_notify_cli.GoldMNotifyCliTests" name="test_telegram_polling_is_independent_and_survives_failure" time="0.233" /><testcase classname="tests.test_goldm_operator_launchers.GoldMOperatorLauncherTests" name="test_clickable_update_preserves_safe_update_pipeline" time="0.053" /><testcase classname="tests.test_goldm_operator_launchers.GoldMOperatorLauncherTests" name="test_clickable_worker_launchers_delegate_to_reviewed_controller" time="0.010" /><testcase classname="tests.test_goldm_operator_launchers.GoldMOperatorLauncherTests" name="test_worker_controller_uses_verified_module_barriers" time="0.050" /><testcase classname="tests.test_goldm_operator_launchers.GoldMOperatorLauncherTests" name="test_worker_identity_includes_the_scheduled_action_arguments" time="0.005" /><testcase classname="tests.test_goldm_position_management.GoldMPositionManagementTests" name="test_buy_uses_bid_and_sell_uses_ask_for_current_r" time="0.001" /><testcase classname="tests.test_goldm_position_management.GoldMPositionManagementTests" name="test_confirmed_database_state_with_weaker_stop_is_repaired" time="0.001" /><testcase classname="tests.test_goldm_position_management.GoldMPositionManagementTests" name="test_disabled_r2_falls_back_to_enabled_r1_protection" time="0.001" /><testcase classname="tests.test_goldm_position_management.GoldMPositionManagementTests" name="test_exact_thresholds_select_expected_actions" time="0.002" /><testcase classname="tests.test_goldm_position_management.GoldMPositionManagementTests" name="test_existing_more_protective_stop_is_never_loosened" time="0.002" /><testcase classname="tests.test_goldm_position_management.GoldMPositionManagementTests" name="test_failed_action_requires_explicit_retry" time="0.003" /><testcase classname="tests.test_goldm_position_management.GoldMPositionManagementTests" name="test_gap_to_r2_records_both_milestones_but_only_one_modify" time="0.002" /><testcase classname="tests.test_goldm_position_management.GoldMPositionManagementTests" name="test_gap_to_r3_prioritizes_full_close" time="0.001" /><testcase classname="tests.test_goldm_position_management.GoldMPositionManagementTests" name="test_initial_risk_reference_is_immutable" time="0.001" /><testcase classname="tests.test_goldm_position_management.GoldMPositionManagementTests" name="test_invalid_position_ticks_and_policy_fail_closed" time="0.003" /><testcase classname="tests.test_goldm_position_management.GoldMPositionManagementTests" name="test_latched_r2_remains_due_after_price_retraces" time="0.004" /><testcase classname="tests.test_goldm_position_management.GoldMPositionManagementTests" name="test_latched_r3_close_remains_due_after_price_retraces" time="0.002" /><testcase classname="tests.test_goldm_position_management.GoldMPositionManagementTests" name="test_pending_or_ambiguous_action_waits_for_reconciliation" time="0.006" /><testcase classname="tests.test_goldm_position_management.GoldMPositionManagementTests" name="test_sell_lock_prices_are_mirrored" time="0.002" /><testcase classname="tests.test_goldm_position_management.GoldMPositionManagementTests" name="test_touches_are_reported_when_all_broker_actions_are_disabled" time="0.002" /><testcase classname="tests.test_goldm_prod_baseline_research.GoldMProductionBaselineResearchTests" name="test_export_is_read_only_and_omits_account_identity" time="0.058" /><testcase classname="tests.test_goldm_prod_baseline_research.GoldMProductionBaselineResearchTests" name="test_production_tester_set_matches_the_sealed_input_contract" time="0.008" /><testcase classname="tests.test_goldm_prod_baseline_research.GoldMProductionBaselineResearchTests" name="test_strict_m1_ablation_changes_only_wait_limit_and_run_id" time="0.007" /><testcase classname="tests.test_goldm_prod_sample_research.GoldMProductionSampleResearchTests" name="test_first_touch_reports_target_stop_and_same_bar_ambiguity" time="0.002" /><testcase classname="tests.test_goldm_prod_sample_research.GoldMProductionSampleResearchTests" name="test_m1_features_distinguish_full_confirmation" time="0.002" /><testcase classname="tests.test_goldm_prod_sample_research.GoldMProductionSampleResearchTests" name="test_psychological_level_is_strictly_above_buy_entry" time="0.002" /><testcase classname="tests.test_goldm_prod_sample_research.GoldMProductionSampleResearchTests" name="test_swing_high_requires_bars_on_both_sides" time="0.003" /><testcase classname="tests.test_goldm_prod_sample_research.GoldMProductionSampleResearchTests" name="test_tick_touch_uses_bid_for_buy_and_preserves_order" time="0.005" /><testcase classname="tests.test_goldm_research_dataset.GoldMResearchDatasetTests" name="test_dataset_or_manifest_tampering_is_rejected" time="0.241" /><testcase classname="tests.test_goldm_research_dataset.GoldMResearchDatasetTests" name="test_empty_warmup_and_rows_outside_half_open_end_are_rejected" time="0.209" /><testcase classname="tests.test_goldm_research_dataset.GoldMResearchDatasetTests" name="test_failed_registration_leaves_no_partial_outputs" time="0.111" /><testcase classname="tests.test_goldm_research_dataset.GoldMResearchDatasetTests" name="test_legacy_manifest_is_read_only_and_rejected_for_production" time="0.162" /><testcase classname="tests.test_goldm_research_dataset.GoldMResearchDatasetTests" name="test_registered_csv_is_hash_and_range_bound" time="0.237" /><testcase classname="tests.test_goldm_research_dataset.GoldMResearchDatasetTests" name="test_registration_copies_exact_bytes_and_never_overwrites" time="0.237" /><testcase classname="tests.test_goldm_research_dataset.GoldMResearchDatasetTests" name="test_registration_script_has_no_mt5_or_network_reader" time="0.019" /><testcase classname="tests.test_goldm_research_dataset.GoldMResearchDatasetTests" name="test_sorted_rows_and_registered_bounds_are_verified_from_csv" time="0.274" /><testcase classname="tests.test_goldm_research_dataset.GoldMResearchDatasetTests" name="test_source_evidence_and_external_authority_are_hash_bound" time="0.122" /><testcase classname="tests.test_goldm_research_dataset.GoldMResearchDatasetTests" name="test_source_symbol_reuse_and_quarantine_overlap_fail_closed" time="0.171" /><testcase classname="tests.test_goldm_research_environment.GoldMResearchEnvironmentTests" name="test_acl_and_external_trust_anchor_changes_fail_closed" time="0.187" /><testcase classname="tests.test_goldm_research_environment.GoldMResearchEnvironmentTests" name="test_assembler_copies_only_three_signed_binaries_and_never_state" time="0.221" /><testcase classname="tests.test_goldm_research_environment.GoldMResearchEnvironmentTests" name="test_binary_or_manifest_tampering_fails_closed" time="0.225" /><testcase classname="tests.test_goldm_research_environment.GoldMResearchEnvironmentTests" name="test_cli_has_no_terminal_launch_capability" time="0.107" /><testcase classname="tests.test_goldm_research_environment.GoldMResearchEnvironmentTests" name="test_failed_private_acl_validation_removes_only_partial_staging_leaf" time="0.072" /><testcase classname="tests.test_goldm_research_environment.GoldMResearchEnvironmentTests" name="test_invalid_or_mixed_signatures_and_existing_destination_are_rejected" time="0.056" /><testcase classname="tests.test_goldm_research_environment.GoldMResearchEnvironmentTests" name="test_later_verification_is_bound_to_clone_not_mutable_source_install" time="0.164" /><testcase classname="tests.test_goldm_research_environment.GoldMResearchEnvironmentTests" name="test_pristine_verifier_rejects_any_undeclared_entry" time="0.181" /><testcase classname="tests.test_goldm_research_folds.GoldMResearchFoldTests" name="test_digest_tampering_is_rejected" time="0.014" /><testcase classname="tests.test_goldm_research_folds.GoldMResearchFoldTests" name="test_empty_outside_or_missing_fold_rows_fail_closed" time="0.008" /><testcase classname="tests.test_goldm_research_folds.GoldMResearchFoldTests" name="test_gap_overlap_and_empty_fold_are_rejected" time="0.025" /><testcase classname="tests.test_goldm_research_folds.GoldMResearchFoldTests" name="test_quarantine_fold_plan_is_rejected_by_policy" time="0.009" /><testcase classname="tests.test_goldm_research_folds.GoldMResearchFoldTests" name="test_registered_folds_partition_every_row_once" time="0.009" /><testcase classname="tests.test_goldm_research_import.GoldMResearchImportTests" name="test_dataset_integer_values_must_fit_mqltick" time="0.288" /><testcase classname="tests.test_goldm_research_import.GoldMResearchImportTests" name="test_prepare_rejects_account_state_broker_bases_and_replay" time="0.524" /><testcase classname="tests.test_goldm_research_import.GoldMResearchImportTests" name="test_prepare_rejects_legacy_dataset_without_source_lineage" time="0.123" /><testcase classname="tests.test_goldm_research_import.GoldMResearchImportTests" name="test_prepare_stages_exact_hashes_but_never_launches_terminal" time="0.290" /><testcase classname="tests.test_goldm_research_import.GoldMResearchImportTests" name="test_schema2_allow_rule_is_rejected" time="0.263" /><testcase classname="tests.test_goldm_research_import.GoldMResearchImportTests" name="test_schema2_exact_firewall_structure_is_required" time="0.377" /><testcase classname="tests.test_goldm_research_import.GoldMResearchImportTests" name="test_sealing_fails_for_running_terminal_or_false_raw_receipt" time="0.542" /><testcase classname="tests.test_goldm_research_import.GoldMResearchImportTests" name="test_spec_is_self_hashed_and_sessions_are_bounded" time="0.097" /><testcase classname="tests.test_goldm_research_import.GoldMResearchImportTests" name="test_static_importer_contract_rejects_online_and_quarantine" time="0.124" /><testcase classname="tests.test_goldm_research_import.GoldMResearchImportTests" name="test_success_receipt_binds_dataset_plan_terminal_and_cache" time="0.816" /><testcase classname="tests.test_goldm_research_metrics.GoldMResearchMetricsTests" name="test_broker_cost_is_converted_from_cash_to_initial_risk_r" time="0.003" /><testcase classname="tests.test_goldm_research_metrics.GoldMResearchMetricsTests" name="test_correlated_log_produces_pooled_and_side_metrics" time="0.007" /><testcase classname="tests.test_goldm_research_metrics.GoldMResearchMetricsTests" name="test_direction_and_performance_tampering_fail_closed" time="0.005" /><testcase classname="tests.test_goldm_research_metrics.GoldMResearchMetricsTests" name="test_event_order_and_duplicate_fields_fail_closed" time="0.005" /><testcase classname="tests.test_goldm_research_metrics.GoldMResearchMetricsTests" name="test_explicit_cost_stress_is_subtracted_once_per_trade" time="0.003" /><testcase classname="tests.test_goldm_research_metrics.GoldMResearchMetricsTests" name="test_missing_duplicate_and_orphan_lifecycle_events_are_rejected" time="0.005" /><testcase classname="tests.test_goldm_research_metrics.GoldMResearchMetricsTests" name="test_moving_block_bootstrap_is_deterministic_and_validated" time="0.012" /><testcase classname="tests.test_goldm_research_metrics.GoldMResearchMetricsTests" name="test_projected_r_accepts_only_the_ea_three_decimal_rounding_envelope" time="0.005" /><testcase classname="tests.test_goldm_research_metrics.GoldMResearchMetricsTests" name="test_selection_bias_diagnostics_are_deterministic_or_blocked" time="0.072" /><testcase classname="tests.test_goldm_research_metrics.GoldMResearchMetricsTests" name="test_stale_interleaved_run_is_rejected_not_filtered" time="0.003" /><testcase classname="tests.test_goldm_research_metrics.GoldMResearchMetricsTests" name="test_zero_trade_run_is_a_valid_explicit_result" time="0.003" /><testcase classname="tests.test_goldm_research_network.GoldMResearchNetworkTests" name="test_all_embedded_windows_security_scripts_parse_without_execution" time="5.145" /><testcase classname="tests.test_goldm_research_network.GoldMResearchNetworkTests" name="test_build_and_live_reverify_exact_firewall_evidence" time="0.151" /><testcase classname="tests.test_goldm_research_network.GoldMResearchNetworkTests" name="test_missing_or_non_block_rule_is_rejected_before_evidence_write" time="0.049" /><testcase classname="tests.test_goldm_research_network.GoldMResearchNetworkTests" name="test_network_cli_has_no_research_process_launch_or_uninstall_mode" time="0.060" /><testcase classname="tests.test_goldm_research_network.GoldMResearchNetworkTests" name="test_post_write_reprobe_failure_removes_only_generated_evidence" time="0.089" /><testcase classname="tests.test_goldm_research_network.GoldMResearchNetworkTests" name="test_program_or_active_rule_drift_fails_closed" time="0.144" /><testcase classname="tests.test_goldm_research_network.GoldMResearchNetworkTests" name="test_tamper_wrong_location_and_overwrite_are_rejected" time="0.178" /><testcase classname="tests.test_goldm_research_policy.GoldMResearchPolicyTests" name="test_authorized_boundaries_are_half_open" time="0.003" /><testcase classname="tests.test_goldm_research_policy.GoldMResearchPolicyTests" name="test_candle_miner_has_no_direct_broker_history_path" time="0.052" /><testcase classname="tests.test_goldm_research_policy.GoldMResearchPolicyTests" name="test_every_quarantine_overlap_shape_is_rejected" time="0.004" /><testcase classname="tests.test_goldm_research_policy.GoldMResearchPolicyTests" name="test_every_terminal_research_runner_guards_before_process_start" time="0.258" /><testcase classname="tests.test_goldm_research_policy.GoldMResearchPolicyTests" name="test_inclusive_mt5_api_endpoint_never_reaches_exclusive_boundary" time="0.003" /><testcase classname="tests.test_goldm_research_policy.GoldMResearchPolicyTests" name="test_invalid_ranges_dates_and_purposes_fail_closed" time="0.011" /><testcase classname="tests.test_goldm_research_policy.GoldMResearchPolicyTests" name="test_labeled_ranges_cannot_escape_their_authorized_periods" time="0.008" /><testcase classname="tests.test_goldm_research_policy.GoldMResearchPolicyTests" name="test_policy_is_single_source_for_python_and_powershell_guards" time="0.008" /><testcase classname="tests.test_goldm_research_policy.GoldMResearchPolicyTests" name="test_powershell_guard_rejects_diagnostic_bypass_and_bad_classification" time="2.848" /><testcase classname="tests.test_goldm_research_policy.GoldMResearchPolicyTests" name="test_powershell_guard_rejects_quarantine_from_shared_policy" time="0.981" /><testcase classname="tests.test_goldm_research_policy.GoldMResearchPolicyTests" name="test_purpose_and_statistical_classification_cannot_disagree" time="0.003" /><testcase classname="tests.test_goldm_research_policy.GoldMResearchPolicyTests" name="test_repository_contains_no_static_executable_mt5_tester_ini" time="0.006" /><testcase classname="tests.test_goldm_research_run.GoldMResearchRunTests" name="test_cli_defaults_to_read_only_preflight" time="0.747" /><testcase classname="tests.test_goldm_research_run.GoldMResearchRunTests" name="test_dataset_and_broker_cost_sources_are_rehashed_before_probe" time="0.687" /><testcase classname="tests.test_goldm_research_run.GoldMResearchRunTests" name="test_development_single_run_execution_is_rejected_before_any_write" time="0.582" /><testcase classname="tests.test_goldm_research_run.GoldMResearchRunTests" name="test_execution_requires_schema3_custom_symbol_import_receipt" time="0.895" /><testcase classname="tests.test_goldm_research_run.GoldMResearchRunTests" name="test_existing_log_is_verified_only_from_its_append_offset" time="2.710" /><testcase classname="tests.test_goldm_research_run.GoldMResearchRunTests" name="test_imported_custom_cache_tampering_is_rejected_before_launch" time="0.778" /><testcase classname="tests.test_goldm_research_run.GoldMResearchRunTests" name="test_json_spec_loader_is_strict_and_preserves_exact_paths" time="0.612" /><testcase classname="tests.test_goldm_research_run.GoldMResearchRunTests" name="test_json_spec_rejects_implicit_primitive_type_coercion" time="0.631" /><testcase classname="tests.test_goldm_research_run.GoldMResearchRunTests" name="test_json_spec_without_explicit_terminal_data_mode_is_rejected" time="0.731" /><testcase classname="tests.test_goldm_research_run.GoldMResearchRunTests" name="test_json_spec_without_statistical_classification_is_rejected" time="0.703" /><testcase classname="tests.test_goldm_research_run.GoldMResearchRunTests" name="test_live_network_gate_fails_before_write_or_launch" time="1.017" /><testcase classname="tests.test_goldm_research_run.GoldMResearchRunTests" name="test_log_replacement_during_run_is_rejected" time="2.571" /><testcase classname="tests.test_goldm_research_run.GoldMResearchRunTests" name="test_mismatched_log_run_id_is_rejected" time="2.007" /><testcase classname="tests.test_goldm_research_run.GoldMResearchRunTests" name="test_missing_log_run_id_is_rejected" time="2.157" /><testcase classname="tests.test_goldm_research_run.GoldMResearchRunTests" name="test_missing_report_fails_and_records_failed_manifest" time="2.077" /><testcase classname="tests.test_goldm_research_run.GoldMResearchRunTests" name="test_online_history_mode_is_rejected_before_probe" time="0.576" /><testcase classname="tests.test_goldm_research_run.GoldMResearchRunTests" name="test_portable_clone_with_account_database_is_rejected_before_probe" time="0.711" /><testcase classname="tests.test_goldm_research_run.GoldMResearchRunTests" name="test_portable_probe_requires_install_directory_without_origin_file" time="0.624" /><testcase classname="tests.test_goldm_research_run.GoldMResearchRunTests" name="test_portable_spec_fails_closed_when_data_path_is_not_install_path" time="0.734" /><testcase classname="tests.test_goldm_research_run.GoldMResearchRunTests" name="test_preexisting_metrics_artifact_is_rejected_before_launch" time="1.385" /><testcase classname="tests.test_goldm_research_run.GoldMResearchRunTests" name="test_preexisting_report_is_rejected_as_stale_before_launch" time="1.754" /><testcase classname="tests.test_goldm_research_run.GoldMResearchRunTests" name="test_preflight_is_read_only_and_does_not_launch" time="1.303" /><testcase classname="tests.test_goldm_research_run.GoldMResearchRunTests" name="test_quarantine_range_is_rejected_before_probe_or_writes" time="0.690" /><testcase classname="tests.test_goldm_research_run.GoldMResearchRunTests" name="test_relative_or_noncanonical_terminal_path_is_rejected" time="0.673" /><testcase classname="tests.test_goldm_research_run.GoldMResearchRunTests" name="test_report_broker_or_requested_range_mismatch_fails_closed" time="4.131" /><testcase classname="tests.test_goldm_research_run.GoldMResearchRunTests" name="test_report_path_cannot_escape_terminal_installation_or_hide_extension" time="0.717" /><testcase classname="tests.test_goldm_research_run.GoldMResearchRunTests" name="test_report_without_expected_run_id_is_rejected" time="2.211" /><testcase classname="tests.test_goldm_research_run.GoldMResearchRunTests" name="test_run_id_contract_rejects_short_long_whitespace_and_equals" time="0.621" /><testcase classname="tests.test_goldm_research_run.GoldMResearchRunTests" name="test_runner_rejects_legacy_dataset_without_source_lineage" time="0.737" /><testcase classname="tests.test_goldm_research_run.GoldMResearchRunTests" name="test_running_or_unknown_terminal_is_never_closed_or_launched" time="1.864" /><testcase classname="tests.test_goldm_research_run.GoldMResearchRunTests" name="test_set_must_explicitly_cover_every_hashed_ea_input" time="0.996" /><testcase classname="tests.test_goldm_research_run.GoldMResearchRunTests" name="test_set_profile_mismatch_or_nonempty_run_id_is_rejected" time="2.272" /><testcase classname="tests.test_goldm_research_run.GoldMResearchRunTests" name="test_set_rejects_duplicate_unknown_and_optimization_values" time="1.637" /><testcase classname="tests.test_goldm_research_run.GoldMResearchRunTests" name="test_source_mutation_without_matching_compile_provenance_is_rejected" time="0.764" /><testcase classname="tests.test_goldm_research_run.GoldMResearchRunTests" name="test_staged_input_mutation_during_launch_is_rejected" time="2.534" /><testcase classname="tests.test_goldm_research_run.GoldMResearchRunTests" name="test_stale_report_mtime_is_rejected" time="2.264" /><testcase classname="tests.test_goldm_research_run.GoldMResearchRunTests" name="test_statistical_classification_must_match_declared_purpose" time="0.625" /><testcase classname="tests.test_goldm_research_run.GoldMResearchRunTests" name="test_terminal_build_or_exact_path_mismatch_is_rejected" time="2.151" /><testcase classname="tests.test_goldm_research_run.GoldMResearchRunTests" name="test_truncated_signal_lifecycle_cannot_be_verified" time="2.485" /><testcase classname="tests.test_goldm_research_run.GoldMResearchRunTests" name="test_utf16_mt5_report_and_log_are_correlated" time="2.361" /><testcase classname="tests.test_goldm_research_run.GoldMResearchRunTests" name="test_verified_run_manifest_is_fully_correlated_and_hashed" time="2.801" /><testcase classname="tests.test_goldm_research_run.GoldMResearchRunTests" name="test_windows_launcher_starts_once_waits_and_never_kills" time="0.544" /><testcase classname="tests.test_goldm_research_run.GoldMResearchRunTests" name="test_windows_launcher_timeout_leaves_process_untouched" time="0.595" /><testcase classname="tests.test_goldm_research_run.GoldMResearchRunTests" name="test_windows_probe_binds_exact_process_data_path_and_build" time="0.749" /><testcase classname="tests.test_goldm_research_run.GoldMResearchRunTests" name="test_windows_probe_rejects_scoped_metatester_collision" time="0.599" /><testcase classname="tests.test_goldm_research_stage_a.GoldMResearchStageATests" name="test_exact_three_by_six_matrix_is_required" time="2.365" /><testcase classname="tests.test_goldm_research_stage_a.GoldMResearchStageATests" name="test_full_evidence_passes_aggregate_gates_and_bound_a0_parity" time="65.115" /><testcase classname="tests.test_goldm_research_stage_a.GoldMResearchStageATests" name="test_gate_is_blocked_when_runs_or_baseline_evidence_are_missing" time="2.369" /><testcase classname="tests.test_goldm_research_stage_a.GoldMResearchStageATests" name="test_gate_rejects_manifest_without_protocol_provenance" time="63.889" /><testcase classname="tests.test_goldm_research_stage_a.GoldMResearchStageATests" name="test_orchestrator_uses_fake_runner_sequentially_and_records_completion" time="69.952" /><testcase classname="tests.test_goldm_research_stage_a.GoldMResearchStageATests" name="test_plan_loader_rejects_digest_tampering" time="2.470" /><testcase classname="tests.test_goldm_research_stage_a.GoldMResearchStageATests" name="test_portable_execution_lease_is_exclusive_and_path_bound" time="0.978" /><testcase classname="tests.test_goldm_research_stage_a.GoldMResearchStageATests" name="test_registry_final_transitions_are_strict_and_truthful" time="9.332" /><testcase classname="tests.test_goldm_research_stage_a.GoldMResearchStageATests" name="test_registry_is_append_only_hash_chained_and_forbids_run_id_reuse" time="3.839" /><testcase classname="tests.test_goldm_research_stage_a.GoldMResearchStageATests" name="test_registry_lock_serializes_concurrent_matrix_planning" time="3.158" /><testcase classname="tests.test_goldm_research_stage_a.GoldMResearchStageATests" name="test_registry_recovery_requires_stopped_exact_process_evidence" time="10.049" /><testcase classname="tests.test_goldm_research_stage_a.GoldMResearchStageATests" name="test_stage_a_requires_portable_mode_and_exact_direction" time="1.297" /><testcase classname="tests.test_goldm_revised" name="test_broker_wall_clock_epoch_is_not_offset_twice" time="0.002" /><testcase classname="tests.test_goldm_revised" name="test_august_five_evidence_contract_and_matching" time="0.008" /><testcase classname="tests.test_goldm_revised" name="test_five_evidence_summary_reports_all_signals" time="0.002" /><testcase classname="tests.test_goldm_revised.GoldMRevisedEngineTests" name="test_buy_range_requires_repeated_rejections_and_enters" time="0.008" /><testcase classname="tests.test_goldm_revised.GoldMRevisedEngineTests" name="test_core_buy_target_is_lowered_further_before_obstacle" time="0.005" /><testcase classname="tests.test_goldm_revised.GoldMRevisedEngineTests" name="test_entry_inside_active_supply_has_zero_room" time="0.005" /><testcase classname="tests.test_goldm_revised.GoldMRevisedEngineTests" name="test_exhaustion_forces_range_mode" time="0.003" /><testcase classname="tests.test_goldm_revised.GoldMRevisedEngineTests" name="test_fibonacci_retests_are_counted_after_leaving_zone" time="0.002" /><testcase classname="tests.test_goldm_revised.GoldMRevisedEngineTests" name="test_first_obstacle_below_one_r_remains_watch_until_hard_invalidation" time="0.005" /><testcase classname="tests.test_goldm_revised.GoldMRevisedEngineTests" name="test_latched_strong_confirmation_can_enter_on_later_retest" time="0.005" /><testcase classname="tests.test_goldm_revised.GoldMRevisedEngineTests" name="test_latest_closed_bar_is_the_only_bar_read" time="0.010" /><testcase classname="tests.test_goldm_revised.GoldMRevisedEngineTests" name="test_m1_structure_can_make_early_buy_valid_without_relaxing_one_r_gate" time="0.004" /><testcase classname="tests.test_goldm_revised.GoldMRevisedEngineTests" name="test_m5_setup_persists_across_m1_bars_and_can_be_consumed" time="0.006" /><testcase classname="tests.test_goldm_revised.GoldMRevisedEng
[...]
"namespace eval ::tk {
	SourceLibFile icons
	SourceLibFile button
	SourceLibFile entry
	SourceLibFile listbox
	SourceLibFile menu
	SourceLibFile panedw..."
    (file "C:/Users/badaruddinl/AppData/Local/Programs/Python/Python312/tcl/tk8.6/tk.tcl" line 506)
    invoked from within
"source -encoding utf-8 C:/Users/badaruddinl/AppData/Local/Programs/Python/Python312/tcl/tk8.6/tk.tcl"
    ("uplevel" body line 1)
    invoked from within
"uplevel #0 [list source -encoding utf-8 $file]"


This probably means that tk wasn't installed properly.</skipped></testcase><testcase classname="tests.test_gui_app.GuiAppTests" name="test_toggle_live_rejects_when_mt5_terminal_blocks_trading" time="0.344" /><testcase classname="tests.test_mock_mt5_adapter.MockMT5AdapterTests" name="test_load_symbol_capabilities" time="0.003" /><testcase classname="tests.test_mock_mt5_adapter.MockMT5AdapterTests" name="test_mock_adapter_falls_back_to_ticket_as_stable_identifier" time="0.002" /><testcase classname="tests.test_mock_mt5_adapter.MockMT5AdapterTests" name="test_mock_adapter_load_price_tick" time="0.004" /><testcase classname="tests.test_mock_mt5_adapter.MockMT5AdapterTests" name="test_mock_adapter_modifies_protection_and_preserves_omitted_tp" time="0.004" /><testcase classname="tests.test_mock_mt5_adapter.MockMT5AdapterTests" name="test_mock_adapter_send_order_returns_fill" time="0.010" /><testcase classname="tests.test_mock_mt5_adapter.MockMT5AdapterTests" name="test_validate_order_accepts_valid_request" time="0.008" /><testcase classname="tests.test_mock_mt5_adapter.MockMT5AdapterTests" name="test_validate_order_rejects_stop_level_violation" time="0.003" /><testcase classname="tests.test_mock_mt5_adapter.LiveMT5AdapterTests" name="test_live_adapter_accepts_exact_account_and_terminal_binding" time="0.011" /><testcase classname="tests.test_mock_mt5_adapter.LiveMT5AdapterTests" name="test_live_adapter_can_require_mutation_binding" time="0.004" /><testcase classname="tests.test_mock_mt5_adapter.LiveMT5AdapterTests" name="test_live_adapter_exposes_netting_margin_mode_without_guessing" time="0.002" /><testcase classname="tests.test_mock_mt5_adapter.LiveMT5AdapterTests" name="test_live_adapter_idempotent_protection_does_not_send_order" time="0.002" /><testcase classname="tests.test_mock_mt5_adapter.LiveMT5AdapterTests" name="test_live_adapter_maps_positions_and_deals_for_lifecycle_reconciliation" time="0.005" /><testcase classname="tests.test_mock_mt5_adapter.LiveMT5AdapterTests" name="test_live_adapter_modifies_sltp_without_volume_and_preserves_tp" time="0.003" /><testcase classname="tests.test_mock_mt5_adapter.LiveMT5AdapterTests" name="test_live_adapter_reinitializes_after_no_ipc_on_account_info" time="0.002" /><testcase classname="tests.test_mock_mt5_adapter.LiveMT5AdapterTests" name="test_live_adapter_reinitializes_after_no_ipc_on_tick" time="0.001" /><testcase classname="tests.test_mock_mt5_adapter.LiveMT5AdapterTests" name="test_live_adapter_rejects_done_when_postcondition_is_not_met" time="0.007" /><testcase classname="tests.test_mock_mt5_adapter.LiveMT5AdapterTests" name="test_live_adapter_rejects_non_done_retcode_even_if_postcondition_is_met" time="0.004" /><testcase classname="tests.test_mock_mt5_adapter.LiveMT5AdapterTests" name="test_live_adapter_resolves_current_ticket_from_stable_identifier" time="0.004" /><testcase classname="tests.test_mock_mt5_adapter.LiveMT5AdapterTests" name="test_live_adapter_send_order_returns_broker_result" time="0.005" /><testcase classname="tests.test_mock_mt5_adapter.LiveMT5AdapterTests" name="test_live_adapter_uses_account_trade_mode_for_demo_fingerprint" time="0.002" /><testcase classname="tests.test_mock_mt5_adapter.LiveMT5AdapterTests" name="test_live_adapter_uses_account_trade_mode_for_real_fingerprint" time="0.002" /><testcase classname="tests.test_mock_mt5_adapter.LiveMT5AdapterTests" name="test_live_adapter_uses_symbol_select_and_order_check" time="0.003" /><testcase classname="tests.test_mock_mt5_adapter.LiveMT5AdapterTests" name="test_live_order_rechecks_account_binding_immediately_before_send" time="0.002" /><testcase classname="tests.test_mock_mt5_adapter.LiveMT5AdapterTests" name="test_live_order_rejects_netting_account_before_send" time="0.006" /><testcase classname="tests.test_mock_mt5_adapter.LiveMT5AdapterTests" name="test_live_order_send_does_not_retry_ambiguous_ipc_result" time="0.006" /><testcase classname="tests.test_mock_mt5_adapter.LiveMT5AdapterTests" name="test_live_protection_rechecks_terminal_binding_before_send" time="0.005" /><testcase classname="tests.test_mock_mt5_adapter.LiveMT5AdapterTests" name="test_live_sltp_does_not_retry_ambiguous_ipc_result" time="0.003" /><testcase classname="tests.test_mock_mt5_adapter.LiveMT5AdapterTests" name="test_live_sltp_exposes_reconciled_state_after_lost_response" time="0.003" /><testcase classname="tests.test_mock_mt5_adapter.LiveMT5AdapterTests" name="test_mt5_snapshot_provider_builds_runtime_snapshot" time="0.003" /><testcase classname="tests.test_mt5_execution_runtime.MT5ExecutionRuntimeTests" name="test_add_position_dry_run_is_supported" time="0.002" /><testcase classname="tests.test_mt5_execution_runtime.MT5ExecutionRuntimeTests" name="test_cancel_pending_dry_run_is_supported" time="0.002" /><testcase classname="tests.test_mt5_execution_runtime.MT5ExecutionRuntimeTests" name="test_close_position_dry_run_is_supported" time="0.005" /><testcase classname="tests.test_mt5_execution_runtime.MT5ExecutionRuntimeTests" name="test_close_position_live_result_preserves_position_ticket" time="0.002" /><testcase classname="tests.test_mt5_execution_runtime.MT5ExecutionRuntimeTests" name="test_execute_defaults_to_dry_run" time="0.003" /><testcase classname="tests.test_mt5_execution_runtime.MT5ExecutionRuntimeTests" name="test_execute_live_does_not_map_placed_order_to_filled" time="0.004" /><testcase classname="tests.test_mt5_execution_runtime.MT5ExecutionRuntimeTests" name="test_execute_live_preserves_unknown_broker_outcome_for_reconciliation" time="0.011" /><testcase classname="tests.test_mt5_execution_runtime.MT5ExecutionRuntimeTests" name="test_execute_live_refreshes_price_before_revalidation_and_send" time="0.004" /><testcase classname="tests.test_mt5_execution_runtime.MT5ExecutionRuntimeTests" name="test_execute_live_submits" time="0.003" /><testcase classname="tests.test_mt5_execution_runtime.MT5ExecutionRuntimeTests" name="test_preflight_works" time="0.005" /><testcase classname="tests.test_mt5_execution_runtime.MT5ExecutionRuntimeTests" name="test_reduce_position_dry_run_is_supported" time="0.007" /><testcase classname="tests.test_mt5_snapshots.MT5SnapshotTests" name="test_build_account_snapshot_from_mapping" time="0.001" /><testcase classname="tests.test_mt5_snapshots.MT5SnapshotTests" name="test_build_symbol_snapshot_infers_class" time="0.005" /><testcase classname="tests.test_operator_state" name="test_runtime_state_round_trip_and_update" time="0.106" /><testcase classname="tests.test_operator_state" name="test_last_session_round_trip_and_update" time="0.424" /><testcase classname="tests.test_operator_state" name="test_list_account_contexts_reports_mapped_existing_and_new_candidates" time="0.750" /><testcase classname="tests.test_operator_state" name="test_build_resume_state_can_select_existing_context" time="0.570" /><testcase classname="tests.test_operator_state" name="test_build_resume_state_uses_existing_base_context_when_mapping_missing" time="0.243" /><testcase classname="tests.test_operator_state" name="test_create_new_context_preserves_existing_resume_prompt_and_session" time="0.569" /><testcase classname="tests.test_operator_state" name="test_rebinding_existing_context_does_not_overwrite_resume_prompt" time="0.347" /><testcase classname="tests.test_operator_state" name="test_build_resume_state_replaces_stale_runtime_state_with_existing_context" time="0.342" /><testcase classname="tests.test_operator_state" name="test_managed_resume_prompt_includes_account_notes" time="0.401" /><testcase classname="tests.test_polling_runtime.PollingRuntimeTests" name="test_add_cycle_records_added_position_event" time="0.249" /><testcase classname="tests.test_polling_runtime.PollingRuntimeTests" name="test_cancel_pending_cycle_records_execution_without_position_event" time="0.240" /><testcase classname="tests.test_polling_runtime.PollingRuntimeTests" name="test_cancel_pending_reject_returns_rejection_action" time="0.236" /><testcase classname="tests.test_polling_runtime.PollingRuntimeTests" name="test_close_cycle_records_closed_position_event" time="0.220" /><testcase classname="tests.test_polling_runtime.PollingRuntimeTests" name="test_close_cycle_uses_request_position_ticket_when_execution_result_omits_it" time="0.261" /><testcase classname="tests.test_polling_runtime.PollingRuntimeTests" name="test_execution_guard_rejection_is_recorded" time="0.229" /><testcase classname="tests.test_polling_runtime.PollingRuntimeTests" name="test_execution_runtime_failure_is_recorded" time="0.244" /><testcase classname="tests.test_polling_runtime.PollingRuntimeTests" name="test_reduce_cycle_records_reduced_position_event" time="0.233" /><testcase classname="tests.test_polling_runtime.PollingRuntimeTests" name="test_run_cycle_records_trade_flow" time="0.224" /><testcase classname="tests.test_qt_app.QtAppTests" name="test_account_change_falls_back_to_resume_state_when_context_listing_fails" time="1.936" /><testcase classname="tests.test_qt_app.QtAppTests" name="test_account_change_falls_back_to_resume_state_when_no_contexts_exist" time="0.645" /><testcase classname="tests.test_qt_app.QtAppTests" name="test_account_change_keeps_review_open_when_create_context_fails" time="0.513" /><testcase classname="tests.test_qt_app.QtAppTests" name="test_account_change_keeps_review_open_when_select_context_fails" time="0.523" /><testcase classname="tests.test_qt_app.QtAppTests" name="test_account_change_opens_review_flow" time="0.613" /><testcase classname="tests.test_qt_app.QtAppTests" name="test_account_change_while_runtime_active_restarts_gate_after_new_context" time="0.543" /><testcase classname="tests.test_qt_app.QtAppTests" name="test_dev_mode_bypasses_operator_dependencies" time="0.555" /><testcase classname="tests.test_qt_app.QtAppTests" name="test_invalid_ai_workspace_error_is_human_readable" time="0.480" /><testcase classname="tests.test_qt_app.QtAppTests" name="test_mt5_disconnect_shows_reconnect_overlay_and_safe_halt" time="0.550" /><testcase classname="tests.test_qt_app.QtAppTests" name="test_qt_accessibility_defaults_expose_names_and_tab_flow" time="0.912" /><testcase classname="tests.test_qt_app.QtAppTests" name="test_qt_backend_can_run_app_managed_service_without_external_shell" time="0.451" /><testcase classname="tests.test_qt_app.QtAppTests" name="test_qt_primary_actions_use_websocket_backend" time="0.452" /><testcase classname="tests.test_qt_app.QtAppTests" name="test_qt_realtime_field_changes_trigger_debounced_preview" time="0.772" /><testcase classname="tests.test_qt_app.QtAppTests" name="test_qt_status_chip_tones_follow_internal_state_not_label_text" time="0.609" /><testcase classname="tests.test_qt_app.QtAppTests" name="test_qt_window_constructs" time="0.506" /><testcase classname="tests.test_qt_app.QtAppTests" name="test_qt_workspace_layout_handles_wider_resize_without_collapsing_panels" time="0.863" /><testcase classname="tests.test_qt_app.QtAppTests" name="test_startup_gate_labels_do_not_visually_collapse_after_large_resize" time="1.085" /><testcase classname="tests.test_qt_app.QtAppTests" name="test_startup_gate_labels_remain_visible_after_maximize" time="0.473" /><testcase classname="tests.test_qt_app.QtAppTests" name="test_startup_gate_status_chips_remain_visible_after_fullscreen_resize_transitions" time="1.332" /><testcase classname="tests.test_qt_app.QtAppTests" name="test_startup_gate_stays_locked_when_codex_probe_fails" time="0.688" /><testcase classname="tests.test_qt_app.QtAppTests" name="test_startup_gate_stays_locked_when_mt5_probe_fails" time="0.638" /><testcase classname="tests.test_qt_app.QtAppTests" name="test_startup_gate_stays_locked_when_service_fails" time="0.602" /><testcase classname="tests.test_qt_app.QtAppTests" name="test_startup_gate_unlocks_workspace_after_successful_probes" time="0.641" /><testcase classname="tests.test_quality_gate" name="test_quality_python_files_selects_only_existing_python_under_quality_roots" time="0.168" /><testcase classname="tests.test_quality_gate" name="test_quality_python_files_is_deterministic_and_deduplicated" time="0.060" /><testcase classname="tests.test_quality_gate" name="test_parser_requires_base_and_defaults_head" time="0.101" /><testcase classname="tests.test_quality_gate" name="test_git_uses_repository_local_safe_directory" time="0.023" /><testcase classname="tests.test_quality_gate" name="test_core_coverage_uses_isolated_pytest_temp" time="0.195" /><testcase classname="tests.test_risk_engine.RiskEngineTests" name="test_daily_loss_exhaustion_blocks_trade" time="0.004" /><testcase classname="tests.test_risk_engine.RiskEngineTests" name="test_percent_allocation_changes_capital_base" time="0.002" /><testcase classname="tests.test_risk_engine.RiskEngineTests" name="test_practical_risk_pressure_can_reject_index_intraday" time="0.006" /><testcase classname="tests.test_risk_engine.RiskEngineTests" name="test_price_aware_hard_floor_rejects_underfunded_xauusd" time="0.002" /><testcase classname="tests.test_risk_engine.RiskEngineTests" name="test_stop_level_rejection" time="0.005" /><testcase classname="tests.test_risk_engine.RiskEngineTests" name="test_strict_mode_reduces_risk_budget" time="0.003" /><testcase classname="tests.test_risk_engine.RiskEngineTests" name="test_tiny_fixed_allocation_is_rejected_by_hard_floor" time="0.002" /><testcase classname="tests.test_risk_engine.RiskEngineTests" name="test_volume_rounds_down_to_step" time="0.005" /><testcase classname="tests.test_risk_engine.RiskEngineTests" name="test_warning_contains_recommended_minimum_for_symbol_and_style" time="0.004" /><testcase classname="tests.test_runtime_store.RuntimeStoreTests" name="test_fetch_trade_lifecycle_rows_reconstructs_trade_summaries_and_ledger" time="0.381" /><testcase classname="tests.test_runtime_store.RuntimeStoreTests" name="test_runtime_store_initializes_and_records_rows" time="0.242" /><testcase classname="tests.test_runtime_store.RuntimeStoreTests" name="test_trade_lifecycle_keeps_earliest_opened_at_and_accumulates_split_fees" time="0.228" /><testcase classname="tests.test_session_breakout.SessionBreakoutTests" name="test_detects_buy_breakout" time="0.001" /><testcase classname="tests.test_session_breakout.SessionBreakoutTests" name="test_stands_down_during_news" time="0.001" /><testcase classname="tests.test_stop_policy.StopPolicyTests" name="test_consecutive_losses_halt_runtime" time="0.001" /><testcase classname="tests.test_stop_policy.StopPolicyTests" name="test_profit_target_halts_runtime" time="0.002" /><testcase classname="tests.test_validation.ValidationTests" name="test_build_runtime_validation_report_uses_terminal_attempts_and_bridge_warnings" time="0.002" /><testcase classname="tests.test_validation.ValidationTests" name="test_build_trade_records_from_runtime_merges_ledger_and_fill_telemetry" time="0.002" /><testcase classname="tests.test_validation.ValidationTests" name="test_cost_realism_warning" time="0.001" /><testcase classname="tests.test_validation.ValidationTests" name="test_execution_quality_summary" time="0.002" /><testcase classname="tests.test_validation.ValidationTests" name="test_execution_quality_summary_excludes_missing_runtime_telemetry_from_averages" time="0.002" /><testcase classname="tests.test_validation.ValidationTests" name="test_promotion_audit_markdown_includes_thresholds_and_artifacts" time="0.004" /><testcase classname="tests.test_validation.ValidationTests" name="test_promotion_gate_rejects_weak_challenger" time="0.003" /><testcase classname="tests.test_validation.ValidationTests" name="test_summary_metrics" time="0.002" /><testcase classname="tests.test_websocket_service.WebSocketServiceTests" name="test_execute_manual_uses_latest_tick_for_live_send_price" time="0.016" /><testcase classname="tests.test_websocket_service.WebSocketServiceTests" name="test_existing_dir_returns_none_when_path_probe_raises_oserror" time="0.002" /><testcase classname="tests.test_websocket_service.WebSocketServiceTests" name="test_list_account_contexts_command_lists_existing_variants" time="0.312" /><testcase classname="tests.test_websocket_service.WebSocketServiceTests" name="test_list_account_contexts_ignores_same_prefix_context_with_foreign_fingerprint" time="0.229" /><testcase classname="tests.test_websocket_service.WebSocketServiceTests" name="test_list_account_contexts_reports_mapped_and_active_context_independently" time="0.287" /><testcase classname="tests.test_websocket_service.WebSocketServiceTests" name="test_load_runtime_state_command_keeps_stale_missing_context_path_binding" time="0.050" /><testcase classname="tests.test_websocket_service.WebSocketServiceTests" name="test_load_runtime_state_command_recovers_binding_from_context_key_only" time="0.180" /><testcase classname="tests.test_websocket_service.WebSocketServiceTests" name="test_load_runtime_state_command_recovers_binding_from_context_path_only" time="0.185" /><testcase classname="tests.test_websocket_service.WebSocketServiceTests" name="test_load_runtime_state_command_returns_binding_for_active_context" time="0.144" /><testcase classname="tests.test_websocket_service.WebSocketServiceTests" name="test_load_runtime_state_command_returns_empty_before_context_is_built" time="0.013" /><testcase classname="tests.test_websocket_service.WebSocketServiceTests" name="test_load_runtime_state_command_returns_runtime_binding_for_selected_context" time="0.165" /><testcase classname="tests.test_websocket_service.WebSocketServiceTests" name="test_load_runtime_state_command_uses_persisted_context_without_params" time="0.151" /><testcase classname="tests.test_websocket_service.WebSocketServiceTests" name="test_manual_mt5_commands_rejected_while_runtime_running" time="0.007" /><testcase classname="tests.test_websocket_service.WebSocketServiceTests" name="test_preflight_manual_uses_latest_tick_for_request_price" time="0.012" /><testcase classname="tests.test_websocket_service.WebSocketServiceTests" name="test_probe_ai_runtime_ignores_invalid_workspace_lookup_for_cwd" time="0.015" /><testcase classname="tests.test_websocket_service.WebSocketServiceTests" name="test_refresh_manual_command_returns_latest_tick_snapshot" time="0.012" /><testcase classname="tests.test_websocket_service.WebSocketServiceTests" name="test_select_account_context_command_can_create_new_variant" time="0.227" /><testcase classname="tests.test_websocket_service.WebSocketServiceTests" name="test_select_account_context_command_rejects_context_for_other_account" time="0.112" /><testcase classname="tests.test_websocket_service.WebSocketServiceTests" name="test_select_account_context_command_rejects_invalid_context_key" time="0.155" /><testcase classname="tests.test_websocket_service.WebSocketServiceTests" name="test_select_account_context_command_rejects_invalid_context_key_path" time="0.111" /><testcase classname="tests.test_websocket_service.WebSocketServiceTests" name="test_select_account_context_command_rejects_same_prefix_context_with_foreign_fingerprint" time="0.187" /><testcase classname="tests.test_websocket_service.WebSocketServiceTests" name="test_select_account_context_command_updates_mapping_and_runtime_state" time="0.426" /><testcase classname="tests.test_websocket_service.WebSocketServiceTests" name="test_start_runtime_command_builds_runtime_config" time="0.202" /><testcase classname="tests.test_websocket_service.WebSocketServiceTests" name="test_start_runtime_command_forwards_account_scoped_continuity_inputs" time="0.189" /></testsuite></testsuites>