<?xml version="1.0" encoding="utf-8"?><testsuites name="pytest tests"><testsuite name="pytest" errors="0" failures="0" skipped="0" tests="9" time="1.181" timestamp="2026-08-21T05:51:45.993660+07:00" hostname="DESKTOP-SMT00UA"><testcase classname="tests.gold_engine_core.test_mql5_build" name="test_g11_compile_artifacts_are_profile_distinct_and_warning_clean" time="0.234" /><testcase classname="tests.gold_engine_core.test_mql5_build" name="test_g11_compile_verifier_rejects_warning_missing_and_duplicate_binary" time="0.299" /><testcase classname="tests.mql5.test_g11_runtime_skeleton" name="test_profile_entrypoint_is_thin_strict_and_single_macro[GOLDI-BUILD_PROFILE_GOLDI-GoldEngine-GOLDi.mq5]" time="0.013" /><testcase classname="tests.mql5.test_g11_runtime_skeleton" name="test_profile_entrypoint_is_thin_strict_and_single_macro[GOLDM-BUILD_PROFILE_GOLDM-GoldEngine-GOLDm.mq5]" time="0.006" /><testcase classname="tests.mql5.test_g11_runtime_skeleton" name="test_embedded_profiles_match_canonical_manifests" time="0.007" /><testcase classname="tests.mql5.test_g11_runtime_skeleton" name="test_runtime_declares_all_required_g11_contract_types" time="0.002" /><testcase classname="tests.mql5.test_g11_runtime_skeleton" name="test_scheduler_is_bounded_ordered_and_idempotent_by_forming_bar" time="0.008" /><testcase classname="tests.mql5.test_g11_runtime_skeleton" name="test_warmup_is_bounded_non_dispatching_and_fail_closed_on_gap" time="0.002" /><testcase classname="tests.mql5.test_g11_runtime_skeleton" name="test_g11_has_no_order_network_database_or_unbounded_tick_path" time="0.004" /></testsuite></testsuites>